{"C:\\Users\\marti\\Desktop\\DESARROLLOSW\\CALL-AUTOMATION-PROYECT\\frontend-call-automation\\src\\app\\layout.tsx": {"path":"C:\\Users\\marti\\Desktop\\DESARROLLOSW\\CALL-AUTOMATION-PROYECT\\frontend-call-automation\\src\\app\\layout.tsx","statementMap":{"0":{"start":{"line":9,"column":13},"end":{"line":9,"column":21}},"1":{"start":{"line":15,"column":24},"end":{"line":15,"column":35}},"2":{"start":{"line":1,"column":30},"end":{"line":1,"column":null}},"3":{"start":{"line":2,"column":29},"end":{"line":2,"column":null}},"4":{"start":{"line":3,"column":26},"end":{"line":3,"column":null}},"5":{"start":{"line":4,"column":22},"end":{"line":4,"column":null}},"6":{"start":{"line":5,"column":7},"end":{"line":5,"column":null}},"7":{"start":{"line":7,"column":14},"end":{"line":7,"column":null}},"8":{"start":{"line":9,"column":24},"end":{"line":13,"column":null}}},"fnMap":{"0":{"name":"RootLayout","decl":{"start":{"line":15,"column":24},"end":{"line":15,"column":35}},"loc":{"start":{"line":19,"column":1},"end":{"line":30,"column":1}}}},"branchMap":{},"s":{"0":0,"1":0,"2":0,"3":0,"4":0,"5":0,"6":0,"7":0,"8":0},"f":{"0":0},"b":{}}
,"C:\\Users\\marti\\Desktop\\DESARROLLOSW\\CALL-AUTOMATION-PROYECT\\frontend-call-automation\\src\\app\\page.tsx": {"path":"C:\\Users\\marti\\Desktop\\DESARROLLOSW\\CALL-AUTOMATION-PROYECT\\frontend-call-automation\\src\\app\\page.tsx","statementMap":{"0":{"start":{"line":6,"column":24},"end":{"line":6,"column":null}},"1":{"start":{"line":3,"column":19},"end":{"line":3,"column":null}},"2":{"start":{"line":4,"column":33},"end":{"line":4,"column":null}}},"fnMap":{"0":{"name":"Home","decl":{"start":{"line":6,"column":24},"end":{"line":6,"column":null}},"loc":{"start":{"line":6,"column":24},"end":{"line":12,"column":null}}}},"branchMap":{},"s":{"0":0,"1":0,"2":0},"f":{"0":0},"b":{}}
,"C:\\Users\\marti\\Desktop\\DESARROLLOSW\\CALL-AUTOMATION-PROYECT\\frontend-call-automation\\src\\app\\calls\\page.tsx": {"path":"C:\\Users\\marti\\Desktop\\DESARROLLOSW\\CALL-AUTOMATION-PROYECT\\frontend-call-automation\\src\\app\\calls\\page.tsx","statementMap":{"0":{"start":{"line":3,"column":13},"end":{"line":3,"column":21}},"1":{"start":{"line":8,"column":24},"end":{"line":8,"column":null}},"2":{"start":{"line":1,"column":26},"end":{"line":1,"column":null}},"3":{"start":{"line":3,"column":24},"end":{"line":6,"column":null}},"4":{"start":{"line":9,"column":2},"end":{"line":9,"column":null}}},"fnMap":{"0":{"name":"CallsPage","decl":{"start":{"line":8,"column":24},"end":{"line":8,"column":null}},"loc":{"start":{"line":8,"column":24},"end":{"line":10,"column":1}}}},"branchMap":{},"s":{"0":0,"1":0,"2":0,"3":0,"4":0},"f":{"0":0},"b":{}}
,"C:\\Users\\marti\\Desktop\\DESARROLLOSW\\CALL-AUTOMATION-PROYECT\\frontend-call-automation\\src\\app\\campaigns\\layout.tsx": {"path":"C:\\Users\\marti\\Desktop\\DESARROLLOSW\\CALL-AUTOMATION-PROYECT\\frontend-call-automation\\src\\app\\campaigns\\layout.tsx","statementMap":{"0":{"start":{"line":3,"column":24},"end":{"line":3,"column":40}},"1":{"start":{"line":1,"column":19},"end":{"line":1,"column":null}}},"fnMap":{"0":{"name":"CampaignsLayout","decl":{"start":{"line":3,"column":24},"end":{"line":3,"column":40}},"loc":{"start":{"line":7,"column":1},"end":{"line":9,"column":null}}}},"branchMap":{},"s":{"0":0,"1":0},"f":{"0":0},"b":{}}
,"C:\\Users\\marti\\Desktop\\DESARROLLOSW\\CALL-AUTOMATION-PROYECT\\frontend-call-automation\\src\\app\\campaigns\\page.tsx": {"path":"C:\\Users\\marti\\Desktop\\DESARROLLOSW\\CALL-AUTOMATION-PROYECT\\frontend-call-automation\\src\\app\\campaigns\\page.tsx","statementMap":{"0":{"start":{"line":5,"column":24},"end":{"line":5,"column":null}},"1":{"start":{"line":3,"column":33},"end":{"line":3,"column":null}},"2":{"start":{"line":6,"column":2},"end":{"line":6,"column":null}}},"fnMap":{"0":{"name":"CampaignsPage","decl":{"start":{"line":5,"column":24},"end":{"line":5,"column":null}},"loc":{"start":{"line":5,"column":24},"end":{"line":7,"column":null}}}},"branchMap":{},"s":{"0":0,"1":0,"2":0},"f":{"0":0},"b":{}}
,"C:\\Users\\marti\\Desktop\\DESARROLLOSW\\CALL-AUTOMATION-PROYECT\\frontend-call-automation\\src\\app\\campaigns\\[id]\\page.tsx": {"path":"C:\\Users\\marti\\Desktop\\DESARROLLOSW\\CALL-AUTOMATION-PROYECT\\frontend-call-automation\\src\\app\\campaigns\\[id]\\page.tsx","statementMap":{"0":{"start":{"line":13,"column":24},"end":{"line":13,"column":null}},"1":{"start":{"line":3,"column":22},"end":{"line":3,"column":null}},"2":{"start":{"line":4,"column":23},"end":{"line":4,"column":null}},"3":{"start":{"line":5,"column":86},"end":{"line":5,"column":null}},"4":{"start":{"line":6,"column":28},"end":{"line":6,"column":null}},"5":{"start":{"line":8,"column":17},"end":{"line":8,"column":null}},"6":{"start":{"line":9,"column":37},"end":{"line":9,"column":null}},"7":{"start":{"line":10,"column":36},"end":{"line":10,"column":null}},"8":{"start":{"line":11,"column":22},"end":{"line":11,"column":null}},"9":{"start":{"line":14,"column":17},"end":{"line":14,"column":null}},"10":{"start":{"line":15,"column":17},"end":{"line":15,"column":null}},"11":{"start":{"line":16,"column":13},"end":{"line":16,"column":22}},"12":{"start":{"line":18,"column":34},"end":{"line":18,"column":null}},"13":{"start":{"line":19,"column":36},"end":{"line":19,"column":null}},"14":{"start":{"line":20,"column":28},"end":{"line":20,"column":null}},"15":{"start":{"line":22,"column":2},"end":{"line":39,"column":null}},"16":{"start":{"line":23,"column":4},"end":{"line":38,"column":null}},"17":{"start":{"line":24,"column":6},"end":{"line":24,"column":null}},"18":{"start":{"line":25,"column":6},"end":{"line":25,"column":null}},"19":{"start":{"line":26,"column":6},"end":{"line":37,"column":null}},"20":{"start":{"line":28,"column":10},"end":{"line":28,"column":null}},"21":{"start":{"line":31,"column":10},"end":{"line":31,"column":null}},"22":{"start":{"line":32,"column":10},"end":{"line":32,"column":null}},"23":{"start":{"line":33,"column":10},"end":{"line":33,"column":null}},"24":{"start":{"line":36,"column":10},"end":{"line":36,"column":null}},"25":{"start":{"line":41,"column":23},"end":{"line":56,"column":null}},"26":{"start":{"line":42,"column":4},"end":{"line":42,"column":null}},"27":{"start":{"line":42,"column":19},"end":{"line":42,"column":null}},"28":{"start":{"line":45,"column":4},"end":{"line":55,"column":null}},"29":{"start":{"line":46,"column":6},"end":{"line":54,"column":null}},"30":{"start":{"line":47,"column":8},"end":{"line":47,"column":null}},"31":{"start":{"line":48,"column":8},"end":{"line":48,"column":null}},"32":{"start":{"line":49,"column":8},"end":{"line":49,"column":26}},"33":{"start":{"line":51,"column":8},"end":{"line":51,"column":null}},"34":{"start":{"line":52,"column":8},"end":{"line":52,"column":null}},"35":{"start":{"line":53,"column":8},"end":{"line":53,"column":null}},"36":{"start":{"line":58,"column":2},"end":{"line":60,"column":null}},"37":{"start":{"line":62,"column":2},"end":{"line":64,"column":null}},"38":{"start":{"line":66,"column":2},"end":{"line":68,"column":null}},"39":{"start":{"line":71,"column":21},"end":{"line":78,"column":null}},"40":{"start":{"line":72,"column":4},"end":{"line":72,"column":null}},"41":{"start":{"line":72,"column":21},"end":{"line":72,"column":null}},"42":{"start":{"line":73,"column":4},"end":{"line":77,"column":null}},"43":{"start":{"line":74,"column":6},"end":{"line":74,"column":null}},"44":{"start":{"line":76,"column":6},"end":{"line":76,"column":null}}},"fnMap":{"0":{"name":"CampaignDetailPage","decl":{"start":{"line":13,"column":24},"end":{"line":13,"column":null}},"loc":{"start":{"line":13,"column":24},"end":{"line":112,"column":null}}},"1":{"name":"(anonymous_3)","decl":{"start":{"line":22,"column":12},"end":{"line":22,"column":null}},"loc":{"start":{"line":22,"column":12},"end":{"line":39,"column":5}}},"2":{"name":"(anonymous_4)","decl":{"start":{"line":27,"column":14},"end":{"line":27,"column":null}},"loc":{"start":{"line":27,"column":14},"end":{"line":29,"column":null}}},"3":{"name":"(anonymous_5)","decl":{"start":{"line":30,"column":15},"end":{"line":30,"column":null}},"loc":{"start":{"line":30,"column":15},"end":{"line":34,"column":null}}},"4":{"name":"(anonymous_6)","decl":{"start":{"line":35,"column":17},"end":{"line":35,"column":null}},"loc":{"start":{"line":35,"column":17},"end":{"line":37,"column":null}}},"5":{"name":"(anonymous_7)","decl":{"start":{"line":41,"column":23},"end":{"line":41,"column":null}},"loc":{"start":{"line":41,"column":23},"end":{"line":56,"column":null}}},"6":{"name":"(anonymous_8)","decl":{"start":{"line":71,"column":21},"end":{"line":71,"column":22}},"loc":{"start":{"line":71,"column":22},"end":{"line":78,"column":null}}}},"branchMap":{"0":{"loc":{"start":{"line":23,"column":4},"end":{"line":38,"column":null}},"type":"if","locations":[{"start":{"line":23,"column":4},"end":{"line":38,"column":null}}]},"1":{"loc":{"start":{"line":42,"column":4},"end":{"line":42,"column":null}},"type":"if","locations":[{"start":{"line":42,"column":4},"end":{"line":42,"column":null}}]},"2":{"loc":{"start":{"line":45,"column":4},"end":{"line":55,"column":null}},"type":"if","locations":[{"start":{"line":45,"column":4},"end":{"line":55,"column":null}}]},"3":{"loc":{"start":{"line":58,"column":2},"end":{"line":60,"column":null}},"type":"if","locations":[{"start":{"line":58,"column":2},"end":{"line":60,"column":null}}]},"4":{"loc":{"start":{"line":62,"column":2},"end":{"line":64,"column":null}},"type":"if","locations":[{"start":{"line":62,"column":2},"end":{"line":64,"column":null}}]},"5":{"loc":{"start":{"line":66,"column":2},"end":{"line":68,"column":null}},"type":"if","locations":[{"start":{"line":66,"column":2},"end":{"line":68,"column":null}}]},"6":{"loc":{"start":{"line":72,"column":4},"end":{"line":72,"column":null}},"type":"if","locations":[{"start":{"line":72,"column":4},"end":{"line":72,"column":null}}]},"7":{"loc":{"start":{"line":86,"column":28},"end":{"line":86,"column":null}},"type":"cond-expr","locations":[{"start":{"line":86,"column":59},"end":{"line":86,"column":71}},{"start":{"line":86,"column":71},"end":{"line":86,"column":null}}]},"8":{"loc":{"start":{"line":86,"column":71},"end":{"line":86,"column":null}},"type":"cond-expr","locations":[{"start":{"line":86,"column":102},"end":{"line":86,"column":116}},{"start":{"line":86,"column":116},"end":{"line":86,"column":null}}]},"9":{"loc":{"start":{"line":87,"column":15},"end":{"line":87,"column":null}},"type":"binary-expr","locations":[{"start":{"line":87,"column":15},"end":{"line":87,"column":30}},{"start":{"line":87,"column":34},"end":{"line":87,"column":null}}]},"10":{"loc":{"start":{"line":90,"column":28},"end":{"line":90,"column":null}},"type":"binary-expr","locations":[{"start":{"line":90,"column":28},"end":{"line":90,"column":48}},{"start":{"line":90,"column":52},"end":{"line":90,"column":null}}]},"11":{"loc":{"start":{"line":96,"column":100},"end":{"line":96,"column":null}},"type":"binary-expr","locations":[{"start":{"line":96,"column":100},"end":{"line":96,"column":124}},{"start":{"line":96,"column":128},"end":{"line":96,"column":null}}]},"12":{"loc":{"start":{"line":97,"column":50},"end":{"line":97,"column":null}},"type":"binary-expr","locations":[{"start":{"line":97,"column":50},"end":{"line":97,"column":70}},{"start":{"line":97,"column":74},"end":{"line":97,"column":null}}]},"13":{"loc":{"start":{"line":98,"column":58},"end":{"line":98,"column":null}},"type":"binary-expr","locations":[{"start":{"line":98,"column":58},"end":{"line":98,"column":86}},{"start":{"line":98,"column":90},"end":{"line":98,"column":null}}]},"14":{"loc":{"start":{"line":99,"column":51},"end":{"line":99,"column":89}},"type":"binary-expr","locations":[{"start":{"line":99,"column":51},"end":{"line":99,"column":79}},{"start":{"line":99,"column":83},"end":{"line":99,"column":89}}]},"15":{"loc":{"start":{"line":99,"column":93},"end":{"line":99,"column":null}},"type":"binary-expr","locations":[{"start":{"line":99,"column":93},"end":{"line":99,"column":119}},{"start":{"line":99,"column":123},"end":{"line":99,"column":null}}]}},"s":{"0":0,"1":0,"2":0,"3":0,"4":0,"5":0,"6":0,"7":0,"8":0,"9":0,"10":0,"11":0,"12":0,"13":0,"14":0,"15":0,"16":0,"17":0,"18":0,"19":0,"20":0,"21":0,"22":0,"23":0,"24":0,"25":0,"26":0,"27":0,"28":0,"29":0,"30":0,"31":0,"32":0,"33":0,"34":0,"35":0,"36":0,"37":0,"38":0,"39":0,"40":0,"41":0,"42":0,"43":0,"44":0},"f":{"0":0,"1":0,"2":0,"3":0,"4":0,"5":0,"6":0},"b":{"0":[0],"1":[0],"2":[0],"3":[0],"4":[0],"5":[0],"6":[0],"7":[0,0],"8":[0,0],"9":[0,0],"10":[0,0],"11":[0,0],"12":[0,0],"13":[0,0],"14":[0,0],"15":[0,0]}}
,"C:\\Users\\marti\\Desktop\\DESARROLLOSW\\CALL-AUTOMATION-PROYECT\\frontend-call-automation\\src\\app\\campaigns\\[id]\\edit\\page.tsx": {"path":"C:\\Users\\marti\\Desktop\\DESARROLLOSW\\CALL-AUTOMATION-PROYECT\\frontend-call-automation\\src\\app\\campaigns\\[id]\\edit\\page.tsx","statementMap":{"0":{"start":{"line":10,"column":24},"end":{"line":10,"column":null}},"1":{"start":{"line":3,"column":29},"end":{"line":3,"column":null}},"2":{"start":{"line":4,"column":28},"end":{"line":4,"column":null}},"3":{"start":{"line":6,"column":37},"end":{"line":6,"column":null}},"4":{"start":{"line":7,"column":36},"end":{"line":7,"column":null}},"5":{"start":{"line":8,"column":22},"end":{"line":8,"column":null}},"6":{"start":{"line":11,"column":17},"end":{"line":11,"column":null}},"7":{"start":{"line":12,"column":17},"end":{"line":12,"column":null}},"8":{"start":{"line":13,"column":13},"end":{"line":13,"column":22}},"9":{"start":{"line":15,"column":34},"end":{"line":15,"column":null}},"10":{"start":{"line":16,"column":44},"end":{"line":16,"column":null}},"11":{"start":{"line":17,"column":42},"end":{"line":17,"column":null}},"12":{"start":{"line":18,"column":28},"end":{"line":18,"column":null}},"13":{"start":{"line":20,"column":2},"end":{"line":43,"column":null}},"14":{"start":{"line":21,"column":4},"end":{"line":42,"column":null}},"15":{"start":{"line":22,"column":6},"end":{"line":22,"column":null}},"16":{"start":{"line":23,"column":6},"end":{"line":23,"column":null}},"17":{"start":{"line":24,"column":6},"end":{"line":41,"column":null}},"18":{"start":{"line":27,"column":32},"end":{"line":31,"column":null}},"19":{"start":{"line":32,"column":10},"end":{"line":32,"column":null}},"20":{"start":{"line":35,"column":10},"end":{"line":35,"column":null}},"21":{"start":{"line":36,"column":10},"end":{"line":36,"column":null}},"22":{"start":{"line":37,"column":10},"end":{"line":37,"column":null}},"23":{"start":{"line":40,"column":10},"end":{"line":40,"column":null}},"24":{"start":{"line":46,"column":29},"end":{"line":65,"column":null}},"25":{"start":{"line":48,"column":4},"end":{"line":48,"column":null}},"26":{"start":{"line":48,"column":13},"end":{"line":48,"column":null}},"27":{"start":{"line":49,"column":4},"end":{"line":49,"column":null}},"28":{"start":{"line":50,"column":4},"end":{"line":50,"column":null}},"29":{"start":{"line":51,"column":4},"end":{"line":64,"column":null}},"30":{"start":{"line":55,"column":30},"end":{"line":55,"column":null}},"31":{"start":{"line":56,"column":6},"end":{"line":56,"column":null}},"32":{"start":{"line":57,"column":6},"end":{"line":57,"column":39}},"33":{"start":{"line":59,"column":6},"end":{"line":59,"column":null}},"34":{"start":{"line":60,"column":6},"end":{"line":60,"column":null}},"35":{"start":{"line":61,"column":6},"end":{"line":61,"column":null}},"36":{"start":{"line":63,"column":6},"end":{"line":63,"column":null}},"37":{"start":{"line":67,"column":2},"end":{"line":69,"column":null}},"38":{"start":{"line":71,"column":2},"end":{"line":73,"column":null}},"39":{"start":{"line":75,"column":2},"end":{"line":77,"column":null}}},"fnMap":{"0":{"name":"EditCampaignPage","decl":{"start":{"line":10,"column":24},"end":{"line":10,"column":null}},"loc":{"start":{"line":10,"column":24},"end":{"line":89,"column":null}}},"1":{"name":"(anonymous_2)","decl":{"start":{"line":20,"column":12},"end":{"line":20,"column":null}},"loc":{"start":{"line":20,"column":12},"end":{"line":43,"column":5}}},"2":{"name":"(anonymous_3)","decl":{"start":{"line":25,"column":14},"end":{"line":25,"column":null}},"loc":{"start":{"line":25,"column":14},"end":{"line":33,"column":null}}},"3":{"name":"(anonymous_4)","decl":{"start":{"line":34,"column":15},"end":{"line":34,"column":null}},"loc":{"start":{"line":34,"column":15},"end":{"line":38,"column":null}}},"4":{"name":"(anonymous_5)","decl":{"start":{"line":39,"column":17},"end":{"line":39,"column":null}},"loc":{"start":{"line":39,"column":17},"end":{"line":41,"column":null}}},"5":{"name":"(anonymous_6)","decl":{"start":{"line":46,"column":29},"end":{"line":46,"column":36}},"loc":{"start":{"line":46,"column":36},"end":{"line":65,"column":null}}}},"branchMap":{"0":{"loc":{"start":{"line":21,"column":4},"end":{"line":42,"column":null}},"type":"if","locations":[{"start":{"line":21,"column":4},"end":{"line":42,"column":null}}]},"1":{"loc":{"start":{"line":29,"column":28},"end":{"line":29,"column":null}},"type":"cond-expr","locations":[{"start":{"line":29,"column":50},"end":{"line":29,"column":107}},{"start":{"line":29,"column":110},"end":{"line":29,"column":null}}]},"2":{"loc":{"start":{"line":30,"column":26},"end":{"line":30,"column":null}},"type":"cond-expr","locations":[{"start":{"line":30,"column":46},"end":{"line":30,"column":101}},{"start":{"line":30,"column":104},"end":{"line":30,"column":null}}]},"3":{"loc":{"start":{"line":48,"column":4},"end":{"line":48,"column":null}},"type":"if","locations":[{"start":{"line":48,"column":4},"end":{"line":48,"column":null}}]},"4":{"loc":{"start":{"line":67,"column":2},"end":{"line":69,"column":null}},"type":"if","locations":[{"start":{"line":67,"column":2},"end":{"line":69,"column":null}}]},"5":{"loc":{"start":{"line":71,"column":2},"end":{"line":73,"column":null}},"type":"if","locations":[{"start":{"line":71,"column":2},"end":{"line":73,"column":null}}]},"6":{"loc":{"start":{"line":75,"column":2},"end":{"line":77,"column":null}},"type":"if","locations":[{"start":{"line":75,"column":2},"end":{"line":77,"column":null}}]}},"s":{"0":0,"1":0,"2":0,"3":0,"4":0,"5":0,"6":0,"7":0,"8":0,"9":0,"10":0,"11":0,"12":0,"13":0,"14":0,"15":0,"16":0,"17":0,"18":0,"19":0,"20":0,"21":0,"22":0,"23":0,"24":0,"25":0,"26":0,"27":0,"28":0,"29":0,"30":0,"31":0,"32":0,"33":0,"34":0,"35":0,"36":0,"37":0,"38":0,"39":0},"f":{"0":0,"1":0,"2":0,"3":0,"4":0,"5":0},"b":{"0":[0],"1":[0,0],"2":[0,0],"3":[0],"4":[0],"5":[0],"6":[0]}}
,"C:\\Users\\marti\\Desktop\\DESARROLLOSW\\CALL-AUTOMATION-PROYECT\\frontend-call-automation\\src\\app\\campaigns\\create\\page.tsx": {"path":"C:\\Users\\marti\\Desktop\\DESARROLLOSW\\CALL-AUTOMATION-PROYECT\\frontend-call-automation\\src\\app\\campaigns\\create\\page.tsx","statementMap":{"0":{"start":{"line":46,"column":0},"end":{"line":46,"column":15}},"1":{"start":{"line":1,"column":29},"end":{"line":1,"column":null}},"2":{"start":{"line":2,"column":23},"end":{"line":2,"column":null}},"3":{"start":{"line":3,"column":44},"end":{"line":3,"column":null}},"4":{"start":{"line":4,"column":28},"end":{"line":4,"column":null}},"5":{"start":{"line":6,"column":17},"end":{"line":6,"column":null}},"6":{"start":{"line":7,"column":26},"end":{"line":7,"column":null}},"7":{"start":{"line":8,"column":18},"end":{"line":8,"column":null}},"8":{"start":{"line":10,"column":37},"end":{"line":44,"column":null}},"9":{"start":{"line":11,"column":17},"end":{"line":11,"column":null}},"10":{"start":{"line":12,"column":36},"end":{"line":12,"column":null}},"11":{"start":{"line":14,"column":31},"end":{"line":25,"column":null}},"12":{"start":{"line":15,"column":4},"end":{"line":15,"column":null}},"13":{"start":{"line":16,"column":4},"end":{"line":24,"column":null}},"14":{"start":{"line":17,"column":6},"end":{"line":17,"column":null}},"15":{"start":{"line":18,"column":6},"end":{"line":18,"column":null}},"16":{"start":{"line":20,"column":6},"end":{"line":20,"column":null}},"17":{"start":{"line":21,"column":6},"end":{"line":21,"column":null}},"18":{"start":{"line":23,"column":6},"end":{"line":23,"column":null}},"19":{"start":{"line":46,"column":15},"end":{"line":46,"column":null}}},"fnMap":{"0":{"name":"(anonymous_2)","decl":{"start":{"line":10,"column":37},"end":{"line":10,"column":null}},"loc":{"start":{"line":10,"column":37},"end":{"line":44,"column":null}}},"1":{"name":"(anonymous_3)","decl":{"start":{"line":14,"column":31},"end":{"line":14,"column":38}},"loc":{"start":{"line":14,"column":38},"end":{"line":25,"column":null}}}},"branchMap":{},"s":{"0":0,"1":0,"2":0,"3":0,"4":0,"5":0,"6":0,"7":0,"8":0,"9":0,"10":0,"11":0,"12":0,"13":0,"14":0,"15":0,"16":0,"17":0,"18":0,"19":0},"f":{"0":0,"1":0},"b":{}}
,"C:\\Users\\marti\\Desktop\\DESARROLLOSW\\CALL-AUTOMATION-PROYECT\\frontend-call-automation\\src\\app\\contacts\\layout.tsx": {"path":"C:\\Users\\marti\\Desktop\\DESARROLLOSW\\CALL-AUTOMATION-PROYECT\\frontend-call-automation\\src\\app\\contacts\\layout.tsx","statementMap":{"0":{"start":{"line":3,"column":24},"end":{"line":3,"column":39}},"1":{"start":{"line":1,"column":19},"end":{"line":1,"column":null}}},"fnMap":{"0":{"name":"ContactsLayout","decl":{"start":{"line":3,"column":24},"end":{"line":3,"column":39}},"loc":{"start":{"line":7,"column":1},"end":{"line":9,"column":null}}}},"branchMap":{},"s":{"0":0,"1":0},"f":{"0":0},"b":{}}
,"C:\\Users\\marti\\Desktop\\DESARROLLOSW\\CALL-AUTOMATION-PROYECT\\frontend-call-automation\\src\\app\\contacts\\page.tsx": {"path":"C:\\Users\\marti\\Desktop\\DESARROLLOSW\\CALL-AUTOMATION-PROYECT\\frontend-call-automation\\src\\app\\contacts\\page.tsx","statementMap":{"0":{"start":{"line":9,"column":24},"end":{"line":9,"column":null}},"1":{"start":{"line":3,"column":25},"end":{"line":3,"column":null}},"2":{"start":{"line":4,"column":26},"end":{"line":4,"column":null}},"3":{"start":{"line":5,"column":28},"end":{"line":5,"column":null}},"4":{"start":{"line":7,"column":30},"end":{"line":7,"column":null}},"5":{"start":{"line":10,"column":17},"end":{"line":10,"column":null}},"6":{"start":{"line":11,"column":48},"end":{"line":11,"column":null}},"7":{"start":{"line":12,"column":54},"end":{"line":12,"column":null}},"8":{"start":{"line":13,"column":52},"end":{"line":13,"column":null}},"9":{"start":{"line":15,"column":30},"end":{"line":17,"column":null}},"10":{"start":{"line":16,"column":4},"end":{"line":16,"column":null}},"11":{"start":{"line":19,"column":28},"end":{"line":21,"column":null}},"12":{"start":{"line":20,"column":4},"end":{"line":20,"column":null}},"13":{"start":{"line":23,"column":31},"end":{"line":25,"column":null}},"14":{"start":{"line":24,"column":4},"end":{"line":24,"column":null}},"15":{"start":{"line":27,"column":31},"end":{"line":31,"column":null}},"16":{"start":{"line":29,"column":4},"end":{"line":29,"column":null}},"17":{"start":{"line":30,"column":4},"end":{"line":30,"column":null}},"18":{"start":{"line":34,"column":2},"end":{"line":41,"column":null}},"19":{"start":{"line":37,"column":24},"end":{"line":37,"column":null}},"20":{"start":{"line":38,"column":25},"end":{"line":38,"column":null}}},"fnMap":{"0":{"name":"ContactsPage","decl":{"start":{"line":9,"column":24},"end":{"line":9,"column":null}},"loc":{"start":{"line":9,"column":24},"end":{"line":52,"column":null}}},"1":{"name":"(anonymous_2)","decl":{"start":{"line":15,"column":30},"end":{"line":15,"column":null}},"loc":{"start":{"line":15,"column":30},"end":{"line":17,"column":null}}},"2":{"name":"(anonymous_3)","decl":{"start":{"line":19,"column":28},"end":{"line":19,"column":29}},"loc":{"start":{"line":19,"column":29},"end":{"line":21,"column":null}}},"3":{"name":"(anonymous_4)","decl":{"start":{"line":23,"column":31},"end":{"line":23,"column":null}},"loc":{"start":{"line":23,"column":31},"end":{"line":25,"column":null}}},"4":{"name":"(anonymous_5)","decl":{"start":{"line":27,"column":31},"end":{"line":27,"column":null}},"loc":{"start":{"line":27,"column":31},"end":{"line":31,"column":null}}},"5":{"name":"(anonymous_6)","decl":{"start":{"line":37,"column":18},"end":{"line":37,"column":24}},"loc":{"start":{"line":37,"column":24},"end":{"line":37,"column":null}}},"6":{"name":"(anonymous_7)","decl":{"start":{"line":38,"column":19},"end":{"line":38,"column":25}},"loc":{"start":{"line":38,"column":25},"end":{"line":38,"column":null}}}},"branchMap":{"0":{"loc":{"start":{"line":34,"column":2},"end":{"line":41,"column":null}},"type":"if","locations":[{"start":{"line":34,"column":2},"end":{"line":41,"column":null}}]}},"s":{"0":0,"1":0,"2":0,"3":0,"4":0,"5":0,"6":0,"7":0,"8":0,"9":0,"10":0,"11":0,"12":0,"13":0,"14":0,"15":0,"16":0,"17":0,"18":0,"19":0,"20":0},"f":{"0":0,"1":0,"2":0,"3":0,"4":0,"5":0,"6":0},"b":{"0":[0]}}
,"C:\\Users\\marti\\Desktop\\DESARROLLOSW\\CALL-AUTOMATION-PROYECT\\frontend-call-automation\\src\\app\\contacts\\[id]\\page.tsx": {"path":"C:\\Users\\marti\\Desktop\\DESARROLLOSW\\CALL-AUTOMATION-PROYECT\\frontend-call-automation\\src\\app\\contacts\\[id]\\page.tsx","statementMap":{"0":{"start":{"line":13,"column":24},"end":{"line":13,"column":null}},"1":{"start":{"line":3,"column":36},"end":{"line":3,"column":null}},"2":{"start":{"line":4,"column":26},"end":{"line":4,"column":null}},"3":{"start":{"line":5,"column":28},"end":{"line":5,"column":null}},"4":{"start":{"line":6,"column":31},"end":{"line":6,"column":null}},"5":{"start":{"line":9,"column":57},"end":{"line":9,"column":null}},"6":{"start":{"line":10,"column":23},"end":{"line":10,"column":null}},"7":{"start":{"line":11,"column":26},"end":{"line":11,"column":null}},"8":{"start":{"line":14,"column":17},"end":{"line":14,"column":null}},"9":{"start":{"line":15,"column":17},"end":{"line":15,"column":null}},"10":{"start":{"line":16,"column":20},"end":{"line":16,"column":29}},"11":{"start":{"line":18,"column":32},"end":{"line":18,"column":null}},"12":{"start":{"line":19,"column":32},"end":{"line":19,"column":null}},"13":{"start":{"line":20,"column":28},"end":{"line":20,"column":null}},"14":{"start":{"line":22,"column":2},"end":{"line":40,"column":null}},"15":{"start":{"line":23,"column":25},"end":{"line":35,"column":null}},"16":{"start":{"line":24,"column":6},"end":{"line":34,"column":null}},"17":{"start":{"line":25,"column":8},"end":{"line":25,"column":null}},"18":{"start":{"line":26,"column":21},"end":{"line":26,"column":null}},"19":{"start":{"line":27,"column":8},"end":{"line":27,"column":null}},"20":{"start":{"line":28,"column":8},"end":{"line":28,"column":null}},"21":{"start":{"line":30,"column":8},"end":{"line":30,"column":null}},"22":{"start":{"line":31,"column":8},"end":{"line":31,"column":null}},"23":{"start":{"line":33,"column":8},"end":{"line":33,"column":null}},"24":{"start":{"line":37,"column":4},"end":{"line":39,"column":null}},"25":{"start":{"line":38,"column":6},"end":{"line":38,"column":null}},"26":{"start":{"line":42,"column":2},"end":{"line":55,"column":null}},"27":{"start":{"line":57,"column":2},"end":{"line":75,"column":null}},"28":{"start":{"line":68,"column":27},"end":{"line":68,"column":null}},"29":{"start":{"line":82,"column":23},"end":{"line":82,"column":null}},"30":{"start":{"line":90,"column":26},"end":{"line":90,"column":null}},"31":{"start":{"line":91,"column":27},"end":{"line":91,"column":null}}},"fnMap":{"0":{"name":"ContactDetailPage","decl":{"start":{"line":13,"column":24},"end":{"line":13,"column":null}},"loc":{"start":{"line":13,"column":24},"end":{"line":105,"column":null}}},"1":{"name":"(anonymous_2)","decl":{"start":{"line":22,"column":12},"end":{"line":22,"column":null}},"loc":{"start":{"line":22,"column":12},"end":{"line":40,"column":5}}},"2":{"name":"(anonymous_3)","decl":{"start":{"line":23,"column":25},"end":{"line":23,"column":null}},"loc":{"start":{"line":23,"column":25},"end":{"line":35,"column":null}}},"3":{"name":"(anonymous_4)","decl":{"start":{"line":68,"column":21},"end":{"line":68,"column":27}},"loc":{"start":{"line":68,"column":27},"end":{"line":68,"column":null}}},"4":{"name":"(anonymous_5)","decl":{"start":{"line":82,"column":17},"end":{"line":82,"column":23}},"loc":{"start":{"line":82,"column":23},"end":{"line":82,"column":null}}},"5":{"name":"(anonymous_6)","decl":{"start":{"line":90,"column":20},"end":{"line":90,"column":26}},"loc":{"start":{"line":90,"column":26},"end":{"line":90,"column":null}}},"6":{"name":"(anonymous_7)","decl":{"start":{"line":91,"column":21},"end":{"line":91,"column":27}},"loc":{"start":{"line":91,"column":27},"end":{"line":91,"column":null}}}},"branchMap":{"0":{"loc":{"start":{"line":37,"column":4},"end":{"line":39,"column":null}},"type":"if","locations":[{"start":{"line":37,"column":4},"end":{"line":39,"column":null}}]},"1":{"loc":{"start":{"line":42,"column":2},"end":{"line":55,"column":null}},"type":"if","locations":[{"start":{"line":42,"column":2},"end":{"line":55,"column":null}}]},"2":{"loc":{"start":{"line":57,"column":2},"end":{"line":75,"column":null}},"type":"if","locations":[{"start":{"line":57,"column":2},"end":{"line":75,"column":null}}]},"3":{"loc":{"start":{"line":88,"column":8},"end":{"line":94,"column":9}},"type":"cond-expr","locations":[{"start":{"line":88,"column":8},"end":{"line":94,"column":9}}]}},"s":{"0":0,"1":0,"2":0,"3":0,"4":0,"5":0,"6":0,"7":0,"8":0,"9":0,"10":0,"11":0,"12":0,"13":0,"14":0,"15":0,"16":0,"17":0,"18":0,"19":0,"20":0,"21":0,"22":0,"23":0,"24":0,"25":0,"26":0,"27":0,"28":0,"29":0,"30":0,"31":0},"f":{"0":0,"1":0,"2":0,"3":0,"4":0,"5":0,"6":0},"b":{"0":[0],"1":[0],"2":[0],"3":[0]}}
,"C:\\Users\\marti\\Desktop\\DESARROLLOSW\\CALL-AUTOMATION-PROYECT\\frontend-call-automation\\src\\app\\contacts\\new\\page.tsx": {"path":"C:\\Users\\marti\\Desktop\\DESARROLLOSW\\CALL-AUTOMATION-PROYECT\\frontend-call-automation\\src\\app\\contacts\\new\\page.tsx","statementMap":{"0":{"start":{"line":6,"column":24},"end":{"line":6,"column":null}},"1":{"start":{"line":3,"column":26},"end":{"line":3,"column":null}},"2":{"start":{"line":4,"column":28},"end":{"line":4,"column":null}},"3":{"start":{"line":7,"column":17},"end":{"line":7,"column":null}},"4":{"start":{"line":11,"column":22},"end":{"line":11,"column":null}},"5":{"start":{"line":13,"column":8},"end":{"line":13,"column":null}}},"fnMap":{"0":{"name":"NewContactPage","decl":{"start":{"line":6,"column":24},"end":{"line":6,"column":null}},"loc":{"start":{"line":6,"column":24},"end":{"line":17,"column":null}}},"1":{"name":"(anonymous_2)","decl":{"start":{"line":11,"column":16},"end":{"line":11,"column":22}},"loc":{"start":{"line":11,"column":22},"end":{"line":11,"column":null}}},"2":{"name":"(anonymous_3)","decl":{"start":{"line":12,"column":17},"end":{"line":12,"column":null}},"loc":{"start":{"line":12,"column":17},"end":{"line":14,"column":null}}}},"branchMap":{},"s":{"0":0,"1":0,"2":0,"3":0,"4":0,"5":0},"f":{"0":0,"1":0,"2":0},"b":{}}
,"C:\\Users\\marti\\Desktop\\DESARROLLOSW\\CALL-AUTOMATION-PROYECT\\frontend-call-automation\\src\\app\\forgot-password\\page.tsx": {"path":"C:\\Users\\marti\\Desktop\\DESARROLLOSW\\CALL-AUTOMATION-PROYECT\\frontend-call-automation\\src\\app\\forgot-password\\page.tsx","statementMap":{"0":{"start":{"line":40,"column":24},"end":{"line":40,"column":null}},"1":{"start":{"line":3,"column":25},"end":{"line":3,"column":null}},"2":{"start":{"line":4,"column":17},"end":{"line":4,"column":null}},"3":{"start":{"line":5,"column":28},"end":{"line":5,"column":null}},"4":{"start":{"line":6,"column":24},"end":{"line":6,"column":null}},"5":{"start":{"line":7,"column":18},"end":{"line":7,"column":null}},"6":{"start":{"line":8,"column":23},"end":{"line":8,"column":null}},"7":{"start":{"line":16,"column":7},"end":{"line":16,"column":null}},"8":{"start":{"line":17,"column":22},"end":{"line":17,"column":null}},"9":{"start":{"line":25,"column":7},"end":{"line":25,"column":null}},"10":{"start":{"line":26,"column":36},"end":{"line":26,"column":null}},"11":{"start":{"line":27,"column":25},"end":{"line":27,"column":null}},"12":{"start":{"line":28,"column":24},"end":{"line":28,"column":null}},"13":{"start":{"line":31,"column":29},"end":{"line":36,"column":null}},"14":{"start":{"line":41,"column":36},"end":{"line":41,"column":null}},"15":{"start":{"line":42,"column":36},"end":{"line":42,"column":null}},"16":{"start":{"line":45,"column":15},"end":{"line":50,"column":null}},"17":{"start":{"line":53,"column":19},"end":{"line":80,"column":null}},"18":{"start":{"line":54,"column":4},"end":{"line":54,"column":null}},"19":{"start":{"line":56,"column":4},"end":{"line":79,"column":null}},"20":{"start":{"line":58,"column":24},"end":{"line":60,"column":null}},"21":{"start":{"line":62,"column":6},"end":{"line":64,"column":null}},"22":{"start":{"line":63,"column":8},"end":{"line":63,"column":null}},"23":{"start":{"line":67,"column":6},"end":{"line":67,"column":null}},"24":{"start":{"line":68,"column":6},"end":{"line":71,"column":null}},"25":{"start":{"line":74,"column":6},"end":{"line":76,"column":null}},"26":{"start":{"line":78,"column":6},"end":{"line":78,"column":null}}},"fnMap":{"0":{"name":"ForgotPasswordPage","decl":{"start":{"line":40,"column":24},"end":{"line":40,"column":null}},"loc":{"start":{"line":40,"column":24},"end":{"line":162,"column":null}}},"1":{"name":"(anonymous_3)","decl":{"start":{"line":53,"column":19},"end":{"line":53,"column":26}},"loc":{"start":{"line":53,"column":26},"end":{"line":80,"column":null}}}},"branchMap":{"0":{"loc":{"start":{"line":62,"column":6},"end":{"line":64,"column":null}},"type":"if","locations":[{"start":{"line":62,"column":6},"end":{"line":64,"column":null}}]},"1":{"loc":{"start":{"line":75,"column":21},"end":{"line":75,"column":null}},"type":"binary-expr","locations":[{"start":{"line":75,"column":21},"end":{"line":75,"column":34}},{"start":{"line":75,"column":38},"end":{"line":75,"column":null}}]},"2":{"loc":{"start":{"line":95,"column":12},"end":{"line":110,"column":13}},"type":"cond-expr","locations":[{"start":{"line":95,"column":12},"end":{"line":110,"column":13}}]},"3":{"loc":{"start":{"line":139,"column":19},"end":{"line":145,"column":null}},"type":"cond-expr","locations":[{"start":{"line":140,"column":20},"end":{"line":145,"column":null}},{"start":{"line":145,"column":20},"end":{"line":145,"column":null}}]}},"s":{"0":0,"1":0,"2":0,"3":0,"4":0,"5":0,"6":0,"7":0,"8":0,"9":0,"10":0,"11":0,"12":0,"13":0,"14":0,"15":0,"16":0,"17":0,"18":0,"19":0,"20":0,"21":0,"22":0,"23":0,"24":0,"25":0,"26":0},"f":{"0":0,"1":0},"b":{"0":[0],"1":[0,0],"2":[0],"3":[0,0]}}
,"C:\\Users\\marti\\Desktop\\DESARROLLOSW\\CALL-AUTOMATION-PROYECT\\frontend-call-automation\\src\\app\\login\\page.tsx": {"path":"C:\\Users\\marti\\Desktop\\DESARROLLOSW\\CALL-AUTOMATION-PROYECT\\frontend-call-automation\\src\\app\\login\\page.tsx","statementMap":{"0":{"start":{"line":5,"column":24},"end":{"line":5,"column":null}},"1":{"start":{"line":3,"column":26},"end":{"line":3,"column":null}}},"fnMap":{"0":{"name":"LoginPage","decl":{"start":{"line":5,"column":24},"end":{"line":5,"column":null}},"loc":{"start":{"line":5,"column":24},"end":{"line":17,"column":null}}}},"branchMap":{},"s":{"0":0,"1":0},"f":{"0":0},"b":{}}
,"C:\\Users\\marti\\Desktop\\DESARROLLOSW\\CALL-AUTOMATION-PROYECT\\frontend-call-automation\\src\\app\\register\\page.tsx": {"path":"C:\\Users\\marti\\Desktop\\DESARROLLOSW\\CALL-AUTOMATION-PROYECT\\frontend-call-automation\\src\\app\\register\\page.tsx","statementMap":{"0":{"start":{"line":5,"column":24},"end":{"line":5,"column":null}},"1":{"start":{"line":3,"column":29},"end":{"line":3,"column":null}}},"fnMap":{"0":{"name":"RegisterPage","decl":{"start":{"line":5,"column":24},"end":{"line":5,"column":null}},"loc":{"start":{"line":5,"column":24},"end":{"line":17,"column":null}}}},"branchMap":{},"s":{"0":0,"1":0},"f":{"0":0},"b":{}}
,"C:\\Users\\marti\\Desktop\\DESARROLLOSW\\CALL-AUTOMATION-PROYECT\\frontend-call-automation\\src\\app\\reports\\page.tsx": {"path":"C:\\Users\\marti\\Desktop\\DESARROLLOSW\\CALL-AUTOMATION-PROYECT\\frontend-call-automation\\src\\app\\reports\\page.tsx","statementMap":{"0":{"start":{"line":3,"column":13},"end":{"line":3,"column":21}},"1":{"start":{"line":8,"column":24},"end":{"line":8,"column":null}},"2":{"start":{"line":1,"column":28},"end":{"line":1,"column":null}},"3":{"start":{"line":3,"column":24},"end":{"line":6,"column":null}},"4":{"start":{"line":9,"column":2},"end":{"line":9,"column":null}}},"fnMap":{"0":{"name":"ReportsPage","decl":{"start":{"line":8,"column":24},"end":{"line":8,"column":null}},"loc":{"start":{"line":8,"column":24},"end":{"line":10,"column":1}}}},"branchMap":{},"s":{"0":0,"1":0,"2":0,"3":0,"4":0},"f":{"0":0},"b":{}}
,"C:\\Users\\marti\\Desktop\\DESARROLLOSW\\CALL-AUTOMATION-PROYECT\\frontend-call-automation\\src\\components\\CallDetail.tsx": {"path":"C:\\Users\\marti\\Desktop\\DESARROLLOSW\\CALL-AUTOMATION-PROYECT\\frontend-call-automation\\src\\components\\CallDetail.tsx","statementMap":{"0":{"start":{"line":52,"column":16},"end":{"line":52,"column":27}},"1":{"start":{"line":3,"column":25},"end":{"line":3,"column":null}},"2":{"start":{"line":4,"column":33},"end":{"line":4,"column":null}},"3":{"start":{"line":5,"column":27},"end":{"line":5,"column":null}},"4":{"start":{"line":7,"column":19},"end":{"line":7,"column":null}},"5":{"start":{"line":15,"column":7},"end":{"line":15,"column":null}},"6":{"start":{"line":16,"column":23},"end":{"line":16,"column":null}},"7":{"start":{"line":17,"column":22},"end":{"line":17,"column":null}},"8":{"start":{"line":18,"column":25},"end":{"line":18,"column":null}},"9":{"start":{"line":19,"column":57},"end":{"line":19,"column":null}},"10":{"start":{"line":30,"column":7},"end":{"line":30,"column":null}},"11":{"start":{"line":41,"column":7},"end":{"line":41,"column":null}},"12":{"start":{"line":42,"column":31},"end":{"line":42,"column":null}},"13":{"start":{"line":43,"column":31},"end":{"line":43,"column":null}},"14":{"start":{"line":61,"column":62},"end":{"line":61,"column":null}},"15":{"start":{"line":64,"column":45},"end":{"line":64,"column":null}},"16":{"start":{"line":67,"column":27},"end":{"line":70,"column":null}},"17":{"start":{"line":68,"column":4},"end":{"line":68,"column":null}},"18":{"start":{"line":69,"column":4},"end":{"line":69,"column":null}},"19":{"start":{"line":73,"column":28},"end":{"line":91,"column":null}},"20":{"start":{"line":74,"column":25},"end":{"line":82,"column":null}},"21":{"start":{"line":84,"column":19},"end":{"line":84,"column":75}},"22":{"start":{"line":94,"column":2},"end":{"line":133,"column":null}},"23":{"start":{"line":136,"column":2},"end":{"line":169,"column":null}},"24":{"start":{"line":162,"column":27},"end":{"line":162,"column":null}},"25":{"start":{"line":172,"column":4},"end":{"line":174,"column":42}},"26":{"start":{"line":176,"column":24},"end":{"line":176,"column":null}},"27":{"start":{"line":178,"column":20},"end":{"line":178,"column":null}},"28":{"start":{"line":179,"column":20},"end":{"line":179,"column":null}},"29":{"start":{"line":231,"column":37},"end":{"line":231,"column":null}},"30":{"start":{"line":245,"column":31},"end":{"line":245,"column":null}},"31":{"start":{"line":408,"column":16},"end":{"line":408,"column":null}}},"fnMap":{"0":{"name":"CallDetail","decl":{"start":{"line":52,"column":16},"end":{"line":52,"column":27}},"loc":{"start":{"line":57,"column":18},"end":{"line":421,"column":null}}},"1":{"name":"(anonymous_3)","decl":{"start":{"line":67,"column":27},"end":{"line":67,"column":null}},"loc":{"start":{"line":67,"column":27},"end":{"line":70,"column":null}}},"2":{"name":"(anonymous_4)","decl":{"start":{"line":73,"column":28},"end":{"line":73,"column":29}},"loc":{"start":{"line":73,"column":29},"end":{"line":91,"column":null}}},"3":{"name":"(anonymous_5)","decl":{"start":{"line":162,"column":21},"end":{"line":162,"column":27}},"loc":{"start":{"line":162,"column":27},"end":{"line":162,"column":null}}},"4":{"name":"(anonymous_6)","decl":{"start":{"line":231,"column":31},"end":{"line":231,"column":37}},"loc":{"start":{"line":231,"column":37},"end":{"line":231,"column":null}}},"5":{"name":"(anonymous_7)","decl":{"start":{"line":245,"column":25},"end":{"line":245,"column":31}},"loc":{"start":{"line":245,"column":31},"end":{"line":245,"column":null}}},"6":{"name":"(anonymous_8)","decl":{"start":{"line":407,"column":23},"end":{"line":407,"column":null}},"loc":{"start":{"line":407,"column":23},"end":{"line":409,"column":null}}}},"branchMap":{"0":{"loc":{"start":{"line":84,"column":19},"end":{"line":84,"column":75}},"type":"binary-expr","locations":[{"start":{"line":84,"column":19},"end":{"line":84,"column":39}},{"start":{"line":84,"column":43},"end":{"line":84,"column":75}}]},"1":{"loc":{"start":{"line":94,"column":2},"end":{"line":133,"column":null}},"type":"if","locations":[{"start":{"line":94,"column":2},"end":{"line":133,"column":null}}]},"2":{"loc":{"start":{"line":136,"column":2},"end":{"line":169,"column":null}},"type":"if","locations":[{"start":{"line":136,"column":2},"end":{"line":169,"column":null}}]},"3":{"loc":{"start":{"line":136,"column":6},"end":{"line":136,"column":24}},"type":"binary-expr","locations":[{"start":{"line":136,"column":6},"end":{"line":136,"column":17}},{"start":{"line":136,"column":17},"end":{"line":136,"column":24}}]},"4":{"loc":{"start":{"line":172,"column":4},"end":{"line":174,"column":42}},"type":"binary-expr","locations":[{"start":{"line":172,"column":4},"end":{"line":172,"column":37}},{"start":{"line":173,"column":4},"end":{"line":173,"column":38}},{"start":{"line":174,"column":4},"end":{"line":174,"column":42}}]},"5":{"loc":{"start":{"line":206,"column":13},"end":{"line":206,"column":null}},"type":"binary-expr","locations":[{"start":{"line":206,"column":13},"end":{"line":206,"column":null}}]},"6":{"loc":{"start":{"line":241,"column":13},"end":{"line":241,"column":null}},"type":"binary-expr","locations":[{"start":{"line":241,"column":13},"end":{"line":241,"column":null}}]},"7":{"loc":{"start":{"line":265,"column":23},"end":{"line":265,"column":null}},"type":"binary-expr","locations":[{"start":{"line":265,"column":23},"end":{"line":265,"column":40}},{"start":{"line":265,"column":44},"end":{"line":265,"column":null}}]},"8":{"loc":{"start":{"line":276,"column":20},"end":{"line":276,"column":null}},"type":"binary-expr","locations":[{"start":{"line":276,"column":20},"end":{"line":276,"column":38}},{"start":{"line":276,"column":42},"end":{"line":276,"column":null}}]},"9":{"loc":{"start":{"line":286,"column":19},"end":{"line":286,"column":null}},"type":"cond-expr","locations":[{"start":{"line":286,"column":35},"end":{"line":286,"column":62}},{"start":{"line":286,"column":65},"end":{"line":286,"column":null}}]},"10":{"loc":{"start":{"line":319,"column":13},"end":{"line":319,"column":31}},"type":"binary-expr","locations":[{"start":{"line":319,"column":13},"end":{"line":319,"column":31}}]},"11":{"loc":{"start":{"line":346,"column":14},"end":{"line":348,"column":15}},"type":"cond-expr","locations":[{"start":{"line":346,"column":14},"end":{"line":348,"column":15}}]},"12":{"loc":{"start":{"line":356,"column":14},"end":{"line":377,"column":15}},"type":"cond-expr","locations":[{"start":{"line":356,"column":14},"end":{"line":377,"column":15}}]}},"s":{"0":0,"1":0,"2":0,"3":0,"4":0,"5":0,"6":0,"7":0,"8":0,"9":0,"10":0,"11":0,"12":0,"13":0,"14":0,"15":0,"16":0,"17":0,"18":0,"19":0,"20":0,"21":0,"22":0,"23":0,"24":0,"25":0,"26":0,"27":0,"28":0,"29":0,"30":0,"31":0},"f":{"0":0,"1":0,"2":0,"3":0,"4":0,"5":0,"6":0},"b":{"0":[0,0],"1":[0],"2":[0],"3":[0,0],"4":[0,0,0],"5":[0],"6":[0],"7":[0,0],"8":[0,0],"9":[0,0],"10":[0],"11":[0],"12":[0]}}
,"C:\\Users\\marti\\Desktop\\DESARROLLOSW\\CALL-AUTOMATION-PROYECT\\frontend-call-automation\\src\\components\\CallFilter.tsx": {"path":"C:\\Users\\marti\\Desktop\\DESARROLLOSW\\CALL-AUTOMATION-PROYECT\\frontend-call-automation\\src\\components\\CallFilter.tsx","statementMap":{"0":{"start":{"line":31,"column":16},"end":{"line":31,"column":27}},"1":{"start":{"line":3,"column":25},"end":{"line":3,"column":null}},"2":{"start":{"line":4,"column":32},"end":{"line":4,"column":null}},"3":{"start":{"line":5,"column":27},"end":{"line":5,"column":null}},"4":{"start":{"line":6,"column":23},"end":{"line":6,"column":null}},"5":{"start":{"line":7,"column":22},"end":{"line":7,"column":null}},"6":{"start":{"line":8,"column":22},"end":{"line":8,"column":null}},"7":{"start":{"line":15,"column":7},"end":{"line":15,"column":null}},"8":{"start":{"line":23,"column":7},"end":{"line":23,"column":null}},"9":{"start":{"line":24,"column":31},"end":{"line":24,"column":null}},"10":{"start":{"line":25,"column":37},"end":{"line":25,"column":null}},"11":{"start":{"line":32,"column":38},"end":{"line":32,"column":null}},"12":{"start":{"line":33,"column":38},"end":{"line":33,"column":null}},"13":{"start":{"line":34,"column":36},"end":{"line":34,"column":null}},"14":{"start":{"line":35,"column":30},"end":{"line":35,"column":null}},"15":{"start":{"line":36,"column":36},"end":{"line":36,"column":null}},"16":{"start":{"line":37,"column":32},"end":{"line":37,"column":null}},"17":{"start":{"line":38,"column":40},"end":{"line":38,"column":null}},"18":{"start":{"line":41,"column":30},"end":{"line":41,"column":null}},"19":{"start":{"line":44,"column":24},"end":{"line":46,"column":null}},"20":{"start":{"line":45,"column":4},"end":{"line":45,"column":null}},"21":{"start":{"line":49,"column":29},"end":{"line":60,"column":null}},"22":{"start":{"line":50,"column":25},"end":{"line":50,"column":null}},"23":{"start":{"line":52,"column":4},"end":{"line":52,"column":null}},"24":{"start":{"line":52,"column":20},"end":{"line":52,"column":null}},"25":{"start":{"line":53,"column":4},"end":{"line":53,"column":null}},"26":{"start":{"line":53,"column":19},"end":{"line":53,"column":null}},"27":{"start":{"line":54,"column":4},"end":{"line":54,"column":null}},"28":{"start":{"line":54,"column":16},"end":{"line":54,"column":null}},"29":{"start":{"line":55,"column":4},"end":{"line":55,"column":null}},"30":{"start":{"line":55,"column":19},"end":{"line":55,"column":null}},"31":{"start":{"line":56,"column":4},"end":{"line":56,"column":null}},"32":{"start":{"line":56,"column":17},"end":{"line":56,"column":null}},"33":{"start":{"line":57,"column":4},"end":{"line":57,"column":null}},"34":{"start":{"line":57,"column":21},"end":{"line":57,"column":null}},"35":{"start":{"line":59,"column":4},"end":{"line":59,"column":null}},"36":{"start":{"line":63,"column":29},"end":{"line":71,"column":null}},"37":{"start":{"line":64,"column":4},"end":{"line":64,"column":null}},"38":{"start":{"line":65,"column":4},"end":{"line":65,"column":null}},"39":{"start":{"line":66,"column":4},"end":{"line":66,"column":null}},"40":{"start":{"line":67,"column":4},"end":{"line":67,"column":null}},"41":{"start":{"line":68,"column":4},"end":{"line":68,"column":null}},"42":{"start":{"line":69,"column":4},"end":{"line":69,"column":null}},"43":{"start":{"line":70,"column":4},"end":{"line":70,"column":null}},"44":{"start":{"line":114,"column":20},"end":{"line":114,"column":50}},"45":{"start":{"line":157,"column":33},"end":{"line":157,"column":null}},"46":{"start":{"line":187,"column":33},"end":{"line":187,"column":null}}},"fnMap":{"0":{"name":"CallFilter","decl":{"start":{"line":31,"column":16},"end":{"line":31,"column":27}},"loc":{"start":{"line":31,"column":62},"end":{"line":212,"column":null}}},"1":{"name":"(anonymous_2)","decl":{"start":{"line":44,"column":24},"end":{"line":44,"column":null}},"loc":{"start":{"line":44,"column":24},"end":{"line":46,"column":null}}},"2":{"name":"(anonymous_3)","decl":{"start":{"line":49,"column":29},"end":{"line":49,"column":null}},"loc":{"start":{"line":49,"column":29},"end":{"line":60,"column":null}}},"3":{"name":"(anonymous_4)","decl":{"start":{"line":63,"column":29},"end":{"line":63,"column":null}},"loc":{"start":{"line":63,"column":29},"end":{"line":71,"column":null}}},"4":{"name":"(anonymous_5)","decl":{"start":{"line":113,"column":34},"end":{"line":113,"column":35}},"loc":{"start":{"line":114,"column":20},"end":{"line":114,"column":50}}},"5":{"name":"(anonymous_6)","decl":{"start":{"line":157,"column":26},"end":{"line":157,"column":27}},"loc":{"start":{"line":157,"column":33},"end":{"line":157,"column":null}}},"6":{"name":"(anonymous_7)","decl":{"start":{"line":187,"column":26},"end":{"line":187,"column":27}},"loc":{"start":{"line":187,"column":33},"end":{"line":187,"column":null}}}},"branchMap":{"0":{"loc":{"start":{"line":52,"column":4},"end":{"line":52,"column":null}},"type":"if","locations":[{"start":{"line":52,"column":4},"end":{"line":52,"column":null}}]},"1":{"loc":{"start":{"line":53,"column":4},"end":{"line":53,"column":null}},"type":"if","locations":[{"start":{"line":53,"column":4},"end":{"line":53,"column":null}}]},"2":{"loc":{"start":{"line":54,"column":4},"end":{"line":54,"column":null}},"type":"if","locations":[{"start":{"line":54,"column":4},"end":{"line":54,"column":null}}]},"3":{"loc":{"start":{"line":55,"column":4},"end":{"line":55,"column":null}},"type":"if","locations":[{"start":{"line":55,"column":4},"end":{"line":55,"column":null}}]},"4":{"loc":{"start":{"line":56,"column":4},"end":{"line":56,"column":null}},"type":"if","locations":[{"start":{"line":56,"column":4},"end":{"line":56,"column":null}}]},"5":{"loc":{"start":{"line":57,"column":4},"end":{"line":57,"column":null}},"type":"if","locations":[{"start":{"line":57,"column":4},"end":{"line":57,"column":null}}]},"6":{"loc":{"start":{"line":90,"column":14},"end":{"line":92,"column":15}},"type":"cond-expr","locations":[{"start":{"line":90,"column":14},"end":{"line":92,"column":15}}]},"7":{"loc":{"start":{"line":98,"column":7},"end":{"line":98,"column":null}},"type":"binary-expr","locations":[{"start":{"line":98,"column":7},"end":{"line":98,"column":null}}]},"8":{"loc":{"start":{"line":194,"column":7},"end":{"line":194,"column":null}},"type":"binary-expr","locations":[{"start":{"line":194,"column":7},"end":{"line":194,"column":null}}]}},"s":{"0":0,"1":0,"2":0,"3":0,"4":0,"5":0,"6":0,"7":0,"8":0,"9":0,"10":0,"11":0,"12":0,"13":0,"14":0,"15":0,"16":0,"17":0,"18":0,"19":0,"20":0,"21":0,"22":0,"23":0,"24":0,"25":0,"26":0,"27":0,"28":0,"29":0,"30":0,"31":0,"32":0,"33":0,"34":0,"35":0,"36":0,"37":0,"38":0,"39":0,"40":0,"41":0,"42":0,"43":0,"44":0,"45":0,"46":0},"f":{"0":0,"1":0,"2":0,"3":0,"4":0,"5":0,"6":0},"b":{"0":[0],"1":[0],"2":[0],"3":[0],"4":[0],"5":[0],"6":[0],"7":[0],"8":[0]}}
,"C:\\Users\\marti\\Desktop\\DESARROLLOSW\\CALL-AUTOMATION-PROYECT\\frontend-call-automation\\src\\components\\CallList.tsx": {"path":"C:\\Users\\marti\\Desktop\\DESARROLLOSW\\CALL-AUTOMATION-PROYECT\\frontend-call-automation\\src\\components\\CallList.tsx","statementMap":{"0":{"start":{"line":56,"column":16},"end":{"line":56,"column":25}},"1":{"start":{"line":3,"column":25},"end":{"line":3,"column":null}},"2":{"start":{"line":4,"column":28},"end":{"line":4,"column":null}},"3":{"start":{"line":5,"column":33},"end":{"line":5,"column":null}},"4":{"start":{"line":15,"column":7},"end":{"line":15,"column":null}},"5":{"start":{"line":23,"column":7},"end":{"line":23,"column":null}},"6":{"start":{"line":24,"column":23},"end":{"line":24,"column":null}},"7":{"start":{"line":25,"column":22},"end":{"line":25,"column":null}},"8":{"start":{"line":26,"column":25},"end":{"line":26,"column":null}},"9":{"start":{"line":37,"column":7},"end":{"line":37,"column":null}},"10":{"start":{"line":46,"column":7},"end":{"line":46,"column":null}},"11":{"start":{"line":47,"column":31},"end":{"line":47,"column":null}},"12":{"start":{"line":62,"column":26},"end":{"line":62,"column":null}},"13":{"start":{"line":63,"column":21},"end":{"line":63,"column":null}},"14":{"start":{"line":64,"column":50},"end":{"line":64,"column":null}},"15":{"start":{"line":68,"column":62},"end":{"line":68,"column":null}},"16":{"start":{"line":71,"column":39},"end":{"line":71,"column":null}},"17":{"start":{"line":73,"column":16},"end":{"line":73,"column":32}},"18":{"start":{"line":74,"column":21},"end":{"line":74,"column":null}},"19":{"start":{"line":77,"column":27},"end":{"line":81,"column":null}},"20":{"start":{"line":78,"column":4},"end":{"line":80,"column":null}},"21":{"start":{"line":79,"column":6},"end":{"line":79,"column":null}},"22":{"start":{"line":84,"column":31},"end":{"line":87,"column":null}},"23":{"start":{"line":85,"column":4},"end":{"line":85,"column":null}},"24":{"start":{"line":86,"column":4},"end":{"line":86,"column":null}},"25":{"start":{"line":90,"column":27},"end":{"line":96,"column":null}},"26":{"start":{"line":91,"column":4},"end":{"line":95,"column":null}},"27":{"start":{"line":92,"column":6},"end":{"line":92,"column":null}},"28":{"start":{"line":93,"column":6},"end":{"line":93,"column":null}},"29":{"start":{"line":94,"column":6},"end":{"line":94,"column":null}},"30":{"start":{"line":99,"column":28},"end":{"line":115,"column":null}},"31":{"start":{"line":100,"column":25},"end":{"line":108,"column":null}},"32":{"start":{"line":110,"column":19},"end":{"line":110,"column":75}},"33":{"start":{"line":118,"column":2},"end":{"line":170,"column":null}},"34":{"start":{"line":140,"column":18},"end":{"line":140,"column":null}},"35":{"start":{"line":173,"column":2},"end":{"line":189,"column":null}},"36":{"start":{"line":183,"column":25},"end":{"line":183,"column":null}},"37":{"start":{"line":192,"column":2},"end":{"line":202,"column":null}},"38":{"start":{"line":227,"column":14},"end":{"line":227,"column":null}},"39":{"start":{"line":258,"column":37},"end":{"line":258,"column":null}},"40":{"start":{"line":292,"column":47},"end":{"line":292,"column":null}},"41":{"start":{"line":304,"column":41},"end":{"line":304,"column":null}},"42":{"start":{"line":325,"column":31},"end":{"line":325,"column":null}},"43":{"start":{"line":329,"column":58},"end":{"line":329,"column":65}},"44":{"start":{"line":331,"column":16},"end":{"line":331,"column":null}},"45":{"start":{"line":334,"column":35},"end":{"line":334,"column":null}},"46":{"start":{"line":343,"column":31},"end":{"line":343,"column":null}},"47":{"start":{"line":375,"column":16},"end":{"line":375,"column":null}},"48":{"start":{"line":376,"column":16},"end":{"line":376,"column":null}}},"fnMap":{"0":{"name":"CallList","decl":{"start":{"line":56,"column":16},"end":{"line":56,"column":25}},"loc":{"start":{"line":61,"column":16},"end":{"line":389,"column":null}}},"1":{"name":"(anonymous_2)","decl":{"start":{"line":77,"column":27},"end":{"line":77,"column":28}},"loc":{"start":{"line":77,"column":28},"end":{"line":81,"column":null}}},"2":{"name":"(anonymous_3)","decl":{"start":{"line":84,"column":31},"end":{"line":84,"column":32}},"loc":{"start":{"line":84,"column":32},"end":{"line":87,"column":null}}},"3":{"name":"(anonymous_4)","decl":{"start":{"line":90,"column":27},"end":{"line":90,"column":null}},"loc":{"start":{"line":90,"column":27},"end":{"line":96,"column":null}}},"4":{"name":"(anonymous_5)","decl":{"start":{"line":99,"column":28},"end":{"line":99,"column":29}},"loc":{"start":{"line":99,"column":29},"end":{"line":115,"column":null}}},"5":{"name":"(anonymous_6)","decl":{"start":{"line":139,"column":21},"end":{"line":139,"column":22}},"loc":{"start":{"line":140,"column":18},"end":{"line":140,"column":null}}},"6":{"name":"(anonymous_7)","decl":{"start":{"line":183,"column":19},"end":{"line":183,"column":25}},"loc":{"start":{"line":183,"column":25},"end":{"line":183,"column":null}}},"7":{"name":"(anonymous_8)","decl":{"start":{"line":226,"column":23},"end":{"line":226,"column":24}},"loc":{"start":{"line":227,"column":14},"end":{"line":227,"column":null}}},"8":{"name":"(anonymous_9)","decl":{"start":{"line":258,"column":31},"end":{"line":258,"column":37}},"loc":{"start":{"line":258,"column":37},"end":{"line":258,"column":null}}},"9":{"name":"(anonymous_10)","decl":{"start":{"line":292,"column":41},"end":{"line":292,"column":47}},"loc":{"start":{"line":292,"column":47},"end":{"line":292,"column":null}}},"10":{"name":"(anonymous_11)","decl":{"start":{"line":304,"column":35},"end":{"line":304,"column":41}},"loc":{"start":{"line":304,"column":41},"end":{"line":304,"column":null}}},"11":{"name":"(anonymous_12)","decl":{"start":{"line":325,"column":25},"end":{"line":325,"column":31}},"loc":{"start":{"line":325,"column":31},"end":{"line":325,"column":null}}},"12":{"name":"(anonymous_13)","decl":{"start":{"line":329,"column":48},"end":{"line":329,"column":49}},"loc":{"start":{"line":329,"column":58},"end":{"line":329,"column":65}}},"13":{"name":"(anonymous_14)","decl":{"start":{"line":330,"column":14},"end":{"line":330,"column":15}},"loc":{"start":{"line":331,"column":16},"end":{"line":331,"column":null}}},"14":{"name":"(anonymous_15)","decl":{"start":{"line":334,"column":29},"end":{"line":334,"column":35}},"loc":{"start":{"line":334,"column":35},"end":{"line":334,"column":null}}},"15":{"name":"(anonymous_16)","decl":{"start":{"line":343,"column":25},"end":{"line":343,"column":31}},"loc":{"start":{"line":343,"column":31},"end":{"line":343,"column":null}}},"16":{"name":"(anonymous_17)","decl":{"start":{"line":374,"column":23},"end":{"line":374,"column":null}},"loc":{"start":{"line":374,"column":23},"end":{"line":377,"column":null}}}},"branchMap":{"0":{"loc":{"start":{"line":73,"column":16},"end":{"line":73,"column":32}},"type":"binary-expr","locations":[{"start":{"line":73,"column":16},"end":{"line":73,"column":30}},{"start":{"line":73,"column":30},"end":{"line":73,"column":32}}]},"1":{"loc":{"start":{"line":74,"column":21},"end":{"line":74,"column":null}},"type":"binary-expr","locations":[{"start":{"line":74,"column":21},"end":{"line":74,"column":42}},{"start":{"line":74,"column":42},"end":{"line":74,"column":null}}]},"2":{"loc":{"start":{"line":78,"column":4},"end":{"line":80,"column":null}},"type":"if","locations":[{"start":{"line":78,"column":4},"end":{"line":80,"column":null}}]},"3":{"loc":{"start":{"line":78,"column":8},"end":{"line":78,"column":46}},"type":"binary-expr","locations":[{"start":{"line":78,"column":8},"end":{"line":78,"column":23}},{"start":{"line":78,"column":23},"end":{"line":78,"column":46}}]},"4":{"loc":{"start":{"line":91,"column":4},"end":{"line":95,"column":null}},"type":"if","locations":[{"start":{"line":91,"column":4},"end":{"line":95,"column":null}}]},"5":{"loc":{"start":{"line":110,"column":19},"end":{"line":110,"column":75}},"type":"binary-expr","locations":[{"start":{"line":110,"column":19},"end":{"line":110,"column":39}},{"start":{"line":110,"column":43},"end":{"line":110,"column":75}}]},"6":{"loc":{"start":{"line":118,"column":2},"end":{"line":170,"column":null}},"type":"if","locations":[{"start":{"line":118,"column":2},"end":{"line":170,"column":null}}]},"7":{"loc":{"start":{"line":173,"column":2},"end":{"line":189,"column":null}},"type":"if","locations":[{"start":{"line":173,"column":2},"end":{"line":189,"column":null}}]},"8":{"loc":{"start":{"line":192,"column":2},"end":{"line":202,"column":null}},"type":"if","locations":[{"start":{"line":192,"column":2},"end":{"line":202,"column":null}}]},"9":{"loc":{"start":{"line":209,"column":39},"end":{"line":209,"column":56}},"type":"binary-expr","locations":[{"start":{"line":209,"column":39},"end":{"line":209,"column":54}},{"start":{"line":209,"column":54},"end":{"line":209,"column":56}}]},"10":{"loc":{"start":{"line":251,"column":19},"end":{"line":251,"column":null}},"type":"cond-expr","locations":[{"start":{"line":251,"column":35},"end":{"line":251,"column":54}},{"start":{"line":251,"column":57},"end":{"line":251,"column":null}}]},"11":{"loc":{"start":{"line":264,"column":22},"end":{"line":264,"column":55}},"type":"binary-expr","locations":[{"start":{"line":264,"column":22},"end":{"line":264,"column":55}},{"start":{"line":265,"column":22},"end":{"line":265,"column":56}},{"start":{"line":266,"column":22},"end":{"line":266,"column":59}}]},"12":{"loc":{"start":{"line":320,"column":7},"end":{"line":320,"column":null}},"type":"binary-expr","locations":[{"start":{"line":320,"column":7},"end":{"line":320,"column":null}}]},"13":{"loc":{"start":{"line":326,"column":27},"end":{"line":326,"column":null}},"type":"cond-expr","locations":[{"start":{"line":326,"column":40},"end":{"line":326,"column":75}},{"start":{"line":326,"column":75},"end":{"line":326,"column":null}}]},"14":{"loc":{"start":{"line":345,"column":18},"end":{"line":345,"column":null}},"type":"cond-expr","locations":[{"start":{"line":345,"column":40},"end":{"line":345,"column":75}},{"start":{"line":345,"column":75},"end":{"line":345,"column":null}}]}},"s":{"0":0,"1":0,"2":0,"3":0,"4":0,"5":0,"6":0,"7":0,"8":0,"9":0,"10":0,"11":0,"12":0,"13":0,"14":0,"15":0,"16":0,"17":0,"18":0,"19":0,"20":0,"21":0,"22":0,"23":0,"24":0,"25":0,"26":0,"27":0,"28":0,"29":0,"30":0,"31":0,"32":0,"33":0,"34":0,"35":0,"36":0,"37":0,"38":0,"39":0,"40":0,"41":0,"42":0,"43":0,"44":0,"45":0,"46":0,"47":0,"48":0},"f":{"0":0,"1":0,"2":0,"3":0,"4":0,"5":0,"6":0,"7":0,"8":0,"9":0,"10":0,"11":0,"12":0,"13":0,"14":0,"15":0,"16":0},"b":{"0":[0,0],"1":[0,0],"2":[0],"3":[0,0],"4":[0],"5":[0,0],"6":[0],"7":[0],"8":[0],"9":[0,0],"10":[0,0],"11":[0,0,0],"12":[0],"13":[0,0],"14":[0,0]}}
,"C:\\Users\\marti\\Desktop\\DESARROLLOSW\\CALL-AUTOMATION-PROYECT\\frontend-call-automation\\src\\components\\CallStatusDistribution.tsx": {"path":"C:\\Users\\marti\\Desktop\\DESARROLLOSW\\CALL-AUTOMATION-PROYECT\\frontend-call-automation\\src\\components\\CallStatusDistribution.tsx","statementMap":{"0":{"start":{"line":18,"column":16},"end":{"line":18,"column":39}},"1":{"start":{"line":3,"column":34},"end":{"line":3,"column":null}},"2":{"start":{"line":4,"column":27},"end":{"line":4,"column":null}},"3":{"start":{"line":5,"column":25},"end":{"line":5,"column":null}},"4":{"start":{"line":6,"column":28},"end":{"line":6,"column":null}},"5":{"start":{"line":7,"column":37},"end":{"line":7,"column":null}},"6":{"start":{"line":10,"column":0},"end":{"line":10,"column":null}},"7":{"start":{"line":23,"column":19},"end":{"line":23,"column":null}},"8":{"start":{"line":24,"column":24},"end":{"line":24,"column":null}},"9":{"start":{"line":27,"column":23},"end":{"line":35,"column":null}},"10":{"start":{"line":38,"column":23},"end":{"line":46,"column":null}},"11":{"start":{"line":49,"column":2},"end":{"line":119,"column":null}},"12":{"start":{"line":50,"column":4},"end":{"line":50,"column":null}},"13":{"start":{"line":50,"column":60},"end":{"line":50,"column":null}},"14":{"start":{"line":53,"column":4},"end":{"line":55,"column":null}},"15":{"start":{"line":54,"column":6},"end":{"line":54,"column":null}},"16":{"start":{"line":58,"column":19},"end":{"line":59,"column":null}},"17":{"start":{"line":59,"column":15},"end":{"line":59,"column":null}},"18":{"start":{"line":61,"column":19},"end":{"line":61,"column":null}},"19":{"start":{"line":62,"column":28},"end":{"line":63,"column":null}},"20":{"start":{"line":63,"column":15},"end":{"line":63,"column":null}},"21":{"start":{"line":67,"column":16},"end":{"line":67,"column":null}},"22":{"start":{"line":68,"column":4},"end":{"line":110,"column":null}},"23":{"start":{"line":69,"column":6},"end":{"line":109,"column":null}},"24":{"start":{"line":99,"column":32},"end":{"line":99,"column":null}},"25":{"start":{"line":100,"column":32},"end":{"line":100,"column":43}},"26":{"start":{"line":101,"column":32},"end":{"line":101,"column":null}},"27":{"start":{"line":101,"column":56},"end":{"line":101,"column":63}},"28":{"start":{"line":102,"column":37},"end":{"line":102,"column":null}},"29":{"start":{"line":103,"column":18},"end":{"line":103,"column":null}},"30":{"start":{"line":113,"column":4},"end":{"line":118,"column":null}},"31":{"start":{"line":114,"column":6},"end":{"line":117,"column":null}},"32":{"start":{"line":115,"column":8},"end":{"line":115,"column":null}},"33":{"start":{"line":116,"column":8},"end":{"line":116,"column":null}},"34":{"start":{"line":122,"column":2},"end":{"line":124,"column":null}},"35":{"start":{"line":127,"column":2},"end":{"line":134,"column":null}},"36":{"start":{"line":137,"column":16},"end":{"line":137,"column":null}},"37":{"start":{"line":137,"column":53},"end":{"line":137,"column":60}},"38":{"start":{"line":138,"column":2},"end":{"line":144,"column":null}}},"fnMap":{"0":{"name":"CallStatusDistribution","decl":{"start":{"line":18,"column":16},"end":{"line":18,"column":39}},"loc":{"start":{"line":22,"column":30},"end":{"line":151,"column":null}}},"1":{"name":"(anonymous_2)","decl":{"start":{"line":49,"column":12},"end":{"line":49,"column":null}},"loc":{"start":{"line":49,"column":12},"end":{"line":119,"column":5}}},"2":{"name":"(anonymous_3)","decl":{"start":{"line":59,"column":6},"end":{"line":59,"column":7}},"loc":{"start":{"line":59,"column":15},"end":{"line":59,"column":null}}},"3":{"name":"(anonymous_4)","decl":{"start":{"line":63,"column":6},"end":{"line":63,"column":7}},"loc":{"start":{"line":63,"column":15},"end":{"line":63,"column":null}}},"4":{"name":"(anonymous_5)","decl":{"start":{"line":98,"column":23},"end":{"line":98,"column":24}},"loc":{"start":{"line":98,"column":24},"end":{"line":104,"column":null}}},"5":{"name":"(anonymous_6)","decl":{"start":{"line":101,"column":46},"end":{"line":101,"column":47}},"loc":{"start":{"line":101,"column":56},"end":{"line":101,"column":63}}},"6":{"name":"(anonymous_7)","decl":{"start":{"line":113,"column":11},"end":{"line":113,"column":null}},"loc":{"start":{"line":113,"column":11},"end":{"line":118,"column":null}}},"7":{"name":"(anonymous_8)","decl":{"start":{"line":137,"column":43},"end":{"line":137,"column":44}},"loc":{"start":{"line":137,"column":53},"end":{"line":137,"column":60}}}},"branchMap":{"0":{"loc":{"start":{"line":50,"column":4},"end":{"line":50,"column":null}},"type":"if","locations":[{"start":{"line":50,"column":4},"end":{"line":50,"column":null}}]},"1":{"loc":{"start":{"line":50,"column":8},"end":{"line":50,"column":58}},"type":"binary-expr","locations":[{"start":{"line":50,"column":8},"end":{"line":50,"column":21}},{"start":{"line":50,"column":21},"end":{"line":50,"column":32}},{"start":{"line":50,"column":32},"end":{"line":50,"column":41}},{"start":{"line":50,"column":41},"end":{"line":50,"column":58}}]},"2":{"loc":{"start":{"line":53,"column":4},"end":{"line":55,"column":null}},"type":"if","locations":[{"start":{"line":53,"column":4},"end":{"line":55,"column":null}}]},"3":{"loc":{"start":{"line":59,"column":15},"end":{"line":59,"column":null}},"type":"binary-expr","locations":[{"start":{"line":59,"column":15},"end":{"line":59,"column":46}},{"start":{"line":59,"column":50},"end":{"line":59,"column":null}}]},"4":{"loc":{"start":{"line":63,"column":15},"end":{"line":63,"column":null}},"type":"binary-expr","locations":[{"start":{"line":63,"column":15},"end":{"line":63,"column":46}},{"start":{"line":63,"column":50},"end":{"line":63,"column":null}}]},"5":{"loc":{"start":{"line":68,"column":4},"end":{"line":110,"column":null}},"type":"if","locations":[{"start":{"line":68,"column":4},"end":{"line":110,"column":null}}]},"6":{"loc":{"start":{"line":99,"column":32},"end":{"line":99,"column":null}},"type":"binary-expr","locations":[{"start":{"line":99,"column":32},"end":{"line":99,"column":45}},{"start":{"line":99,"column":49},"end":{"line":99,"column":null}}]},"7":{"loc":{"start":{"line":114,"column":6},"end":{"line":117,"column":null}},"type":"if","locations":[{"start":{"line":114,"column":6},"end":{"line":117,"column":null}}]},"8":{"loc":{"start":{"line":122,"column":2},"end":{"line":124,"column":null}},"type":"if","locations":[{"start":{"line":122,"column":2},"end":{"line":124,"column":null}}]},"9":{"loc":{"start":{"line":127,"column":2},"end":{"line":134,"column":null}},"type":"if","locations":[{"start":{"line":127,"column":2},"end":{"line":134,"column":null}}]},"10":{"loc":{"start":{"line":127,"column":6},"end":{"line":127,"column":24}},"type":"binary-expr","locations":[{"start":{"line":127,"column":6},"end":{"line":127,"column":17}},{"start":{"line":127,"column":17},"end":{"line":127,"column":24}}]},"11":{"loc":{"start":{"line":138,"column":2},"end":{"line":144,"column":null}},"type":"if","locations":[{"start":{"line":138,"column":2},"end":{"line":144,"column":null}}]}},"s":{"0":0,"1":0,"2":0,"3":0,"4":0,"5":0,"6":0,"7":0,"8":0,"9":0,"10":0,"11":0,"12":0,"13":0,"14":0,"15":0,"16":0,"17":0,"18":0,"19":0,"20":0,"21":0,"22":0,"23":0,"24":0,"25":0,"26":0,"27":0,"28":0,"29":0,"30":0,"31":0,"32":0,"33":0,"34":0,"35":0,"36":0,"37":0,"38":0},"f":{"0":0,"1":0,"2":0,"3":0,"4":0,"5":0,"6":0,"7":0},"b":{"0":[0],"1":[0,0,0,0],"2":[0],"3":[0,0],"4":[0,0],"5":[0],"6":[0,0],"7":[0],"8":[0],"9":[0],"10":[0,0],"11":[0]}}
,"C:\\Users\\marti\\Desktop\\DESARROLLOSW\\CALL-AUTOMATION-PROYECT\\frontend-call-automation\\src\\components\\CallTimeline.tsx": {"path":"C:\\Users\\marti\\Desktop\\DESARROLLOSW\\CALL-AUTOMATION-PROYECT\\frontend-call-automation\\src\\components\\CallTimeline.tsx","statementMap":{"0":{"start":{"line":27,"column":16},"end":{"line":27,"column":29}},"1":{"start":{"line":3,"column":34},"end":{"line":3,"column":null}},"2":{"start":{"line":4,"column":25},"end":{"line":4,"column":null}},"3":{"start":{"line":5,"column":28},"end":{"line":5,"column":null}},"4":{"start":{"line":6,"column":37},"end":{"line":6,"column":null}},"5":{"start":{"line":8,"column":19},"end":{"line":8,"column":null}},"6":{"start":{"line":11,"column":0},"end":{"line":11,"column":null}},"7":{"start":{"line":33,"column":19},"end":{"line":33,"column":null}},"8":{"start":{"line":34,"column":24},"end":{"line":34,"column":null}},"9":{"start":{"line":37,"column":2},"end":{"line":136,"column":null}},"10":{"start":{"line":38,"column":4},"end":{"line":38,"column":null}},"11":{"start":{"line":38,"column":60},"end":{"line":38,"column":null}},"12":{"start":{"line":41,"column":4},"end":{"line":43,"column":null}},"13":{"start":{"line":42,"column":6},"end":{"line":42,"column":null}},"14":{"start":{"line":46,"column":19},"end":{"line":49,"column":null}},"15":{"start":{"line":47,"column":19},"end":{"line":47,"column":null}},"16":{"start":{"line":48,"column":6},"end":{"line":48,"column":null}},"17":{"start":{"line":52,"column":16},"end":{"line":52,"column":null}},"18":{"start":{"line":53,"column":4},"end":{"line":127,"column":null}},"19":{"start":{"line":54,"column":6},"end":{"line":126,"column":null}},"20":{"start":{"line":61,"column":39},"end":{"line":61,"column":49}},"21":{"start":{"line":70,"column":39},"end":{"line":70,"column":53}},"22":{"start":{"line":79,"column":39},"end":{"line":79,"column":50}},"23":{"start":{"line":130,"column":4},"end":{"line":135,"column":null}},"24":{"start":{"line":131,"column":6},"end":{"line":134,"column":null}},"25":{"start":{"line":132,"column":8},"end":{"line":132,"column":null}},"26":{"start":{"line":133,"column":8},"end":{"line":133,"column":null}},"27":{"start":{"line":139,"column":2},"end":{"line":141,"column":null}},"28":{"start":{"line":144,"column":2},"end":{"line":151,"column":null}},"29":{"start":{"line":154,"column":2},"end":{"line":160,"column":null}}},"fnMap":{"0":{"name":"CallTimeline","decl":{"start":{"line":27,"column":16},"end":{"line":27,"column":29}},"loc":{"start":{"line":32,"column":20},"end":{"line":167,"column":null}}},"1":{"name":"(anonymous_3)","decl":{"start":{"line":37,"column":12},"end":{"line":37,"column":null}},"loc":{"start":{"line":37,"column":12},"end":{"line":136,"column":5}}},"2":{"name":"(anonymous_4)","decl":{"start":{"line":46,"column":28},"end":{"line":46,"column":29}},"loc":{"start":{"line":46,"column":29},"end":{"line":49,"column":null}}},"3":{"name":"(anonymous_5)","decl":{"start":{"line":61,"column":29},"end":{"line":61,"column":30}},"loc":{"start":{"line":61,"column":39},"end":{"line":61,"column":49}}},"4":{"name":"(anonymous_6)","decl":{"start":{"line":70,"column":29},"end":{"line":70,"column":30}},"loc":{"start":{"line":70,"column":39},"end":{"line":70,"column":53}}},"5":{"name":"(anonymous_7)","decl":{"start":{"line":79,"column":29},"end":{"line":79,"column":30}},"loc":{"start":{"line":79,"column":39},"end":{"line":79,"column":50}}},"6":{"name":"(anonymous_8)","decl":{"start":{"line":130,"column":11},"end":{"line":130,"column":null}},"loc":{"start":{"line":130,"column":11},"end":{"line":135,"column":null}}}},"branchMap":{"0":{"loc":{"start":{"line":31,"column":2},"end":{"line":31,"column":17}},"type":"default-arg","locations":[{"start":{"line":31,"column":12},"end":{"line":31,"column":17}}]},"1":{"loc":{"start":{"line":38,"column":4},"end":{"line":38,"column":null}},"type":"if","locations":[{"start":{"line":38,"column":4},"end":{"line":38,"column":null}}]},"2":{"loc":{"start":{"line":38,"column":8},"end":{"line":38,"column":58}},"type":"binary-expr","locations":[{"start":{"line":38,"column":8},"end":{"line":38,"column":21}},{"start":{"line":38,"column":21},"end":{"line":38,"column":32}},{"start":{"line":38,"column":32},"end":{"line":38,"column":41}},{"start":{"line":38,"column":41},"end":{"line":38,"column":58}}]},"3":{"loc":{"start":{"line":41,"column":4},"end":{"line":43,"column":null}},"type":"if","locations":[{"start":{"line":41,"column":4},"end":{"line":43,"column":null}}]},"4":{"loc":{"start":{"line":53,"column":4},"end":{"line":127,"column":null}},"type":"if","locations":[{"start":{"line":53,"column":4},"end":{"line":127,"column":null}}]},"5":{"loc":{"start":{"line":131,"column":6},"end":{"line":134,"column":null}},"type":"if","locations":[{"start":{"line":131,"column":6},"end":{"line":134,"column":null}}]},"6":{"loc":{"start":{"line":139,"column":2},"end":{"line":141,"column":null}},"type":"if","locations":[{"start":{"line":139,"column":2},"end":{"line":141,"column":null}}]},"7":{"loc":{"start":{"line":144,"column":2},"end":{"line":151,"column":null}},"type":"if","locations":[{"start":{"line":144,"column":2},"end":{"line":151,"column":null}}]},"8":{"loc":{"start":{"line":144,"column":6},"end":{"line":144,"column":24}},"type":"binary-expr","locations":[{"start":{"line":144,"column":6},"end":{"line":144,"column":17}},{"start":{"line":144,"column":17},"end":{"line":144,"column":24}}]},"9":{"loc":{"start":{"line":154,"column":2},"end":{"line":160,"column":null}},"type":"if","locations":[{"start":{"line":154,"column":2},"end":{"line":160,"column":null}}]}},"s":{"0":0,"1":0,"2":0,"3":0,"4":0,"5":0,"6":0,"7":0,"8":0,"9":0,"10":0,"11":0,"12":0,"13":0,"14":0,"15":0,"16":0,"17":0,"18":0,"19":0,"20":0,"21":0,"22":0,"23":0,"24":0,"25":0,"26":0,"27":0,"28":0,"29":0},"f":{"0":0,"1":0,"2":0,"3":0,"4":0,"5":0,"6":0},"b":{"0":[0],"1":[0],"2":[0,0,0,0],"3":[0],"4":[0],"5":[0],"6":[0],"7":[0],"8":[0,0],"9":[0]}}
,"C:\\Users\\marti\\Desktop\\DESARROLLOSW\\CALL-AUTOMATION-PROYECT\\frontend-call-automation\\src\\components\\CallTranscript.tsx": {"path":"C:\\Users\\marti\\Desktop\\DESARROLLOSW\\CALL-AUTOMATION-PROYECT\\frontend-call-automation\\src\\components\\CallTranscript.tsx","statementMap":{"0":{"start":{"line":20,"column":16},"end":{"line":20,"column":31}},"1":{"start":{"line":3,"column":25},"end":{"line":3,"column":null}},"2":{"start":{"line":5,"column":19},"end":{"line":5,"column":null}},"3":{"start":{"line":6,"column":23},"end":{"line":6,"column":null}},"4":{"start":{"line":7,"column":27},"end":{"line":7,"column":null}},"5":{"start":{"line":8,"column":38},"end":{"line":8,"column":null}},"6":{"start":{"line":21,"column":46},"end":{"line":21,"column":null}},"7":{"start":{"line":24,"column":30},"end":{"line":26,"column":null}},"8":{"start":{"line":29,"column":29},"end":{"line":49,"column":null}},"9":{"start":{"line":30,"column":17},"end":{"line":38,"column":null}},"10":{"start":{"line":32,"column":24},"end":{"line":32,"column":null}},"11":{"start":{"line":33,"column":21},"end":{"line":35,"column":null}},"12":{"start":{"line":36,"column":8},"end":{"line":36,"column":null}},"13":{"start":{"line":40,"column":17},"end":{"line":40,"column":null}},"14":{"start":{"line":41,"column":16},"end":{"line":41,"column":null}},"15":{"start":{"line":42,"column":14},"end":{"line":42,"column":null}},"16":{"start":{"line":43,"column":4},"end":{"line":43,"column":null}},"17":{"start":{"line":44,"column":4},"end":{"line":44,"column":null}},"18":{"start":{"line":45,"column":4},"end":{"line":45,"column":null}},"19":{"start":{"line":46,"column":4},"end":{"line":46,"column":null}},"20":{"start":{"line":47,"column":4},"end":{"line":47,"column":null}},"21":{"start":{"line":48,"column":4},"end":{"line":48,"column":null}},"22":{"start":{"line":51,"column":2},"end":{"line":57,"column":null}},"23":{"start":{"line":67,"column":27},"end":{"line":67,"column":null}},"24":{"start":{"line":85,"column":12},"end":{"line":86,"column":null}}},"fnMap":{"0":{"name":"CallTranscript","decl":{"start":{"line":20,"column":16},"end":{"line":20,"column":31}},"loc":{"start":{"line":20,"column":66},"end":{"line":136,"column":null}}},"1":{"name":"(anonymous_3)","decl":{"start":{"line":29,"column":29},"end":{"line":29,"column":null}},"loc":{"start":{"line":29,"column":29},"end":{"line":49,"column":null}}},"2":{"name":"(anonymous_4)","decl":{"start":{"line":31,"column":11},"end":{"line":31,"column":12}},"loc":{"start":{"line":31,"column":12},"end":{"line":37,"column":null}}},"3":{"name":"(anonymous_5)","decl":{"start":{"line":67,"column":21},"end":{"line":67,"column":27}},"loc":{"start":{"line":67,"column":27},"end":{"line":67,"column":null}}},"4":{"name":"(anonymous_6)","decl":{"start":{"line":84,"column":24},"end":{"line":84,"column":25}},"loc":{"start":{"line":85,"column":12},"end":{"line":86,"column":null}}}},"branchMap":{"0":{"loc":{"start":{"line":24,"column":30},"end":{"line":26,"column":null}},"type":"cond-expr","locations":[{"start":{"line":25,"column":6},"end":{"line":25,"column":null}},{"start":{"line":26,"column":6},"end":{"line":26,"column":null}}]},"1":{"loc":{"start":{"line":32,"column":24},"end":{"line":32,"column":null}},"type":"cond-expr","locations":[{"start":{"line":32,"column":51},"end":{"line":32,"column":58}},{"start":{"line":32,"column":58},"end":{"line":32,"column":null}}]},"2":{"loc":{"start":{"line":33,"column":21},"end":{"line":35,"column":null}},"type":"cond-expr","locations":[{"start":{"line":34,"column":12},"end":{"line":34,"column":null}},{"start":{"line":35,"column":12},"end":{"line":35,"column":null}}]},"3":{"loc":{"start":{"line":51,"column":2},"end":{"line":57,"column":null}},"type":"if","locations":[{"start":{"line":51,"column":2},"end":{"line":57,"column":null}}]},"4":{"loc":{"start":{"line":51,"column":6},"end":{"line":51,"column":42}},"type":"binary-expr","locations":[{"start":{"line":51,"column":6},"end":{"line":51,"column":19}},{"start":{"line":51,"column":19},"end":{"line":51,"column":42}}]},"5":{"loc":{"start":{"line":69,"column":13},"end":{"line":69,"column":null}},"type":"cond-expr","locations":[{"start":{"line":69,"column":30},"end":{"line":69,"column":48}},{"start":{"line":69,"column":48},"end":{"line":69,"column":null}}]},"6":{"loc":{"start":{"line":88,"column":16},"end":{"line":88,"column":null}},"type":"cond-expr","locations":[{"start":{"line":88,"column":47},"end":{"line":88,"column":65}},{"start":{"line":88,"column":65},"end":{"line":88,"column":null}}]},"7":{"loc":{"start":{"line":93,"column":18},"end":{"line":95,"column":null}},"type":"cond-expr","locations":[{"start":{"line":94,"column":22},"end":{"line":94,"column":null}},{"start":{"line":95,"column":22},"end":{"line":95,"column":null}}]},"8":{"loc":{"start":{"line":100,"column":20},"end":{"line":102,"column":null}},"type":"cond-expr","locations":[{"start":{"line":101,"column":24},"end":{"line":101,"column":null}},{"start":{"line":102,"column":24},"end":{"line":102,"column":null}}]},"9":{"loc":{"start":{"line":106,"column":20},"end":{"line":108,"column":21}},"type":"cond-expr","locations":[{"start":{"line":106,"column":20},"end":{"line":108,"column":21}}]},"10":{"loc":{"start":{"line":114,"column":22},"end":{"line":116,"column":null}},"type":"cond-expr","locations":[{"start":{"line":115,"column":26},"end":{"line":115,"column":null}},{"start":{"line":116,"column":26},"end":{"line":116,"column":null}}]},"11":{"loc":{"start":{"line":121,"column":19},"end":{"line":121,"column":37}},"type":"binary-expr","locations":[{"start":{"line":121,"column":19},"end":{"line":121,"column":37}},{"start":{"line":121,"column":37},"end":{"line":121,"column":
[...]
,"C:\\Users\\marti\\Desktop\\DESARROLLOSW\\CALL-AUTOMATION-PROYECT\\frontend-call-automation\\src\\services\\notificationService.ts": {"path":"C:\\Users\\marti\\Desktop\\DESARROLLOSW\\CALL-AUTOMATION-PROYECT\\frontend-call-automation\\src\\services\\notificationService.ts","statementMap":{"0":{"start":{"line":145,"column":13},"end":{"line":145,"column":35}},"1":{"start":{"line":1,"column":30},"end":{"line":1,"column":null}},"2":{"start":{"line":33,"column":8},"end":{"line":33,"column":null}},"3":{"start":{"line":36,"column":4},"end":{"line":74,"column":null}},"4":{"start":{"line":38,"column":8},"end":{"line":45,"column":null}},"5":{"start":{"line":47,"column":8},"end":{"line":54,"column":null}},"6":{"start":{"line":56,"column":8},"end":{"line":63,"column":null}},"7":{"start":{"line":66,"column":8},"end":{"line":73,"column":null}},"8":{"start":{"line":81,"column":4},"end":{"line":81,"column":null}},"9":{"start":{"line":88,"column":4},"end":{"line":88,"column":null}},"10":{"start":{"line":95,"column":4},"end":{"line":95,"column":null}},"11":{"start":{"line":102,"column":4},"end":{"line":102,"column":null}},"12":{"start":{"line":120,"column":4},"end":{"line":127,"column":null}},"13":{"start":{"line":134,"column":4},"end":{"line":134,"column":null}},"14":{"start":{"line":141,"column":4},"end":{"line":141,"column":null}},"15":{"start":{"line":145,"column":35},"end":{"line":145,"column":null}}},"fnMap":{"0":{"name":"(anonymous_1)","decl":{"start":{"line":21,"column":2},"end":{"line":21,"column":null}},"loc":{"start":{"line":25,"column":12},"end":{"line":75,"column":null}}},"1":{"name":"(anonymous_2)","decl":{"start":{"line":80,"column":2},"end":{"line":80,"column":10}},"loc":{"start":{"line":80,"column":66},"end":{"line":82,"column":null}}},"2":{"name":"(anonymous_3)","decl":{"start":{"line":87,"column":2},"end":{"line":87,"column":8}},"loc":{"start":{"line":87,"column":64},"end":{"line":89,"column":null}}},"3":{"name":"(anonymous_4)","decl":{"start":{"line":94,"column":2},"end":{"line":94,"column":10}},"loc":{"start":{"line":94,"column":66},"end":{"line":96,"column":null}}},"4":{"name":"(anonymous_5)","decl":{"start":{"line":101,"column":2},"end":{"line":101,"column":7}},"loc":{"start":{"line":101,"column":63},"end":{"line":103,"column":null}}},"5":{"name":"(anonymous_6)","decl":{"start":{"line":108,"column":2},"end":{"line":108,"column":null}},"loc":{"start":{"line":119,"column":18},"end":{"line":128,"column":null}}},"6":{"name":"(anonymous_7)","decl":{"start":{"line":133,"column":2},"end":{"line":133,"column":21}},"loc":{"start":{"line":133,"column":21},"end":{"line":135,"column":null}}},"7":{"name":"(anonymous_8)","decl":{"start":{"line":140,"column":2},"end":{"line":140,"column":10}},"loc":{"start":{"line":140,"column":42},"end":{"line":142,"column":null}}}},"branchMap":{"0":{"loc":{"start":{"line":23,"column":4},"end":{"line":23,"column":35}},"type":"default-arg","locations":[{"start":{"line":23,"column":29},"end":{"line":23,"column":35}}]},"1":{"loc":{"start":{"line":32,"column":6},"end":{"line":32,"column":24}},"type":"default-arg","locations":[{"start":{"line":32,"column":20},"end":{"line":32,"column":24}}]},"2":{"loc":{"start":{"line":33,"column":8},"end":{"line":33,"column":null}},"type":"binary-expr","locations":[{"start":{"line":33,"column":8},"end":{"line":33,"column":19}},{"start":{"line":33,"column":19},"end":{"line":33,"column":null}}]},"3":{"loc":{"start":{"line":36,"column":4},"end":{"line":74,"column":null}},"type":"switch","locations":[{"start":{"line":37,"column":6},"end":{"line":45,"column":null}},{"start":{"line":46,"column":6},"end":{"line":54,"column":null}},{"start":{"line":55,"column":6},"end":{"line":63,"column":null}},{"start":{"line":64,"column":6},"end":{"line":64,"column":null}},{"start":{"line":65,"column":6},"end":{"line":73,"column":null}}]},"4":{"loc":{"start":{"line":121,"column":15},"end":{"line":121,"column":null}},"type":"binary-expr","locations":[{"start":{"line":121,"column":15},"end":{"line":121,"column":35}},{"start":{"line":121,"column":35},"end":{"line":121,"column":null}}]},"5":{"loc":{"start":{"line":122,"column":15},"end":{"line":122,"column":null}},"type":"binary-expr","locations":[{"start":{"line":122,"column":15},"end":{"line":122,"column":35}},{"start":{"line":122,"column":35},"end":{"line":122,"column":null}}]},"6":{"loc":{"start":{"line":123,"column":13},"end":{"line":123,"column":null}},"type":"binary-expr","locations":[{"start":{"line":123,"column":13},"end":{"line":123,"column":31}},{"start":{"line":123,"column":31},"end":{"line":123,"column":null}}]}},"s":{"0":0,"1":0,"2":0,"3":0,"4":0,"5":0,"6":0,"7":0,"8":0,"9":0,"10":0,"11":0,"12":0,"13":0,"14":0,"15":0},"f":{"0":0,"1":0,"2":0,"3":0,"4":0,"5":0,"6":0,"7":0},"b":{"0":[0],"1":[0],"2":[0,0],"3":[0,0,0,0,0],"4":[0,0],"5":[0,0],"6":[0,0]}}
,"C:\\Users\\marti\\Desktop\\DESARROLLOSW\\CALL-AUTOMATION-PROYECT\\frontend-call-automation\\src\\services\\reportService.ts": {"path":"C:\\Users\\marti\\Desktop\\DESARROLLOSW\\CALL-AUTOMATION-PROYECT\\frontend-call-automation\\src\\services\\reportService.ts","statementMap":{"0":{"start":{"line":9,"column":13},"end":{"line":9,"column":27}},"1":{"start":{"line":43,"column":13},"end":{"line":43,"column":35}},"2":{"start":{"line":69,"column":13},"end":{"line":69,"column":27}},"3":{"start":{"line":110,"column":13},"end":{"line":110,"column":31}},"4":{"start":{"line":125,"column":13},"end":{"line":125,"column":30}},"5":{"start":{"line":132,"column":13},"end":{"line":132,"column":38}},"6":{"start":{"line":139,"column":13},"end":{"line":139,"column":30}},"7":{"start":{"line":150,"column":13},"end":{"line":150,"column":34}},"8":{"start":{"line":1,"column":25},"end":{"line":1,"column":null}},"9":{"start":{"line":3,"column":25},"end":{"line":3,"column":null}},"10":{"start":{"line":6,"column":16},"end":{"line":6,"column":null}},"11":{"start":{"line":9,"column":30},"end":{"line":40,"column":null}},"12":{"start":{"line":11,"column":17},"end":{"line":11,"column":null}},"13":{"start":{"line":13,"column":2},"end":{"line":15,"column":null}},"14":{"start":{"line":14,"column":4},"end":{"line":14,"column":null}},"15":{"start":{"line":17,"column":2},"end":{"line":19,"column":null}},"16":{"start":{"line":18,"column":4},"end":{"line":18,"column":null}},"17":{"start":{"line":21,"column":2},"end":{"line":23,"column":null}},"18":{"start":{"line":22,"column":4},"end":{"line":22,"column":null}},"19":{"start":{"line":25,"column":2},"end":{"line":27,"column":null}},"20":{"start":{"line":26,"column":4},"end":{"line":26,"column":null}},"21":{"start":{"line":29,"column":19},"end":{"line":33,"column":null}},"22":{"start":{"line":35,"column":2},"end":{"line":37,"column":null}},"23":{"start":{"line":36,"column":4},"end":{"line":36,"column":null}},"24":{"start":{"line":39,"column":2},"end":{"line":39,"column":null}},"25":{"start":{"line":43,"column":38},"end":{"line":66,"column":null}},"26":{"start":{"line":45,"column":17},"end":{"line":45,"column":null}},"27":{"start":{"line":47,"column":2},"end":{"line":49,"column":null}},"28":{"start":{"line":48,"column":4},"end":{"line":48,"column":null}},"29":{"start":{"line":51,"column":2},"end":{"line":53,"column":null}},"30":{"start":{"line":52,"column":4},"end":{"line":52,"column":null}},"31":{"start":{"line":55,"column":19},"end":{"line":59,"column":null}},"32":{"start":{"line":61,"column":2},"end":{"line":63,"column":null}},"33":{"start":{"line":62,"column":4},"end":{"line":62,"column":null}},"34":{"start":{"line":65,"column":2},"end":{"line":65,"column":null}},"35":{"start":{"line":69,"column":30},"end":{"line":107,"column":null}},"36":{"start":{"line":75,"column":17},"end":{"line":78,"column":null}},"37":{"start":{"line":80,"column":2},"end":{"line":82,"column":null}},"38":{"start":{"line":81,"column":4},"end":{"line":81,"column":null}},"39":{"start":{"line":84,"column":2},"end":{"line":86,"column":null}},"40":{"start":{"line":85,"column":4},"end":{"line":85,"column":null}},"41":{"start":{"line":88,"column":2},"end":{"line":90,"column":null}},"42":{"start":{"line":89,"column":4},"end":{"line":89,"column":null}},"43":{"start":{"line":92,"column":2},"end":{"line":94,"column":null}},"44":{"start":{"line":93,"column":4},"end":{"line":93,"column":null}},"45":{"start":{"line":96,"column":19},"end":{"line":100,"column":null}},"46":{"start":{"line":102,"column":2},"end":{"line":104,"column":null}},"47":{"start":{"line":103,"column":4},"end":{"line":103,"column":null}},"48":{"start":{"line":106,"column":2},"end":{"line":106,"column":null}},"49":{"start":{"line":110,"column":34},"end":{"line":122,"column":null}},"50":{"start":{"line":111,"column":19},"end":{"line":115,"column":null}},"51":{"start":{"line":117,"column":2},"end":{"line":119,"column":null}},"52":{"start":{"line":118,"column":4},"end":{"line":118,"column":null}},"53":{"start":{"line":121,"column":2},"end":{"line":121,"column":null}},"54":{"start":{"line":125,"column":33},"end":{"line":130,"column":null}},"55":{"start":{"line":126,"column":2},"end":{"line":129,"column":null}},"56":{"start":{"line":128,"column":19},"end":{"line":128,"column":null}},"57":{"start":{"line":132,"column":41},"end":{"line":137,"column":null}},"58":{"start":{"line":133,"column":2},"end":{"line":136,"column":null}},"59":{"start":{"line":135,"column":19},"end":{"line":135,"column":null}},"60":{"start":{"line":139,"column":33},"end":{"line":148,"column":null}},"61":{"start":{"line":144,"column":2},"end":{"line":147,"column":null}},"62":{"start":{"line":146,"column":19},"end":{"line":146,"column":null}},"63":{"start":{"line":150,"column":37},"end":{"line":156,"column":null}},"64":{"start":{"line":151,"column":2},"end":{"line":155,"column":null}},"65":{"start":{"line":153,"column":19},"end":{"line":153,"column":null}}},"fnMap":{"0":{"name":"(anonymous_9)","decl":{"start":{"line":9,"column":30},"end":{"line":9,"column":37}},"loc":{"start":{"line":9,"column":54},"end":{"line":40,"column":null}}},"1":{"name":"(anonymous_10)","decl":{"start":{"line":43,"column":38},"end":{"line":43,"column":45}},"loc":{"start":{"line":43,"column":62},"end":{"line":66,"column":null}}},"2":{"name":"(anonymous_11)","decl":{"start":{"line":69,"column":30},"end":{"line":69,"column":null}},"loc":{"start":{"line":72,"column":19},"end":{"line":107,"column":null}}},"3":{"name":"(anonymous_12)","decl":{"start":{"line":110,"column":34},"end":{"line":110,"column":41}},"loc":{"start":{"line":110,"column":41},"end":{"line":122,"column":null}}},"4":{"name":"(anonymous_13)","decl":{"start":{"line":125,"column":33},"end":{"line":125,"column":34}},"loc":{"start":{"line":125,"column":51},"end":{"line":130,"column":null}}},"5":{"name":"(anonymous_14)","decl":{"start":{"line":128,"column":13},"end":{"line":128,"column":19}},"loc":{"start":{"line":128,"column":19},"end":{"line":128,"column":null}}},"6":{"name":"(anonymous_15)","decl":{"start":{"line":132,"column":41},"end":{"line":132,"column":42}},"loc":{"start":{"line":132,"column":59},"end":{"line":137,"column":null}}},"7":{"name":"(anonymous_16)","decl":{"start":{"line":135,"column":13},"end":{"line":135,"column":19}},"loc":{"start":{"line":135,"column":19},"end":{"line":135,"column":null}}},"8":{"name":"(anonymous_17)","decl":{"start":{"line":139,"column":33},"end":{"line":139,"column":null}},"loc":{"start":{"line":142,"column":19},"end":{"line":148,"column":null}}},"9":{"name":"(anonymous_18)","decl":{"start":{"line":146,"column":13},"end":{"line":146,"column":19}},"loc":{"start":{"line":146,"column":19},"end":{"line":146,"column":null}}},"10":{"name":"(anonymous_19)","decl":{"start":{"line":150,"column":37},"end":{"line":150,"column":38}},"loc":{"start":{"line":150,"column":38},"end":{"line":156,"column":null}}},"11":{"name":"(anonymous_20)","decl":{"start":{"line":153,"column":13},"end":{"line":153,"column":19}},"loc":{"start":{"line":153,"column":19},"end":{"line":153,"column":null}}}},"branchMap":{"0":{"loc":{"start":{"line":6,"column":16},"end":{"line":6,"column":null}},"type":"binary-expr","locations":[{"start":{"line":6,"column":16},"end":{"line":6,"column":47}},{"start":{"line":6,"column":51},"end":{"line":6,"column":null}}]},"1":{"loc":{"start":{"line":9,"column":37},"end":{"line":9,"column":54}},"type":"default-arg","locations":[{"start":{"line":9,"column":52},"end":{"line":9,"column":54}}]},"2":{"loc":{"start":{"line":13,"column":2},"end":{"line":15,"column":null}},"type":"if","locations":[{"start":{"line":13,"column":2},"end":{"line":15,"column":null}}]},"3":{"loc":{"start":{"line":17,"column":2},"end":{"line":19,"column":null}},"type":"if","locations":[{"start":{"line":17,"column":2},"end":{"line":19,"column":null}}]},"4":{"loc":{"start":{"line":21,"column":2},"end":{"line":23,"column":null}},"type":"if","locations":[{"start":{"line":21,"column":2},"end":{"line":23,"column":null}}]},"5":{"loc":{"start":{"line":25,"column":2},"end":{"line":27,"column":null}},"type":"if","locations":[{"start":{"line":25,"column":2},"end":{"line":27,"column":null}}]},"6":{"loc":{"start":{"line":35,"column":2},"end":{"line":37,"column":null}},"type":"if","locations":[{"start":{"line":35,"column":2},"end":{"line":37,"column":null}}]},"7":{"loc":{"start":{"line":43,"column":45},"end":{"line":43,"column":62}},"type":"default-arg","locations":[{"start":{"line":43,"column":60},"end":{"line":43,"column":62}}]},"8":{"loc":{"start":{"line":47,"column":2},"end":{"line":49,"column":null}},"type":"if","locations":[{"start":{"line":47,"column":2},"end":{"line":49,"column":null}}]},"9":{"loc":{"start":{"line":51,"column":2},"end":{"line":53,"column":null}},"type":"if","locations":[{"start":{"line":51,"column":2},"end":{"line":53,"column":null}}]},"10":{"loc":{"start":{"line":61,"column":2},"end":{"line":63,"column":null}},"type":"if","locations":[{"start":{"line":61,"column":2},"end":{"line":63,"column":null}}]},"11":{"loc":{"start":{"line":70,"column":2},"end":{"line":70,"column":18}},"type":"default-arg","locations":[{"start":{"line":70,"column":17},"end":{"line":70,"column":18}}]},"12":{"loc":{"start":{"line":71,"column":2},"end":{"line":71,"column":23}},"type":"default-arg","locations":[{"start":{"line":71,"column":21},"end":{"line":71,"column":23}}]},"13":{"loc":{"start":{"line":72,"column":2},"end":{"line":72,"column":19}},"type":"default-arg","locations":[{"start":{"line":72,"column":17},"end":{"line":72,"column":19}}]},"14":{"loc":{"start":{"line":80,"column":2},"end":{"line":82,"column":null}},"type":"if","locations":[{"start":{"line":80,"column":2},"end":{"line":82,"column":null}}]},"15":{"loc":{"start":{"line":84,"column":2},"end":{"line":86,"column":null}},"type":"if","locations":[{"start":{"line":84,"column":2},"end":{"line":86,"column":null}}]},"16":{"loc":{"start":{"line":88,"column":2},"end":{"line":90,"column":null}},"type":"if","locations":[{"start":{"line":88,"column":2},"end":{"line":90,"column":null}}]},"17":{"loc":{"start":{"line":92,"column":2},"end":{"line":94,"column":null}},"type":"if","locations":[{"start":{"line":92,"column":2},"end":{"line":94,"column":null}}]},"18":{"loc":{"start":{"line":102,"column":2},"end":{"line":104,"column":null}},"type":"if","locations":[{"start":{"line":102,"column":2},"end":{"line":104,"column":null}}]},"19":{"loc":{"start":{"line":117,"column":2},"end":{"line":119,"column":null}},"type":"if","locations":[{"start":{"line":117,"column":2},"end":{"line":119,"column":null}}]},"20":{"loc":{"start":{"line":125,"column":34},"end":{"line":125,"column":51}},"type":"default-arg","locations":[{"start":{"line":125,"column":49},"end":{"line":125,"column":51}}]},"21":{"loc":{"start":{"line":132,"column":42},"end":{"line":132,"column":59}},"type":"default-arg","locations":[{"start":{"line":132,"column":57},"end":{"line":132,"column":59}}]},"22":{"loc":{"start":{"line":140,"column":2},"end":{"line":140,"column":18}},"type":"default-arg","locations":[{"start":{"line":140,"column":17},"end":{"line":140,"column":18}}]},"23":{"loc":{"start":{"line":141,"column":2},"end":{"line":141,"column":23}},"type":"default-arg","locations":[{"start":{"line":141,"column":21},"end":{"line":141,"column":23}}]},"24":{"loc":{"start":{"line":142,"column":2},"end":{"line":142,"column":19}},"type":"default-arg","locations":[{"start":{"line":142,"column":17},"end":{"line":142,"column":19}}]}},"s":{"0":0,"1":0,"2":0,"3":0,"4":0,"5":0,"6":0,"7":0,"8":0,"9":0,"10":0,"11":0,"12":0,"13":0,"14":0,"15":0,"16":0,"17":0,"18":0,"19":0,"20":0,"21":0,"22":0,"23":0,"24":0,"25":0,"26":0,"27":0,"28":0,"29":0,"30":0,"31":0,"32":0,"33":0,"34":0,"35":0,"36":0,"37":0,"38":0,"39":0,"40":0,"41":0,"42":0,"43":0,"44":0,"45":0,"46":0,"47":0,"48":0,"49":0,"50":0,"51":0,"52":0,"53":0,"54":0,"55":0,"56":0,"57":0,"58":0,"59":0,"60":0,"61":0,"62":0,"63":0,"64":0,"65":0},"f":{"0":0,"1":0,"2":0,"3":0,"4":0,"5":0,"6":0,"7":0,"8":0,"9":0,"10":0,"11":0},"b":{"0":[0,0],"1":[0],"2":[0],"3":[0],"4":[0],"5":[0],"6":[0],"7":[0],"8":[0],"9":[0],"10":[0],"11":[0],"12":[0],"13":[0],"14":[0],"15":[0],"16":[0],"17":[0],"18":[0],"19":[0],"20":[0],"21":[0],"22":[0],"23":[0],"24":[0]}}
,"C:\\Users\\marti\\Desktop\\DESARROLLOSW\\CALL-AUTOMATION-PROYECT\\frontend-call-automation\\src\\types\\call.ts": {"path":"C:\\Users\\marti\\Desktop\\DESARROLLOSW\\CALL-AUTOMATION-PROYECT\\frontend-call-automation\\src\\types\\call.ts","statementMap":{"0":{"start":{"line":1,"column":12},"end":{"line":1,"column":22}},"1":{"start":{"line":1,"column":12},"end":{"line":2,"column":null}},"2":{"start":{"line":1,"column":12},"end":{"line":3,"column":null}},"3":{"start":{"line":1,"column":12},"end":{"line":4,"column":null}},"4":{"start":{"line":1,"column":12},"end":{"line":5,"column":null}},"5":{"start":{"line":1,"column":12},"end":{"line":6,"column":null}},"6":{"start":{"line":1,"column":12},"end":{"line":7,"column":null}},"7":{"start":{"line":1,"column":12},"end":{"line":8,"column":null}}},"fnMap":{"0":{"name":"(anonymous_1)","decl":{"start":{"line":1,"column":12},"end":{"line":1,"column":22}},"loc":{"start":{"line":1,"column":22},"end":{"line":1,"column":11}}}},"branchMap":{"0":{"loc":{"start":{"line":1,"column":12},"end":{"line":1,"column":22}},"type":"binary-expr","locations":[{"start":{"line":1,"column":12},"end":{"line":1,"column":22}},{"start":{"line":1,"column":12},"end":{"line":1,"column":22}}]}},"s":{"0":0,"1":0,"2":0,"3":0,"4":0,"5":0,"6":0,"7":0},"f":{"0":0},"b":{"0":[0,0]}}
}
