TN:
SF:src\app\layout.tsx
FN:15,RootLayout
FNF:1
FNH:0
FNDA:0,RootLayout
DA:1,0
DA:2,0
DA:3,0
DA:4,0
DA:5,0
DA:7,0
DA:9,0
DA:15,0
LF:8
LH:0
BRF:0
BRH:0
end_of_record
TN:
SF:src\app\page.tsx
FN:6,Home
FNF:1
FNH:0
FNDA:0,Home
DA:3,0
DA:4,0
DA:6,0
LF:3
LH:0
BRF:0
BRH:0
end_of_record
TN:
SF:src\app\calls\page.tsx
FN:8,CallsPage
FNF:1
FNH:0
FNDA:0,CallsPage
DA:1,0
DA:3,0
DA:8,0
DA:9,0
LF:4
LH:0
BRF:0
BRH:0
end_of_record
TN:
SF:src\app\campaigns\layout.tsx
FN:3,CampaignsLayout
FNF:1
FNH:0
FNDA:0,CampaignsLayout
DA:1,0
DA:3,0
LF:2
LH:0
BRF:0
BRH:0
end_of_record
TN:
SF:src\app\campaigns\page.tsx
FN:5,CampaignsPage
FNF:1
FNH:0
FNDA:0,CampaignsPage
DA:3,0
DA:5,0
DA:6,0
LF:3
LH:0
BRF:0
BRH:0
end_of_record
TN:
SF:src\app\campaigns\[id]\page.tsx
FN:13,CampaignDetailPage
FN:22,(anonymous_3)
FN:27,(anonymous_4)
FN:30,(anonymous_5)
FN:35,(anonymous_6)
FN:41,(anonymous_7)
FN:71,(anonymous_8)
FNF:7
FNH:0
FNDA:0,CampaignDetailPage
FNDA:0,(anonymous_3)
FNDA:0,(anonymous_4)
FNDA:0,(anonymous_5)
FNDA:0,(anonymous_6)
FNDA:0,(anonymous_7)
FNDA:0,(anonymous_8)
DA:3,0
DA:4,0
DA:5,0
DA:6,0
DA:8,0
DA:9,0
DA:10,0
DA:11,0
DA:13,0
DA:14,0
DA:15,0
DA:16,0
DA:18,0
DA:19,0
DA:20,0
DA:22,0
DA:23,0
DA:24,0
DA:25,0
DA:26,0
DA:28,0
DA:31,0
DA:32,0
DA:33,0
DA:36,0
DA:41,0
DA:42,0
DA:45,0
DA:46,0
DA:47,0
DA:48,0
DA:49,0
DA:51,0
DA:52,0
DA:53,0
DA:58,0
DA:62,0
DA:66,0
DA:71,0
DA:72,0
DA:73,0
DA:74,0
DA:76,0
LF:43
LH:0
BRDA:23,0,0,0
BRDA:42,1,0,0
BRDA:45,2,0,0
BRDA:58,3,0,0
BRDA:62,4,0,0
BRDA:66,5,0,0
BRDA:72,6,0,0
BRDA:86,7,0,0
BRDA:86,7,1,0
BRDA:86,8,0,0
BRDA:86,8,1,0
BRDA:87,9,0,0
BRDA:87,9,1,0
BRDA:90,10,0,0
BRDA:90,10,1,0
BRDA:96,11,0,0
BRDA:96,11,1,0
BRDA:97,12,0,0
BRDA:97,12,1,0
BRDA:98,13,0,0
BRDA:98,13,1,0
BRDA:99,14,0,0
BRDA:99,14,1,0
BRDA:99,15,0,0
BRDA:99,15,1,0
BRF:25
BRH:0
end_of_record
TN:
SF:src\app\campaigns\[id]\edit\page.tsx
FN:10,EditCampaignPage
FN:20,(anonymous_2)
FN:25,(anonymous_3)
FN:34,(anonymous_4)
FN:39,(anonymous_5)
FN:46,(anonymous_6)
FNF:6
FNH:0
FNDA:0,EditCampaignPage
FNDA:0,(anonymous_2)
FNDA:0,(anonymous_3)
FNDA:0,(anonymous_4)
FNDA:0,(anonymous_5)
FNDA:0,(anonymous_6)
DA:3,0
DA:4,0
DA:6,0
DA:7,0
DA:8,0
DA:10,0
DA:11,0
DA:12,0
DA:13,0
DA:15,0
DA:16,0
DA:17,0
DA:18,0
DA:20,0
DA:21,0
DA:22,0
DA:23,0
DA:24,0
DA:27,0
DA:32,0
DA:35,0
DA:36,0
DA:37,0
DA:40,0
DA:46,0
DA:48,0
DA:49,0
DA:50,0
DA:51,0
DA:55,0
DA:56,0
DA:57,0
DA:59,0
DA:60,0
DA:61,0
DA:63,0
DA:67,0
DA:71,0
DA:75,0
LF:39
LH:0
BRDA:21,0,0,0
BRDA:29,1,0,0
BRDA:29,1,1,0
BRDA:30,2,0,0
BRDA:30,2,1,0
BRDA:48,3,0,0
BRDA:67,4,0,0
BRDA:71,5,0,0
BRDA:75,6,0,0
BRF:9
BRH:0
end_of_record
TN:
SF:src\app\campaigns\create\page.tsx
FN:10,(anonymous_2)
FN:14,(anonymous_3)
FNF:2
FNH:0
FNDA:0,(anonymous_2)
FNDA:0,(anonymous_3)
DA:1,0
DA:2,0
DA:3,0
DA:4,0
DA:6,0
DA:7,0
DA:8,0
DA:10,0
DA:11,0
DA:12,0
DA:14,0
DA:15,0
DA:16,0
DA:17,0
DA:18,0
DA:20,0
DA:21,0
DA:23,0
DA:46,0
LF:19
LH:0
BRF:0
BRH:0
end_of_record
TN:
SF:src\app\contacts\layout.tsx
FN:3,ContactsLayout
FNF:1
FNH:0
FNDA:0,ContactsLayout
DA:1,0
DA:3,0
LF:2
LH:0
BRF:0
BRH:0
end_of_record
TN:
SF:src\app\contacts\page.tsx
FN:9,ContactsPage
FN:15,(anonymous_2)
FN:19,(anonymous_3)
FN:23,(anonymous_4)
FN:27,(anonymous_5)
FN:37,(anonymous_6)
FN:38,(anonymous_7)
FNF:7
FNH:0
FNDA:0,ContactsPage
FNDA:0,(anonymous_2)
FNDA:0,(anonymous_3)
FNDA:0,(anonymous_4)
FNDA:0,(anonymous_5)
FNDA:0,(anonymous_6)
FNDA:0,(anonymous_7)
DA:3,0
DA:4,0
DA:5,0
DA:7,0
DA:9,0
DA:10,0
DA:11,0
DA:12,0
DA:13,0
DA:15,0
DA:16,0
DA:19,0
DA:20,0
DA:23,0
DA:24,0
DA:27,0
DA:29,0
DA:30,0
DA:34,0
DA:37,0
DA:38,0
LF:21
LH:0
BRDA:34,0,0,0
BRF:1
BRH:0
end_of_record
TN:
SF:src\app\contacts\[id]\page.tsx
FN:13,ContactDetailPage
FN:22,(anonymous_2)
FN:23,(anonymous_3)
FN:68,(anonymous_4)
FN:82,(anonymous_5)
FN:90,(anonymous_6)
FN:91,(anonymous_7)
FNF:7
FNH:0
FNDA:0,ContactDetailPage
FNDA:0,(anonymous_2)
FNDA:0,(anonymous_3)
FNDA:0,(anonymous_4)
FNDA:0,(anonymous_5)
FNDA:0,(anonymous_6)
FNDA:0,(anonymous_7)
DA:3,0
DA:4,0
DA:5,0
DA:6,0
DA:9,0
DA:10,0
DA:11,0
DA:13,0
DA:14,0
DA:15,0
DA:16,0
DA:18,0
DA:19,0
DA:20,0
DA:22,0
DA:23,0
DA:24,0
DA:25,0
DA:26,0
DA:27,0
DA:28,0
DA:30,0
DA:31,0
DA:33,0
DA:37,0
DA:38,0
DA:42,0
DA:57,0
DA:68,0
DA:82,0
DA:90,0
DA:91,0
LF:32
LH:0
BRDA:37,0,0,0
BRDA:42,1,0,0
BRDA:57,2,0,0
BRDA:88,3,0,0
BRF:4
BRH:0
end_of_record
TN:
SF:src\app\contacts\new\page.tsx
FN:6,NewContactPage
FN:11,(anonymous_2)
FN:12,(anonymous_3)
FNF:3
FNH:0
FNDA:0,NewContactPage
FNDA:0,(anonymous_2)
FNDA:0,(anonymous_3)
DA:3,0
DA:4,0
DA:6,0
DA:7,0
DA:11,0
DA:13,0
LF:6
LH:0
BRF:0
BRH:0
end_of_record
TN:
SF:src\app\forgot-password\page.tsx
FN:40,ForgotPasswordPage
FN:53,(anonymous_3)
FNF:2
FNH:0
FNDA:0,ForgotPasswordPage
FNDA:0,(anonymous_3)
DA:3,0
DA:4,0
DA:5,0
DA:6,0
DA:7,0
DA:8,0
DA:16,0
DA:17,0
DA:25,0
DA:26,0
DA:27,0
DA:28,0
DA:31,0
DA:40,0
DA:41,0
DA:42,0
DA:45,0
DA:53,0
DA:54,0
DA:56,0
DA:58,0
DA:62,0
DA:63,0
DA:67,0
DA:68,0
DA:74,0
DA:78,0
LF:27
LH:0
BRDA:62,0,0,0
BRDA:75,1,0,0
BRDA:75,1,1,0
BRDA:95,2,0,0
BRDA:139,3,0,0
BRDA:139,3,1,0
BRF:6
BRH:0
end_of_record
TN:
SF:src\app\login\page.tsx
FN:5,LoginPage
FNF:1
FNH:0
FNDA:0,LoginPage
DA:3,0
DA:5,0
LF:2
LH:0
BRF:0
BRH:0
end_of_record
TN:
SF:src\app\register\page.tsx
FN:5,RegisterPage
FNF:1
FNH:0
FNDA:0,RegisterPage
DA:3,0
DA:5,0
LF:2
LH:0
BRF:0
BRH:0
end_of_record
TN:
SF:src\app\reports\page.tsx
FN:8,ReportsPage
FNF:1
FNH:0
FNDA:0,ReportsPage
DA:1,0
DA:3,0
DA:8,0
DA:9,0
LF:4
LH:0
BRF:0
BRH:0
end_of_record
TN:
SF:src\components\CallDetail.tsx
FN:52,CallDetail
FN:67,(anonymous_3)
FN:73,(anonymous_4)
FN:162,(anonymous_5)
FN:231,(anonymous_6)
FN:245,(anonymous_7)
FN:407,(anonymous_8)
FNF:7
FNH:0
FNDA:0,CallDetail
FNDA:0,(anonymous_3)
FNDA:0,(anonymous_4)
FNDA:0,(anonymous_5)
FNDA:0,(anonymous_6)
FNDA:0,(anonymous_7)
FNDA:0,(anonymous_8)
DA:3,0
DA:4,0
DA:5,0
DA:7,0
DA:15,0
DA:16,0
DA:17,0
DA:18,0
DA:19,0
DA:30,0
DA:41,0
DA:42,0
DA:43,0
DA:52,0
DA:61,0
DA:64,0
DA:67,0
DA:68,0
DA:69,0
DA:73,0
DA:74,0
DA:84,0
DA:94,0
DA:136,0
DA:162,0
DA:172,0
DA:176,0
DA:178,0
DA:179,0
DA:231,0
DA:245,0
DA:408,0
LF:32
LH:0
BRDA:84,0,0,0
BRDA:84,0,1,0
BRDA:94,1,0,0
BRDA:136,2,0,0
BRDA:136,3,0,0
BRDA:136,3,1,0
BRDA:172,4,0,0
BRDA:172,4,1,0
BRDA:172,4,2,0
BRDA:206,5,0,0
BRDA:241,6,0,0
BRDA:265,7,0,0
BRDA:265,7,1,0
BRDA:276,8,0,0
BRDA:276,8,1,0
BRDA:286,9,0,0
BRDA:286,9,1,0
BRDA:319,10,0,0
BRDA:346,11,0,0
BRDA:356,12,0,0
BRF:20
BRH:0
end_of_record
TN:
SF:src\components\CallFilter.tsx
FN:31,CallFilter
FN:44,(anonymous_2)
FN:49,(anonymous_3)
FN:63,(anonymous_4)
FN:113,(anonymous_5)
FN:157,(anonymous_6)
FN:187,(anonymous_7)
FNF:7
FNH:0
FNDA:0,CallFilter
FNDA:0,(anonymous_2)
FNDA:0,(anonymous_3)
FNDA:0,(anonymous_4)
FNDA:0,(anonymous_5)
FNDA:0,(anonymous_6)
FNDA:0,(anonymous_7)
DA:3,0
DA:4,0
DA:5,0
DA:6,0
DA:7,0
DA:8,0
DA:15,0
DA:23,0
DA:24,0
DA:25,0
DA:31,0
DA:32,0
DA:33,0
DA:34,0
DA:35,0
DA:36,0
DA:37,0
DA:38,0
DA:41,0
DA:44,0
DA:45,0
DA:49,0
DA:50,0
DA:52,0
DA:53,0
DA:54,0
DA:55,0
DA:56,0
DA:57,0
DA:59,0
DA:63,0
DA:64,0
DA:65,0
DA:66,0
DA:67,0
DA:68,0
DA:69,0
DA:70,0
DA:114,0
DA:157,0
DA:187,0
LF:41
LH:0
BRDA:52,0,0,0
BRDA:53,1,0,0
BRDA:54,2,0,0
BRDA:55,3,0,0
BRDA:56,4,0,0
BRDA:57,5,0,0
BRDA:90,6,0,0
BRDA:98,7,0,0
BRDA:194,8,0,0
BRF:9
BRH:0
end_of_record
TN:
SF:src\components\CallList.tsx
FN:56,CallList
FN:77,(anonymous_2)
FN:84,(anonymous_3)
FN:90,(anonymous_4)
FN:99,(anonymous_5)
FN:139,(anonymous_6)
FN:183,(anonymous_7)
FN:226,(anonymous_8)
FN:258,(anonymous_9)
FN:292,(anonymous_10)
FN:304,(anonymous_11)
FN:325,(anonymous_12)
FN:329,(anonymous_13)
FN:330,(anonymous_14)
FN:334,(anonymous_15)
FN:343,(anonymous_16)
FN:374,(anonymous_17)
FNF:17
FNH:0
FNDA:0,CallList
FNDA:0,(anonymous_2)
FNDA:0,(anonymous_3)
FNDA:0,(anonymous_4)
FNDA:0,(anonymous_5)
FNDA:0,(anonymous_6)
FNDA:0,(anonymous_7)
FNDA:0,(anonymous_8)
FNDA:0,(anonymous_9)
FNDA:0,(anonymous_10)
FNDA:0,(anonymous_11)
FNDA:0,(anonymous_12)
FNDA:0,(anonymous_13)
FNDA:0,(anonymous_14)
FNDA:0,(anonymous_15)
FNDA:0,(anonymous_16)
FNDA:0,(anonymous_17)
DA:3,0
DA:4,0
DA:5,0
DA:15,0
DA:23,0
DA:24,0
DA:25,0
DA:26,0
DA:37,0
DA:46,0
DA:47,0
DA:56,0
DA:62,0
DA:63,0
DA:64,0
DA:68,0
DA:71,0
DA:73,0
DA:74,0
DA:77,0
DA:78,0
DA:79,0
DA:84,0
DA:85,0
DA:86,0
DA:90,0
DA:91,0
DA:92,0
DA:93,0
DA:94,0
DA:99,0
DA:100,0
DA:110,0
DA:118,0
DA:140,0
DA:173,0
DA:183,0
DA:192,0
DA:227,0
DA:258,0
DA:292,0
DA:304,0
DA:325,0
DA:329,0
DA:331,0
DA:334,0
DA:343,0
DA:375,0
DA:376,0
LF:49
LH:0
BRDA:73,0,0,0
BRDA:73,0,1,0
BRDA:74,1,0,0
BRDA:74,1,1,0
BRDA:78,2,0,0
BRDA:78,3,0,0
BRDA:78,3,1,0
BRDA:91,4,0,0
BRDA:110,5,0,0
BRDA:110,5,1,0
BRDA:118,6,0,0
BRDA:173,7,0,0
BRDA:192,8,0,0
BRDA:209,9,0,0
BRDA:209,9,1,0
BRDA:251,10,0,0
BRDA:251,10,1,0
BRDA:264,11,0,0
BRDA:264,11,1,0
BRDA:264,11,2,0
BRDA:320,12,0,0
BRDA:326,13,0,0
BRDA:326,13,1,0
BRDA:345,14,0,0
BRDA:345,14,1,0
BRF:25
BRH:0
end_of_record
TN:
SF:src\components\CallStatusDistribution.tsx
FN:18,CallStatusDistribution
FN:49,(anonymous_2)
FN:59,(anonymous_3)
FN:63,(anonymous_4)
FN:98,(anonymous_5)
FN:101,(anonymous_6)
FN:113,(anonymous_7)
FN:137,(anonymous_8)
FNF:8
FNH:0
FNDA:0,CallStatusDistribution
FNDA:0,(anonymous_2)
FNDA:0,(anonymous_3)
FNDA:0,(anonymous_4)
FNDA:0,(anonymous_5)
FNDA:0,(anonymous_6)
FNDA:0,(anonymous_7)
FNDA:0,(anonymous_8)
DA:3,0
DA:4,0
DA:5,0
DA:6,0
DA:7,0
DA:10,0
DA:18,0
DA:23,0
DA:24,0
DA:27,0
DA:38,0
DA:49,0
DA:50,0
DA:53,0
DA:54,0
DA:58,0
DA:59,0
DA:61,0
DA:62,0
DA:63,0
DA:67,0
DA:68,0
DA:69,0
DA:99,0
DA:100,0
DA:101,0
DA:102,0
DA:103,0
DA:113,0
DA:114,0
DA:115,0
DA:116,0
DA:122,0
DA:127,0
DA:137,0
DA:138,0
LF:36
LH:0
BRDA:50,0,0,0
BRDA:50,1,0,0
BRDA:50,1,1,0
BRDA:50,1,2,0
BRDA:50,1,3,0
BRDA:53,2,0,0
BRDA:59,3,0,0
BRDA:59,3,1,0
BRDA:63,4,0,0
BRDA:63,4,1,0
BRDA:68,5,0,0
BRDA:99,6,0,0
BRDA:99,6,1,0
BRDA:114,7,0,0
BRDA:122,8,0,0
BRDA:127,9,0,0
BRDA:127,10,0,0
BRDA:127,10,1,0
BRDA:138,11,0,0
BRF:19
BRH:0
end_of_record
TN:
SF:src\components\CallTimeline.tsx
FN:27,CallTimeline
FN:37,(anonymous_3)
FN:46,(anonymous_4)
FN:61,(anonymous_5)
FN:70,(anonymous_6)
FN:79,(anonymous_7)
FN:130,(anonymous_8)
FNF:7
FNH:0
FNDA:0,CallTimeline
FNDA:0,(anonymous_3)
FNDA:0,(anonymous_4)
FNDA:0,(anonymous_5)
FNDA:0,(anonymous_6)
FNDA:0,(anonymous_7)
FNDA:0,(anonymous_8)
DA:3,0
DA:4,0
DA:5,0
DA:6,0
DA:8,0
DA:11,0
DA:27,0
DA:33,0
DA:34,0
DA:37,0
DA:38,0
DA:41,0
DA:42,0
DA:46,0
DA:47,0
DA:48,0
DA:52,0
DA:53,0
DA:54,0
DA:61,0
DA:70,0
DA:79,0
DA:130,0
DA:131,0
DA:132,0
DA:133,0
DA:139,0
DA:144,0
DA:154,0
LF:29
LH:0
BRDA:31,0,0,0
BRDA:38,1,0,0
BRDA:38,2,0,0
BRDA:38,2,1,0
BRDA:38,2,2,0
BRDA:38,2,3,0
BRDA:41,3,0,0
BRDA:53,4,0,0
BRDA:131,5,0,0
BRDA:139,6,0,0
BRDA:144,7,0,0
BRDA:144,8,0,0
BRDA:144,8,1,0
BRDA:154,9,0,0
BRF:14
BRH:0
end_of_record
TN:
SF:src\components\CallTranscript.tsx
FN:20,CallTranscript
FN:29,(anonymous_3)
FN:31,(anonymous_4)
FN:67,(anonymous_5)
FN:84,(anonymous_6)
FNF:5
FNH:0
FNDA:0,CallTranscript
FNDA:0,(anonymous_3)
FNDA:0,(anonymous_4)
FNDA:0,(anonymous_5)
FNDA:0,(anonymous_6)
DA:3,0
DA:5,0
DA:6,0
DA:7,0
DA:8,0
DA:20,0
DA:21,0
DA:24,0
DA:29,0
DA:30,0
DA:32,0
DA:33,0
DA:36,0
DA:40,0
DA:41,0
DA:42,0
DA:43,0
DA:44,0
DA:45,0
DA:46,0
DA:47,0
DA:48,0
DA:51,0
DA:67,0
DA:85,0
LF:25
LH:0
BRDA:24,0,0,0
BRDA:24,0,1,0
BRDA:32,1,0,0
BRDA:32,1,1,0
BRDA:33,2,0,0
BRDA:33,2,1,0
BRDA:51,3,0,0
BRDA:51,4,0,0
BRDA:51,4,1,0
BRDA:69,5,0,0
BRDA:69,5,1,0
BRDA:88,6,0,0
BRDA:88,6,1,0
BRDA:93,7,0,0
BRDA:93,7,1,0
BRDA:100,8,0,0
BRDA:100,8,1,0
BRDA:106,9,0,0
BRDA:114,10,0,0
BRDA:114,10,1,0
BRDA:121,11,0,0
BRDA:121,11,1,0
BRF:22
BRH:0
end_of_record
TN:
SF:src\components\CallsView.tsx
FN:11,CallsView
FN:17,(anonymous_2)
FN:23,(anonymous_3)
FN:29,(anonymous_4)
FN:35,(anonymous_5)
FN:51,(anonymous_6)
FNF:6
FNH:0
FNDA:0,CallsView
FNDA:0,(anonymous_2)
FNDA:0,(anonymous_3)
FNDA:0,(anonymous_4)
FNDA:0,(anonymous_5)
FNDA:0,(anonymous_6)
DA:3,0
DA:4,0
DA:5,0
DA:6,0
DA:7,0
DA:11,0
DA:12,0
DA:13,0
DA:14,0
DA:17,0
DA:18,0
DA:19,0
DA:23,0
DA:24,0
DA:25,0
DA:29,0
DA:30,0
DA:31,0
DA:35,0
DA:36,0
DA:38,0
DA:41,0
DA:42,0
DA:45,0
DA:46,0
DA:51,0
DA:52,0
DA:54,0
DA:56,0
DA:57,0
LF:30
LH:0
BRDA:41,0,0,0
BRDA:63,1,0,0
BRDA:75,2,0,0
BRDA:75,2,1,0
BRF:4
BRH:0
end_of_record
TN:
SF:src\components\CampaignCreate.tsx
FN:26,CampaignCreate
FN:30,(anonymous_2)
FNF:2
FNH:0
FNDA:0,CampaignCreate
FNDA:0,(anonymous_2)
DA:3,0
DA:5,0
DA:6,0
DA:7,0
DA:8,0
DA:9,0
DA:10,0
DA:26,0
DA:27,0
DA:28,0
DA:30,0
DA:31,0
DA:32,0
DA:38,0
DA:40,0
LF:15
LH:0
BRDA:58,0,0,0
BRDA:93,1,0,0
BRDA:109,2,0,0
BRDA:137,3,0,0
BRDA:137,3,1,0
BRF:5
BRH:0
end_of_record
TN:
SF:src\components\CampaignCreateView.tsx
FN:10,(anonymous_4)
FN:15,(anonymous_5)
FNF:2
FNH:0
FNDA:0,(anonymous_4)
FNDA:0,(anonymous_5)
DA:3,0
DA:4,0
DA:6,0
DA:7,0
DA:8,0
DA:10,0
DA:11,0
DA:12,0
DA:13,0
DA:15,0
DA:16,0
DA:17,0
DA:18,0
DA:19,0
DA:20,0
DA:21,0
DA:23,0
DA:26,0
DA:27,0
DA:30,0
DA:32,0
DA:49,0
LF:22
LH:0
BRDA:39,0,0,0
BRF:1
BRH:0
end_of_record
TN:
SF:src\components\CampaignDetail.tsx
FN:21,CampaignDetailSkeleton
FN:99,CampaignDetail
FN:120,(anonymous_3)
FN:139,(anonymous_4)
FN:143,(anonymous_5)
FNF:5
FNH:0
FNDA:0,CampaignDetailSkeleton
FNDA:0,CampaignDetail
FNDA:0,(anonymous_3)
FNDA:0,(anonymous_4)
FNDA:0,(anonymous_5)
DA:11,0
DA:13,0
DA:14,0
DA:15,0
DA:16,0
DA:17,0
DA:18,0
DA:99,0
DA:108,0
DA:110,0
DA:120,0
DA:121,0
DA:127,0
DA:139,0
DA:143,0
LF:15
LH:0
BRDA:110,0,0,0
BRDA:127,1,0,0
BRDA:127,1,1,0
BRDA:163,2,0,0
BRDA:163,2,1,0
BRDA:168,3,0,0
BRF:6
BRH:0
end_of_record
TN:
SF:src\components\CampaignDetailView.tsx
FN:14,(anonymous_4)
FN:29,(anonymous_5)
FN:42,(anonymous_6)
FN:50,(anonymous_7)
FN:58,(anonymous_8)
FN:62,(anonymous_9)
FN:132,(anonymous_10)
FN:185,(anonymous_11)
FN:194,(anonymous_12)
FNF:9
FNH:0
FNDA:0,(anonymous_4)
FNDA:0,(anonymous_5)
FNDA:0,(anonymous_6)
FNDA:0,(anonymous_7)
FNDA:0,(anonymous_8)
FNDA:0,(anonymous_9)
FNDA:0,(anonymous_10)
FNDA:0,(anonymous_11)
FNDA:0,(anonymous_12)
DA:3,0
DA:4,0
DA:5,0
DA:6,0
DA:7,0
DA:14,0
DA:17,0
DA:18,0
DA:19,0
DA:27,0
DA:29,0
DA:39,0
DA:43,0
DA:44,0
DA:46,0
DA:48,0
DA:51,0
DA:52,0
DA:53,0
DA:58,0
DA:59,0
DA:62,0
DA:63,0
DA:70,0
DA:74,0
DA:83,0
DA:98,0
DA:132,0
DA:185,0
DA:194,0
DA:195,0
DA:197,0
DA:199,0
DA:201,0
DA:203,0
DA:205,0
DA:207,0
DA:211,0
LF:38
LH:0
BRDA:70,0,0,0
BRDA:74,1,0,0
BRDA:83,2,0,0
BRDA:92,3,0,0
BRDA:92,3,1,0
BRDA:98,4,0,0
BRDA:115,5,0,0
BRDA:115,5,1,0
BRDA:140,6,0,0
BRDA:140,6,1,0
BRDA:158,7,0,0
BRDA:172,8,0,0
BRDA:172,8,1,0
BRDA:195,9,0,0
BRDA:195,9,1,0
BRDA:195,9,2,0
BRDA:195,9,3,0
BRDA:195,9,4,0
BRDA:195,9,5,0
BRF:19
BRH:0
end_of_record
TN:
SF:src\components\CampaignEditView.tsx
FN:26,CampaignEditView
FN:44,(anonymous_3)
FN:46,(anonymous_4)
FN:49,(anonymous_5)
FN:50,(anonymous_6)
FN:53,(anonymous_7)
FN:93,(anonymous_8)
FNF:7
FNH:0
FNDA:0,CampaignEditView
FNDA:0,(anonymous_3)
FNDA:0,(anonymous_4)
FNDA:0,(anonymous_5)
FNDA:0,(anonymous_6)
FNDA:0,(anonymous_7)
FNDA:0,(anonymous_8)
DA:1,0
DA:2,0
DA:3,0
DA:4,0
DA:5,0
DA:6,0
DA:7,0
DA:26,0
DA:33,0
DA:44,0
DA:45,0
DA:46,0
DA:49,0
DA:50,0
DA:53,0
DA:54,0
DA:55,0
DA:56,0
DA:93,0
LF:19
LH:0
BRDA:55,0,0,0
BRF:1
BRH:0
end_of_record
TN:
SF:src\components\CampaignForm.tsx
FN:29,(anonymous_4)
FN:32,(anonymous_5)
FN:45,(anonymous_6)
FN:64,(anonymous_7)
FN:103,(anonymous_8)
FN:165,(anonymous_9)
FNF:6
FNH:0
FNDA:0,(anonymous_4)
FNDA:0,(anonymous_5)
FNDA:0,(anonymous_6)
FNDA:0,(anonymous_7)
FNDA:0,(anonymous_8)
FNDA:0,(anonymous_9)
DA:1,0
DA:2,0
DA:3,0
DA:5,0
DA:6,0
DA:7,0
DA:8,0
DA:15,0
DA:16,0
DA:19,0
DA:29,0
DA:32,0
DA:46,0
DA:47,0
DA:48,0
DA:64,0
DA:76,0
DA:95,0
DA:103,0
DA:104,0
DA:106,0
DA:107,0
DA:109,0
DA:110,0
DA:114,0
DA:118,0
DA:126,0
DA:127,0
DA:129,0
DA:130,0
DA:165,0
LF:31
LH:0
BRDA:78,0,0,0
BRDA:78,0,1,0
BRDA:109,1,0,0
BRDA:120,2,0,0
BRDA:120,2,1,0
BRDA:121,3,0,0
BRDA:121,3,1,0
BRDA:144,4,0,0
BRDA:144,4,1,0
BRDA:146,5,0,0
BRDA:164,6,0,0
BRDA:164,6,1,0
BRDA:198,7,0,0
BRDA:214,8,0,0
BRDA:247,9,0,0
BRDA:247,9,1,0
BRF:16
BRH:0
end_of_record
TN:
SF:src\components\CampaignList.tsx
FN:19,CampaignListSkeleton
FN:34,(anonymous_2)
FN:72,CampaignList
FN:92,(anonymous_4)
FN:116,(anonymous_5)
FN:131,(anonymous_6)
FN:138,(anonymous_7)
FN:145,(anonymous_8)
FNF:8
FNH:0
FNDA:0,CampaignListSkeleton
FNDA:0,(anonymous_2)
FNDA:0,CampaignList
FNDA:0,(anonymous_4)
FNDA:0,(anonymous_5)
FNDA:0,(anonymous_6)
FNDA:0,(anonymous_7)
FNDA:0,(anonymous_8)
DA:3,0
DA:5,0
DA:6,0
DA:14,0
DA:15,0
DA:35,0
DA:72,0
DA:77,0
DA:79,0
DA:92,0
DA:93,0
DA:99,0
DA:117,0
DA:131,0
DA:138,0
DA:145,0
LF:16
LH:0
BRDA:79,0,0,0
BRDA:99,1,0,0
BRDA:99,1,1,0
BRDA:124,2,0,0
BRDA:124,2,1,0
BRDA:125,3,0,0
BRDA:125,3,1,0
BRF:7
BRH:0
end_of_record
TN:
SF:src\components\CampaignListView.tsx
FN:10,(anonymous_4)
FN:16,(anonymous_5)
FN:17,(anonymous_6)
FN:34,(anonymous_7)
FN:38,(anonymous_8)
FN:42,(anonymous_9)
FN:89,(anonymous_10)
FN:91,(anonymous_11)
FNF:8
FNH:0
FNDA:0,(anonymous_4)
FNDA:0,(anonymous_5)
FNDA:0,(anonymous_6)
FNDA:0,(anonymous_7)
FNDA:0,(anonymous_8)
FNDA:0,(anonymous_9)
FNDA:0,(anonymous_10)
FNDA:0,(anonymous_11)
DA:1,0
DA:2,0
DA:3,0
DA:4,0
DA:6,0
DA:7,0
DA:8,0
DA:10,0
DA:11,0
DA:12,0
DA:13,0
DA:14,0
DA:16,0
DA:17,0
DA:18,0
DA:19,0
DA:20,0
DA:21,0
DA:22,0
DA:24,0
DA:25,0
DA:27,0
DA:31,0
DA:34,0
DA:35,0
DA:38,0
DA:39,0
DA:42,0
DA:43,0
DA:51,0
DA:55,0
DA:64,0
DA:90,0
DA:91,0
LF:34
LH:0
BRDA:51,0,0,0
BRDA:51,0,1,0
BRDA:55,1,0,0
BRDA:64,2,0,0
BRDA:81,3,0,0
BRDA:103,4,0,0
BRDA:103,4,1,0
BRDA:107,5,0,0
BRDA:107,5,1,0
BRF:9
BRH:0
end_of_record
TN:
SF:src\components\CampaignPerformance.tsx
FN:26,CampaignPerformance
FN:35,(anonymous_2)
FN:44,(anonymous_3)
FN:47,(anonymous_4)
FN:48,(anonymous_5)
FN:49,(anonymous_6)
FN:133,(anonymous_7)
FNF:7
FNH:0
FNDA:0,CampaignPerformance
FNDA:0,(anonymous_2)
FNDA:0,(anonymous_3)
FNDA:0,(anonymous_4)
FNDA:0,(anonymous_5)
FNDA:0,(anonymous_6)
FNDA:0,(anonymous_7)
DA:3,0
DA:4,0
DA:5,0
DA:6,0
DA:9,0
DA:26,0
DA:31,0
DA:32,0
DA:35,0
DA:36,0
DA:39,0
DA:40,0
DA:44,0
DA:47,0
DA:48,0
DA:49,0
DA:52,0
DA:53,0
DA:54,0
DA:133,0
DA:134,0
DA:135,0
DA:136,0
DA:142,0
DA:147,0
DA:157,0
LF:26
LH:0
BRDA:36,0,0,0
BRDA:36,1,0,0
BRDA:36,1,1,0
BRDA:36,1,2,0
BRDA:36,1,3,0
BRDA:39,2,0,0
BRDA:53,3,0,0
BRDA:134,4,0,0
BRDA:142,5,0,0
BRDA:147,6,0,0
BRDA:147,7,0,0
BRDA:147,7,1,0
BRDA:157,8,0,0
BRF:13
BRH:0
end_of_record
TN:
SF:src\components\ContactDetail.tsx
FN:30,ContactDetail
FN:36,(anonymous_3)
FN:82,(anonymous_4)
FN:151,(anonymous_5)
FNF:4
FNH:1
FNDA:24,ContactDetail
FNDA:0,(anonymous_3)
FNDA:0,(anonymous_4)
FNDA:0,(anonymous_5)
DA:3,2
DA:4,2
DA:5,2
DA:6,2
DA:7,2
DA:9,2
DA:20,2
DA:21,2
DA:22,2
DA:30,6
DA:31,24
DA:33,24
DA:34,24
DA:36,24
DA:37,0
DA:38,0
DA:39,0
DA:40,0
DA:42,0
DA:43,0
DA:47,24
DA:56,24
DA:65,24
DA:82,0
DA:152,0
LF:25
LH:17
BRDA:47,0,0,0
BRDA:56,1,0,0
BRDA:65,2,0,0
BRDA:107,3,0,0
BRDA:107,3,1,24
BRDA:139,4,0,0
BRDA:150,5,0,0
BRDA:149,6,0,0
BRDA:149,6,1,0
BRDA:164,7,0,0
BRF:10
BRH:1
end_of_record
TN:
SF:src\components\ContactForm.tsx
FN:41,(anonymous_4)
FN:66,(anonymous_5)
FN:79,(anonymous_6)
FN:98,(anonymous_7)
FN:110,(anonymous_8)
FN:114,(anonymous_9)
FN:195,(anonymous_14)
FN:206,(anonymous_15)
FN:216,(anonymous_16)
FNF:9
FNH:5
FNDA:29,(anonymous_4)
FNDA:6,(anonymous_5)
FNDA:0,(anonymous_6)
FNDA:22,(anonymous_7)
FNDA:0,(anonymous_8)
FNDA:0,(anonymous_9)
FNDA:2,(anonymous_14)
FNDA:0,(anonymous_15)
FNDA:22,(anonymous_16)
DA:3,2
DA:4,2
DA:5,2
DA:6,2
DA:8,2
DA:9,2
DA:17,2
DA:18,2
DA:19,2
DA:20,2
DA:21,2
DA:22,2
DA:25,2
DA:41,6
DA:46,29
DA:47,29
DA:48,29
DA:51,29
DA:54,29
DA:66,29
DA:67,6
DA:68,1
DA:79,29
DA:80,0
DA:81,0
DA:83,0
DA:84,0
DA:87,0
DA:88,0
DA:90,0
DA:92,0
DA:93,0
DA:98,29
DA:99,22
DA:100,0
DA:101,0
DA:102,0
DA:103,0
DA:105,0
DA:110,29
DA:111,0
DA:112,0
DA:114,0
DA:196,2
DA:206,0
DA:216,22
LF:46
LH:28
BRDA:48,0,0,29
BRDA:48,0,1,27
BRDA:67,1,0,1
BRDA:71,2,0,1
BRDA:71,2,1,0
BRDA:72,3,0,1
BRDA:72,3,1,0
BRDA:73,4,0,1
BRDA:73,4,1,0
BRDA:81,5,0,0
BRDA:81,5,1,0
BRDA:93,6,0,0
BRDA:93,6,1,0
BRDA:99,7,0,0
BRDA:99,8,0,22
BRDA:99,8,1,0
BRDA:101,9,0,0
BRDA:101,9,1,0
BRDA:102,10,0,0
BRDA:111,11,0,0
BRDA:111,11,1,0
BRDA:121,12,0,2
BRDA:121,12,1,27
BRDA:231,13,0,29
BRDA:231,13,1,29
BRDA:233,14,0,0
BRDA:233,14,1,29
BRDA:233,15,0,29
BRDA:233,15,1,29
BRDA:235,16,0,2
BRDA:235,16,1,27
BRF:31
BRH:16
end_of_record
TN:
SF:src\components\ContactImport.tsx
FN:25,(anonymous_4)
FN:39,(anonymous_5)
FN:56,(anonymous_6)
FN:66,(anonymous_7)
FN:67,(anonymous_8)
FN:88,(anonymous_9)
FNF:6
FNH:0
FNDA:0,(anonymous_4)
FNDA:0,(anonymous_5)
FNDA:0,(anonymous_6)
FNDA:0,(anonymous_7)
FNDA:0,(anonymous_8)
FNDA:0,(anonymous_9)
DA:3,1
DA:4,1
DA:5,1
DA:6,1
DA:7,1
DA:8,1
DA:16,1
DA:17,1
DA:18,1
DA:25,1
DA:29,0
DA:30,0
DA:31,0
DA:32,0
DA:37,0
DA:39,0
DA:40,0
DA:41,0
DA:44,0
DA:48,0
DA:49,0
DA:52,0
DA:56,0
DA:57,0
DA:58,0
DA:59,0
DA:62,0
DA:63,0
DA:66,0
DA:67,0
DA:68,0
DA:69,0
DA:70,0
DA:72,0
DA:76,0
DA:78,0
DA:79,0
DA:80,0
DA:82,0
DA:83,0
DA:88,0
DA:89,0
DA:92,0
DA:95,0
DA:96,0
DA:98,0
LF:46
LH:10
BRDA:40,0,0,0
BRDA:40,1,0,0
BRDA:40,1,1,0
BRDA:44,2,0,0
BRDA:45,3,0,0
BRDA:45,3,1,0
BRDA:57,4,0,0
BRDA:68,5,0,0
BRDA:82,6,0,0
BRDA:82,6,1,0
BRDA:113,7,0,0
BRDA:112,8,0,0
BRDA:112,8,1,0
BRDA:125,9,0,0
BRDA:134,10,0,0
BRDA:144,11,0,0
BRDA:146,12,0,0
BRDA:146,12,1,0
BRDA:152,13,0,0
BRDA:169,14,0,0
BRDA:170,15,0,0
BRDA:170,15,1,0
BRDA:172,16,0,0
BRF:23
BRH:0
end_of_record
TN:
SF:src\components\ContactList.tsx
FN:55,(anonymous_4)
FN:72,(anonymous_5)
FN:77,(anonymous_6)
FN:87,(anonymous_7)
FN:127,(anonymous_8)
FN:128,(anonymous_9)
FN:150,(anonymous_10)
FN:182,(anonymous_11)
FN:190,(anonymous_12)
FN:210,(anonymous_13)
FN:233,(anonymous_14)
FN:255,(anonymous_15)
FN:264,(anonymous_16)
FN:265,(anonymous_17)
FN:268,(anonymous_18)
FN:280,(anonymous_19)
FNF:16
FNH:2
FNDA:16,(anonymous_4)
FNDA:0,(anonymous_5)
FNDA:0,(anonymous_6)
FNDA:0,(anonymous_7)
FNDA:0,(anonymous_8)
FNDA:0,(anonymous_9)
FNDA:60,(anonymous_10)
FNDA:0,(anonymous_11)
FNDA:0,(anonymous_12)
FNDA:0,(anonymous_13)
FNDA:0,(anonymous_14)
FNDA:0,(anonymous_15)
FNDA:0,(anonymous_16)
FNDA:0,(anonymous_17)
FNDA:0,(anonymous_18)
FNDA:0,(anonymous_19)
DA:13,2
DA:21,2
DA:30,2
DA:31,2
DA:32,2
DA:33,2
DA:35,2
DA:36,2
DA:37,2
DA:38,2
DA:46,2
DA:55,12
DA:61,16
DA:62,16
DA:63,16
DA:64,16
DA:66,16
DA:67,16
DA:69,16
DA:70,16
DA:72,16
DA:73,0
DA:74,0
DA:77,16
DA:78,0
DA:79,0
DA:80,0
DA:82,0
DA:83,0
DA:87,16
DA:88,0
DA:91,16
DA:127,0
DA:128,0
DA:151,60
DA:183,0
DA:191,0
DA:210,0
DA:233,0
DA:255,0
DA:264,0
DA:266,0
DA:268,0
DA:280,0
LF:44
LH:25
BRDA:69,0,0,16
BRDA:69,0,1,16
BRDA:70,1,0,0
BRDA:70,1,1,16
BRDA:91,2,0,4
BRDA:128,3,0,0
BRDA:128,3,1,0
BRDA:148,4,0,12
BRDA:148,4,1,0
BRDA:175,5,0,0
BRDA:175,5,1,0
BRDA:186,6,0,0
BRDA:186,6,1,0
BRDA:190,7,0,0
BRDA:189,8,0,0
BRDA:189,8,1,0
BRDA:250,9,0,12
BRDA:257,10,0,0
BRDA:257,10,1,0
BRDA:282,11,0,0
BRDA:282,11,1,0
BRF:21
BRH:6
end_of_record
TN:
SF:src\components\ContactsView.tsx
FN:14,ContactsView
FN:21,(anonymous_2)
FN:26,(anonymous_3)
FN:31,(anonymous_4)
FN:36,(anonymous_5)
FN:40,(anonymous_6)
FN:66,(anonymous_7)
FN:71,(anonymous_8)
FNF:8
FNH:1
FNDA:6,ContactsView
FNDA:0,(anonymous_2)
FNDA:0,(anonymous_3)
FNDA:0,(anonymous_4)
FNDA:0,(anonymous_5)
FNDA:0,(anonymous_6)
FNDA:0,(anonymous_7)
FNDA:0,(anonymous_8)
DA:3,1
DA:5,1
DA:6,1
DA:7,1
DA:8,1
DA:9,1
DA:10,1
DA:14,6
DA:15,6
DA:16,6
DA:19,6
DA:21,6
DA:22,0
DA:23,0
DA:26,6
DA:27,0
DA:28,0
DA:31,6
DA:32,0
DA:33,0
DA:36,6
DA:37,0
DA:40,6
DA:41,0
DA:42,0
DA:43,0
DA:46,0
DA:47,0
DA:48,0
DA:49,0
DA:50,0
DA:51,0
DA:54,0
DA:55,0
DA:57,0
DA:58,0
DA:60,0
DA:61,0
DA:62,0
DA:66,6
DA:67,0
DA:68,0
DA:71,6
DA:72,0
DA:73,0
LF:45
LH:18
BRDA:78,0,0,6
BRDA:88,1,0,6
BRDA:92,2,0,6
BRDA:92,2,1,0
BRDA:100,3,0,6
BRDA:100,3,1,0
BRDA:108,4,0,6
BRF:7
BRH:5
end_of_record
TN:
SF:src\components\DashboardView.tsx
FN:121,DashboardView
FN:139,(anonymous_2)
FN:146,(anonymous_3)
FN:390,(anonymous_4)
FN:408,(anonymous_5)
FN:482,(anonymous_6)
FN:487,(anonymous_7)
FN:495,(anonymous_8)
FN:526,(anonymous_9)
FN:543,(anonymous_10)
FNF:10
FNH:0
FNDA:0,DashboardView
FNDA:0,(anonymous_2)
FNDA:0,(anonymous_3)
FNDA:0,(anonymous_4)
FNDA:0,(anonymous_5)
FNDA:0,(anonymous_6)
FNDA:0,(anonymous_7)
FNDA:0,(anonymous_8)
FNDA:0,(anonymous_9)
FNDA:0,(anonymous_10)
DA:11,0
DA:13,0
DA:14,0
DA:15,0
DA:22,0
DA:23,0
DA:24,0
DA:32,0
DA:38,0
DA:138,0
DA:140,0
DA:146,0
DA:147,0
DA:149,0
DA:151,0
DA:153,0
DA:155,0
DA:157,0
DA:159,0
DA:161,0
DA:390,0
DA:409,0
DA:483,0
DA:488,0
DA:495,0
DA:527,0
DA:544,0
DA:573,0
LF:28
LH:0
BRDA:140,0,0,0
BRDA:140,0,1,0
BRDA:140,0,2,0
BRDA:140,0,3,0
BRDA:147,1,0,0
BRDA:147,1,1,0
BRDA:147,1,2,0
BRDA:147,1,3,0
BRDA:147,1,4,0
BRDA:147,1,5,0
BRDA:147,1,6,0
BRDA:186,2,0,0
BRDA:186,2,1,0
BRDA:188,3,0,0
BRDA:188,3,1,0
BRDA:190,4,0,0
BRDA:190,4,1,0
BRDA:192,5,0,0
BRDA:192,5,1,0
BRDA:194,6,0,0
BRDA:194,6,1,0
BRDA:200,7,0,0
BRDA:203,8,0,0
BRDA:206,9,0,0
BRDA:209,10,0,0
BRDA:212,11,0,0
BRDA:215,12,0,0
BRDA:223,13,0,0
BRDA:223,13,1,0
BRDA:226,14,0,0
BRDA:226,14,1,0
BRDA:227,15,0,0
BRDA:227,15,1,0
BRDA:228,16,0,0
BRDA:228,16,1,0
BRDA:229,17,0,0
BRDA:229,17,1,0
BRDA:230,18,0,0
BRDA:230,18,1,0
BRDA:231,19,0,0
BRDA:231,19,1,0
BRDA:237,20,0,0
BRDA:237,20,1,0
BRDA:242,21,0,0
BRDA:242,21,1,0
BRDA:247,22,0,0
BRDA:247,22,1,0
BRDA:247,22,2,0
BRDA:253,23,0,0
BRDA:253,23,1,0
BRDA:264,24,0,0
BRDA:287,25,0,0
BRDA:287,25,1,0
BRDA:287,26,0,0
BRDA:287,26,1,0
BRDA:287,26,2,0
BRDA:295,27,0,0
BRDA:295,27,1,0
BRDA:295,27,2,0
BRDA:295,27,3,0
BRDA:306,28,0,0
BRDA:306,28,1,0
BRDA:315,29,0,0
BRDA:315,29,1,0
BRDA:315,30,0,0
BRDA:315,30,1,0
BRDA:322,31,0,0
BRDA:322,31,1,0
BRDA:340,32,0,0
BRDA:340,32,1,0
BRDA:340,33,0,0
BRDA:340,33,1,0
BRDA:347,34,0,0
BRDA:347,34,1,0
BRDA:408,35,0,0
BRDA:412,36,0,0
BRDA:412,36,1,0
BRDA:422,37,0,0
BRDA:422,37,1,0
BRDA:424,38,0,0
BRDA:424,38,1,0
BRDA:426,39,0,0
BRDA:426,39,1,0
BRDA:428,40,0,0
BRDA:428,40,1,0
BRDA:430,41,0,0
BRDA:430,41,1,0
BRDA:449,42,0,0
BRDA:449,42,1,0
BRDA:483,43,0,0
BRDA:483,43,1,0
BRDA:483,43,2,0
BRDA:491,44,0,0
BRDA:491,44,1,0
BRDA:504,45,0,0
BRDA:504,45,1,0
BRDA:507,46,0,0
BRDA:507,46,1,0
BRDA:509,47,0,0
BRDA:509,47,1,0
BRDA:516,48,0,0
BRDA:516,48,1,0
BRDA:519,49,0,0
BRDA:519,49,1,0
BRDA:525,50,0,0
BRDA:527,51,0,0
BRDA:527,51,1,0
BRDA:527,51,2,0
BRF:108
BRH:0
end_of_record
TN:
SF:src\components\DateTimePicker.tsx
FN:29,DateTimePicker
FN:42,(anonymous_6)
FN:52,(anonymous_7)
FN:53,(anonymous_8)
FN:93,(anonymous_9)
FN:109,(anonymous_10)
FNF:6
FNH:0
FNDA:0,DateTimePicker
FNDA:0,(anonymous_6)
FNDA:0,(anonymous_7)
FNDA:0,(anonymous_8)
FNDA:0,(anonymous_9)
FNDA:0,(anonymous_10)
DA:3,0
DA:5,0
DA:6,0
DA:7,0
DA:8,0
DA:9,0
DA:14,0
DA:21,0
DA:29,0
DA:34,0
DA:37,0
DA:42,0
DA:43,0
DA:44,0
DA:45,0
DA:46,0
DA:47,0
DA:52,0
DA:53,0
DA:94,0
DA:110,0
LF:21
LH:0
BRDA:32,0,0,0
BRDA:35,1,0,0
BRDA:35,1,1,0
BRDA:38,2,0,0
BRDA:38,2,1,0
BRDA:43,3,0,0
BRDA:43,4,0,0
BRDA:43,4,1,0
BRDA:63,5,0,0
BRDA:63,5,1,0
BRDA:67,6,0,0
BRDA:67,6,1,0
BRDA:81,7,0,0
BRDA:81,7,1,0
BRF:14
BRH:0
end_of_record
TN:
SF:src\components\Layout.tsx
FN:57,(anonymous_2)
FN:62,(anonymous_3)
FN:82,(anonymous_4)
FN:149,(anonymous_5)
FN:203,(anonymous_6)
FNF:5
FNH:0
FNDA:0,(anonymous_2)
FNDA:0,(anonymous_3)
FNDA:0,(anonymous_4)
FNDA:0,(anonymous_5)
FNDA:0,(anonymous_6)
DA:12,0
DA:13,0
DA:14,0
DA:15,0
DA:17,0
DA:18,0
DA:25,0
DA:26,0
DA:32,0
DA:35,0
DA:57,0
DA:58,0
DA:59,0
DA:62,0
DA:64,0
DA:65,0
DA:69,0
DA:70,0
DA:71,0
DA:76,0
DA:79,0
DA:82,0
DA:83,0
DA:85,0
DA:86,0
DA:88,0
DA:89,0
DA:91,0
DA:92,0
DA:94,0
DA:95,0
DA:97,0
DA:98,0
DA:100,0
DA:101,0
DA:103,0
DA:149,0
DA:204,0
DA:223,0
LF:39
LH:0
BRDA:64,0,0,0
BRDA:70,1,0,0
BRDA:70,2,0,0
BRDA:70,2,1,0
BRDA:83,3,0,0
BRDA:83,3,1,0
BRDA:83,3,2,0
BRDA:83,3,3,0
BRDA:83,3,4,0
BRDA:83,3,5,0
BRDA:83,3,6,0
BRF:11
BRH:0
end_of_record
TN:
SF:src\components\LoginForm.tsx
FN:18,LoginForm
FN:26,(anonymous_2)
FN:120,(anonymous_3)
FNF:3
FNH:0
FNDA:0,LoginForm
FNDA:0,(anonymous_2)
FNDA:0,(anonymous_3)
DA:3,0
DA:4,0
DA:5,0
DA:6,0
DA:7,0
DA:8,0
DA:9,0
DA:10,0
DA:11,0
DA:18,0
DA:19,0
DA:20,0
DA:21,0
DA:22,0
DA:24,0
DA:26,0
DA:27,0
DA:28,0
DA:30,0
DA:31,0
DA:36,0
DA:37,0
DA:39,0
DA:42,0
DA:43,0
DA:45,0
DA:120,0
LF:27
LH:0
BRDA:36,0,0,0
BRDA:36,0,1,0
BRDA:72,1,0,0
BRDA:72,1,1,0
BRDA:74,2,0,0
BRDA:92,3,0,0
BRDA:92,3,1,0
BRDA:94,4,0,0
BRDA:99,5,0,0
BRDA:106,6,0,0
BRDA:106,6,1,0
BRF:11
BRH:0
end_of_record
TN:
SF:src\components\MetricsOverview.tsx
FN:14,MetricsOverview
FN:25,(anonymous_2)
FNF:2
FNH:0
FNDA:0,MetricsOverview
FNDA:0,(anonymous_2)
DA:3,0
DA:4,0
DA:6,0
DA:14,0
DA:20,0
DA:26,0
DA:41,0
LF:7
LH:0
BRDA:20,0,0,0
BRDA:41,1,0,0
BRDA:41,2,0,0
BRDA:41,2,1,0
BRDA:140,3,0,0
BRDA:140,3,1,0
BRDA:160,4,0,0
BRDA:160,4,1,0
BRDA:160,5,0,0
BRDA:160,5,1,0
BRF:10
BRH:0
end_of_record
TN:
SF:src\components\PanelSistemaLlamadas.tsx
FN:295,PanelSistemaLlamadas
FN:317,(anonymous_3)
FN:319,(anonymous_4)
FN:322,(anonymous_5)
FN:323,(anonymous_6)
FN:333,(anonymous_7)
FN:349,(anonymous_8)
FN:351,(anonymous_9)
FN:363,(anonymous_10)
FN:369,(anonymous_11)
FN:382,(anonymous_12)
FN:388,(anonymous_13)
FN:391,(anonymous_14)
FN:411,(anonymous_15)
FN:415,(anonymous_16)
FN:417,(anonymous_17)
FN:418,(anonymous_18)
FN:434,(anonymous_19)
FN:445,(anonymous_20)
FN:469,(anonymous_21)
FN:471,(anonymous_22)
FN:483,(anonymous_23)
FN:484,(anonymous_24)
FN:507,(anonymous_25)
FN:512,(anonymous_26)
FN:513,(anonymous_27)
FN:525,(anonymous_28)
FN:529,(anonymous_29)
FN:530,(anonymous_30)
FN:539,(anonymous_31)
FN:545,(anonymous_32)
FN:546,(anonymous_33)
FN:558,(anonymous_34)
FN:563,(anonymous_35)
FN:568,(anonymous_36)
FN:572,(anonymous_37)
FN:581,(anonymous_38)
FN:589,(anonymous_39)
FN:619,(anonymous_40)
FN:632,(anonymous_41)
FN:637,(anonymous_42)
FN:641,(anonymous_43)
FN:651,(anonymous_44)
FN:661,(anonymous_45)
FN:663,(anonymous_46)
FN:664,(anonymous_47)
FN:674,(anonymous_48)
FN:694,(anonymous_49)
FN:695,(anonymous_50)
FN:707,(anonymous_51)
FN:708,(anonymous_52)
FN:732,(anonymous_53)
FN:755,(anonymous_54)
FN:763,(anonymous_55)
FN:781,(anonymous_56)
FN:787,(anonymous_57)
FNF:56
FNH:0
FNDA:0,PanelSistemaLlamadas
FNDA:0,(anonymous_3)
FNDA:0,(anonymous_4)
FNDA:0,(anonymous_5)
FNDA:0,(anonymous_6)
FNDA:0,(anonymous_7)
FNDA:0,(anonymous_8)
FNDA:0,(anonymous_9)
FNDA:0,(anonymous_10)
FNDA:0,(anonymous_11)
FNDA:0,(anonymous_12)
FNDA:0,(anonymous_13)
FNDA:0,(anonymous_14)
FNDA:0,(anonymous_15)
FNDA:0,(anonymous_16)
FNDA:0,(anonymous_17)
FNDA:0,(anonymous_18)
FNDA:0,(anonymous_19)
FNDA:0,(anonymous_20)
FNDA:0,(anonymous_21)
FNDA:0,(anonymous_22)
FNDA:0,(anonymous_23)
FNDA:0,(anonymous_24)
FNDA:0,(anonymous_25)
FNDA:0,(anonymous_26)
FNDA:0,(anonymous_27)
FNDA:0,(anonymous_28)
FNDA:0,(anonymous_29)
FNDA:0,(anonymous_30)
FNDA:0,(anonymous_31)
FNDA:0,(anonymous_32)
FNDA:0,(anonymous_33)
FNDA:0,(anonymous_34)
FNDA:0,(anonymous_35)
FNDA:0,(anonymous_36)
FNDA:0,(anonymous_37)
FNDA:0,(anonymous_38)
FNDA:0,(anonymous_39)
FNDA:0,(anonymous_40)
FNDA:0,(anonymous_41)
FNDA:0,(anonymous_42)
FNDA:0,(anonymous_43)
FNDA:0,(anonymous_44)
FNDA:0,(anonymous_45)
FNDA:0,(anonymous_46)
FNDA:0,(anonymous_47)
FNDA:0,(anonymous_48)
FNDA:0,(anonymous_49)
FNDA:0,(anonymous_50)
FNDA:0,(anonymous_51)
FNDA:0,(anonymous_52)
FNDA:0,(anonymous_53)
FNDA:0,(anonymous_54)
FNDA:0,(anonymous_55)
FNDA:0,(anonymous_56)
FNDA:0,(anonymous_57)
DA:4,0
DA:7,0
DA:8,0
DA:9,0
DA:10,0
DA:11,0
DA:12,0
DA:13,0
DA:14,0
DA:15,0
DA:17,0
DA:18,0
DA:26,0
DA:90,0
DA:158,0
DA:267,0
DA:295,0
DA:297,0
DA:298,0
DA:299,0
DA:300,0
DA:302,0
DA:303,0
DA:308,0
DA:312,0
DA:314,0
DA:317,0
DA:318,0
DA:319,0
DA:321,0
DA:322,0
DA:323,0
DA:325,0
DA:326,0
DA:327,0
DA:329,0
DA:333,0
DA:334,0
DA:335,0
DA:341,0
DA:342,0
DA:343,0
DA:344,0
DA:345,0
DA:349,0
DA:350,0
DA:351,0
DA:353,0
DA:354,0
DA:355,0
DA:357,0
DA:358,0
DA:363,0
DA:364,0
DA:365,0
DA:366,0
DA:367,0
DA:368,0
DA:369,0
DA:370,0
DA:371,0
DA:372,0
DA:373,0
DA:380,0
DA:382,0
DA:383,0
DA:388,0
DA:389,0
DA:390,0
DA:391,0
DA:392,0
DA:393,0
DA:395,0
DA:396,0
DA:397,0
DA:399,0
DA:400,0
DA:404,0
DA:405,0
DA:406,0
DA:407,0
DA:411,0
DA:412,0
DA:415,0
DA:416,0
DA:417,0
DA:418,0
DA:420,0
DA:421,0
DA:422,0
DA:426,0
DA:427,0
DA:434,0
DA:435,0
DA:436,0
DA:439,0
DA:441,0
DA:442,0
DA:445,0
DA:446,0
DA:447,0
DA:448,0
DA:450,0
DA:454,0
DA:457,0
DA:459,0
DA:460,0
DA:463,0
DA:466,0
DA:467,0
DA:469,0
DA:470,0
DA:474,0
DA:475,0
DA:479,0
DA:480,0
DA:481,0
DA:483,0
DA:484,0
DA:485,0
DA:494,0
DA:496,0
DA:499,0
DA:502,0
DA:507,0
DA:508,0
DA:509,0
DA:510,0
DA:511,0
DA:512,0
DA:513,0
DA:514,0
DA:519,0
DA:525,0
DA:526,0
DA:527,0
DA:528,0
DA:529,0
DA:530,0
DA:531,0
DA:539,0
DA:540,0
DA:541,0
DA:544,0
DA:545,0
DA:546,0
DA:547,0
DA:553,0
DA:558,0
DA:559,0
DA:560,0
DA:563,0
DA:564,0
DA:565,0
DA:568,0
DA:569,0
DA:572,0
DA:574,0
DA:575,0
DA:581,0
DA:582,0
DA:590,0
DA:613,0
DA:619,0
DA:633,0
DA:637,0
DA:638,0
DA:639,0
DA:641,0
DA:645,0
DA:651,0
DA:663,0
DA:664,0
DA:665,0
DA:670,0
DA:672,0
DA:675,0
DA:681,0
DA:694,0
DA:696,0
DA:697,0
DA:704,0
DA:707,0
DA:708,0
DA:732,0
DA:743,0
DA:755,0
DA:764,0
DA:765,0
DA:781,0
DA:787,0
LF:191
LH:0
BRDA:321,0,0,0
BRDA:321,0,1,0
BRDA:323,1,0,0
BRDA:323,1,1,0
BRDA:331,2,0,0
BRDA:331,2,1,0
BRDA:353,3,0,0
BRDA:353,3,1,0
BRDA:354,4,0,0
BRDA:354,4,1,0
BRDA:357,5,0,0
BRDA:366,6,0,0
BRDA:366,6,1,0
BRDA:366,7,0,0
BRDA:366,7,1,0
BRDA:383,8,0,0
BRDA:390,9,0,0
BRDA:390,9,1,0
BRDA:390,10,0,0
BRDA:390,10,1,0
BRDA:390,10,2,0
BRDA:392,11,0,0
BRDA:392,11,1,0
BRDA:399,12,0,0
BRDA:404,13,0,0
BRDA:416,14,0,0
BRDA:422,15,0,0
BRDA:423,16,0,0
BRDA:423,16,1,0
BRDA:426,17,0,0
BRDA:435,18,0,0
BRDA:446,19,0,0
BRDA:450,20,0,0
BRDA:451,21,0,0
BRDA:451,21,1,0
BRDA:459,22,0,0
BRDA:459,23,0,0
BRDA:459,23,1,0
BRDA:474,24,0,0
BRDA:474,24,1,0
BRDA:475,25,0,0
BRDA:475,25,1,0
BRDA:479,26,0,0
BRDA:479,26,1,0
BRDA:485,27,0,0
BRDA:485,27,1,0
BRDA:508,28,0,0
BRDA:508,28,1,0
BRDA:508,29,0,0
BRDA:508,29,1,0
BRDA:511,30,0,0
BRDA:514,31,0,0
BRDA:514,31,1,0
BRDA:528,32,0,0
BRDA:531,33,0,0
BRDA:531,33,1,0
BRDA:540,34,0,0
BRDA:540,34,1,0
BRDA:540,35,0,0
BRDA:540,35,1,0
BRDA:547,36,0,0
BRDA:547,36,1,0
BRDA:582,37,0,0
BRDA:582,37,1,0
BRDA:613,38,0,0
BRDA:645,39,0,0
BRDA:665,40,0,0
BRDA:665,40,1,0
BRDA:681,41,0,0
BRDA:685,42,0,0
BRDA:685,42,1,0
BRDA:704,43,0,0
BRDA:764,44,0,0
BRF:73
BRH:0
end_of_record
TN:
SF:src\components\ProtectedRoute.tsx
FN:12,ProtectedRoute
FN:16,(anonymous_2)
FNF:2
FNH:0
FNDA:0,ProtectedRoute
FNDA:0,(anonymous_2)
DA:3,0
DA:4,0
DA:5,0
DA:6,0
DA:12,0
DA:13,0
DA:14,0
DA:16,0
DA:17,0
DA:18,0
DA:22,0
DA:31,0
DA:32,0
LF:13
LH:0
BRDA:17,0,0,0
BRDA:17,1,0,0
BRDA:17,1,1,0
BRDA:22,2,0,0
BRDA:31,3,0,0
BRF:5
BRH:0
end_of_record
TN:
SF:src\components\RegisterForm.tsx
FN:20,RegisterForm
FN:29,(anonymous_2)
FN:136,(anonymous_3)
FN:166,(anonymous_4)
FNF:4
FNH:0
FNDA:0,RegisterForm
FNDA:0,(anonymous_2)
FNDA:0,(anonymous_3)
FNDA:0,(anonymous_4)
DA:3,0
DA:4,0
DA:5,0
DA:6,0
DA:7,0
DA:8,0
DA:9,0
DA:10,0
DA:11,0
DA:20,0
DA:21,0
DA:22,0
DA:23,0
DA:24,0
DA:26,0
DA:27,0
DA:29,0
DA:30,0
DA:31,0
DA:33,0
DA:34,0
DA:35,0
DA:36,0
DA:37,0
DA:40,0
DA:46,0
DA:47,0
DA:49,0
DA:52,0
DA:53,0
DA:55,0
DA:136,0
DA:166,0
LF:33
LH:0
BRDA:34,0,0,0
BRDA:46,1,0,0
BRDA:46,1,1,0
BRDA:81,2,0,0
BRDA:81,2,1,0
BRDA:83,3,0,0
BRDA:101,4,0,0
BRDA:101,4,1,0
BRDA:103,5,0,0
BRDA:121,6,0,0
BRDA:121,6,1,0
BRDA:123,7,0,0
BRDA:136,8,0,0
BRDA:136,8,1,0
BRDA:138,9,0,0
BRDA:138,9,1,0
BRDA:140,10,0,0
BRDA:145,11,0,0
BRDA:152,12,0,0
BRDA:152,12,1,0
BRF:20
BRH:0
end_of_record
TN:
SF:src\components\ReportFilter.tsx
FN:29,ReportFilter
FN:42,(anonymous_2)
FN:47,(anonymous_3)
FN:59,(anonymous_4)
FN:113,(anonymous_5)
FNF:5
FNH:0
FNDA:0,ReportFilter
FNDA:0,(anonymous_2)
FNDA:0,(anonymous_3)
FNDA:0,(anonymous_4)
FNDA:0,(anonymous_5)
DA:3,0
DA:4,0
DA:5,0
DA:6,0
DA:13,0
DA:21,0
DA:22,0
DA:23,0
DA:29,0
DA:30,0
DA:31,0
DA:35,0
DA:36,0
DA:39,0
DA:42,0
DA:43,0
DA:47,0
DA:48,0
DA:50,0
DA:51,0
DA:52,0
DA:53,0
DA:55,0
DA:59,0
DA:60,0
DA:61,0
DA:62,0
DA:63,0
DA:65,0
DA:114,0
LF:30
LH:0
BRDA:50,0,0,0
BRDA:51,1,0,0
BRDA:52,2,0,0
BRDA:53,3,0,0
BRDA:90,4,0,0
BRDA:98,5,0,0
BRDA:162,6,0,0
BRF:7
BRH:0
end_of_record
TN:
SF:src\components\ReportsView.tsx
FN:16,ReportsView
FN:42,(anonymous_2)
FN:47,(anonymous_3)
FN:82,(anonymous_4)
FNF:4
FNH:0
FNDA:0,ReportsView
FNDA:0,(anonymous_2)
FNDA:0,(anonymous_3)
FNDA:0,(anonymous_4)
DA:3,0
DA:4,0
DA:5,0
DA:6,0
DA:7,0
DA:8,0
DA:9,0
DA:10,0
DA:11,0
DA:12,0
DA:13,0
DA:14,0
DA:16,0
DA:17,0
DA:18,0
DA:31,0
DA:39,0
DA:42,0
DA:43,0
DA:47,0
DA:48,0
DA:50,0
DA:52,0
DA:53,0
DA:56,0
DA:57,0
DA:60,0
DA:61,0
DA:65,0
DA:68,0
DA:69,0
DA:72,0
DA:74,0
DA:76,0
DA:77,0
DA:82,0
DA:83,0
DA:84,0
DA:85,0
LF:39
LH:0
BRDA:52,0,0,0
BRDA:56,1,0,0
BRDA:60,2,0,0
BRDA:68,3,0,0
BRDA:68,3,1,0
BRF:5
BRH:0
end_of_record
TN:
SF:src\components\auth\ProtectedRoute.tsx
FN:13,ProtectedRoute
FN:23,(anonymous_2)
FN:24,(anonymous_3)
FN:50,(anonymous_4)
FN:71,(anonymous_5)
FN:82,(anonymous_6)
FNF:6
FNH:0
FNDA:0,ProtectedRoute
FNDA:0,(anonymous_2)
FNDA:0,(anonymous_3)
FNDA:0,(anonymous_4)
FNDA:0,(anonymous_5)
FNDA:0,(anonymous_6)
DA:3,0
DA:4,0
DA:5,0
DA:6,0
DA:13,0
DA:17,0
DA:18,0
DA:19,0
DA:20,0
DA:21,0
DA:23,0
DA:24,0
DA:25,0
DA:27,0
DA:29,0
DA:31,0
DA:32,0
DA:33,0
DA:36,0
DA:39,0
DA:40,0
DA:41,0
DA:42,0
DA:46,0
DA:47,0
DA:50,0
DA:52,0
DA:54,0
DA:55,0
DA:58,0
DA:59,0
DA:61,0
DA:62,0
DA:63,0
DA:67,0
DA:70,0
DA:72,0
DA:73,0
DA:74,0
DA:75,0
DA:76,0
DA:77,0
DA:82,0
DA:83,0
DA:88,0
DA:98,0
DA:103,0
LF:47
LH:0
BRDA:15,0,0,0
BRDA:29,1,0,0
BRDA:29,2,0,0
BRDA:29,2,1,0
BRDA:39,3,0,0
BRDA:47,4,0,0
BRDA:47,4,1,0
BRDA:52,5,0,0
BRDA:72,6,0,0
BRDA:72,6,1,0
BRDA:75,7,0,0
BRDA:75,8,0,0
BRDA:75,8,1,0
BRDA:88,9,0,0
BRDA:98,10,0,0
BRDA:98,11,0,0
BRDA:98,11,1,0
BRF:17
BRH:0
end_of_record
TN:
SF:src\components\auth\UserProfile.tsx
FN:26,UserProfile
FN:31,(anonymous_2)
FN:32,(anonymous_3)
FN:60,(anonymous_4)
FN:69,(anonymous_5)
FN:74,(anonymous_6)
FN:99,(anonymous_7)
FN:108,(anonymous_8)
FN:138,(anonymous_9)
FN:142,(anonymous_10)
FNF:10
FNH:0
FNDA:0,UserProfile
FNDA:0,(anonymous_2)
FNDA:0,(anonymous_3)
FNDA:0,(anonymous_4)
FNDA:0,(anonymous_5)
FNDA:0,(anonymous_6)
FNDA:0,(anonymous_7)
FNDA:0,(anonymous_8)
FNDA:0,(anonymous_9)
FNDA:0,(anonymous_10)
DA:3,0
DA:4,0
DA:12,0
DA:13,0
DA:14,0
DA:15,0
DA:16,0
DA:17,0
DA:26,0
DA:27,0
DA:28,0
DA:29,0
DA:31,0
DA:32,0
DA:33,0
DA:34,0
DA:36,0
DA:37,0
DA:38,0
DA:39,0
DA:42,0
DA:49,0
DA:50,0
DA:52,0
DA:56,0
DA:59,0
DA:61,0
DA:62,0
DA:63,0
DA:64,0
DA:69,0
DA:70,0
DA:74,0
DA:75,0
DA:76,0
DA:77,0
DA:80,0
DA:82,0
DA:83,0
DA:89,0
DA:97,0
DA:99,0
DA:105,0
DA:108,0
DA:138,0
DA:142,0
LF:46
LH:0
BRDA:36,0,0,0
BRDA:36,1,0,0
BRDA:36,1,1,0
BRDA:44,2,0,0
BRDA:44,2,1,0
BRDA:61,3,0,0
BRDA:61,3,1,0
BRDA:63,4,0,0
BRDA:63,5,0,0
BRDA:63,5,1,0
BRDA:89,6,0,0
BRDA:97,7,0,0
BRDA:105,8,0,0
BRDA:105,8,1,0
BRDA:123,9,0,0
BRDA:123,9,1,0
BRF:16
BRH:0
end_of_record
TN:
SF:src\components\ui\alert-dialog.tsx
FNF:0
FNH:0
DA:3,3
DA:4,3
DA:6,3
DA:7,3
DA:9,3
DA:11,3
DA:13,3
DA:28,3
DA:46,3
DA:60,3
DA:74,3
DA:86,3
DA:98,3
DA:111,3
DA:127,3
DA:130,24
DA:131,0
DA:132,0
DA:133,24
DA:134,24
DA:135,24
DA:136,24
DA:137,24
DA:138,24
DA:139,24
DA:140,24
LF:26
LH:24
BRF:0
BRH:0
end_of_record
TN:
SF:src\components\ui\alert.tsx
FNF:0
FNH:0
DA:3,1
DA:4,1
DA:5,1
DA:7,1
DA:34,1
DA:46,1
DA:58,1
DA:60,0
LF:8
LH:7
BRF:0
BRH:0
end_of_record
TN:
SF:src\components\ui\avatar.tsx
FNF:0
FNH:0
DA:3,0
DA:4,0
DA:6,0
DA:21,0
DA:33,0
DA:48,0
DA:50,0
LF:7
LH:0
BRF:0
BRH:0
end_of_record
TN:
SF:src\components\ui\badge.tsx
FN:30,Badge
FNF:1
FNH:0
FNDA:0,Badge
DA:1,3
DA:2,3
DA:4,3
DA:6,3
DA:36,0
LF:5
LH:4
BRF:0
BRH:0
end_of_record
TN:
SF:src\components\ui\button.tsx
FN:38,Button
FNF:1
FNH:1
FNDA:108,Button
DA:1,4
DA:2,4
DA:3,4
DA:5,4
DA:7,4
DA:48,108
DA:59,156
LF:7
LH:7
BRDA:42,0,0,108
BRDA:48,1,0,0
BRDA:48,1,1,108
BRF:3
BRH:2
end_of_record
TN:
SF:src\components\ui\card.tsx
FN:5,Card
FN:18,CardHeader
FN:31,CardTitle
FN:41,CardDescription
FN:51,CardAction
FN:64,CardContent
FN:74,CardFooter
FNF:7
FNH:5
FNDA:29,Card
FNDA:29,CardHeader
FNDA:29,CardTitle
FNDA:0,CardDescription
FNDA:0,CardAction
FNDA:29,CardContent
FNDA:29,CardFooter
DA:1,3
DA:3,3
DA:85,53
DA:86,53
DA:87,29
DA:88,53
DA:89,0
DA:90,0
DA:91,53
LF:9
LH:7
BRF:0
BRH:0
end_of_record
TN:
SF:src\components\ui\dialog.tsx
FNF:0
FNH:0
DA:3,0
DA:4,0
DA:5,0
DA:7,0
DA:9,0
DA:11,0
DA:13,0
DA:15,0
DA:30,0
DA:54,0
DA:68,0
DA:82,0
DA:97,0
DA:109,0
DA:112,0
LF:15
LH:0
BRF:0
BRH:0
end_of_record
TN:
SF:src\components\ui\dropdown-menu.tsx
FN:171,(anonymous_27)
FNF:1
FNH:0
FNDA:0,(anonymous_27)
DA:3,0
DA:4,0
DA:5,0
DA:7,0
DA:9,0
DA:11,0
DA:13,0
DA:15,0
DA:17,0
DA:19,0
DA:40,0
DA:56,0
DA:75,0
DA:93,0
DA:116,0
DA:139,0
DA:157,0
DA:169,0
DA:171,0
DA:182,0
DA:185,0
DA:186,0
DA:187,0
DA:188,0
LF:24
LH:0
BRDA:31,0,0,0
BRDA:31,0,1,0
BRDA:62,1,0,0
BRDA:87,2,0,0
BRDA:87,2,1,0
BRDA:151,3,0,0
BRDA:151,3,1,0
BRF:7
BRH:0
end_of_record
TN:
SF:src\components\ui\form.tsx
FN:32,(anonymous_12)
FN:45,(anonymous_13)
FN:76,FormItem
FN:90,FormLabel
FN:107,FormControl
FN:125,FormDescription
FN:138,FormMessage
FNF:7
FNH:6
FNDA:116,(anonymous_12)
FNDA:518,(anonymous_13)
FNDA:158,FormItem
FNDA:196,FormLabel
FNDA:161,FormControl
FNDA:0,FormDescription
FNDA:161,FormMessage
DA:3,2
DA:5,2
DA:14,2
DA:16,2
DA:17,2
DA:19,2
DA:28,2
DA:32,2
DA:45,2
DA:46,518
DA:47,518
DA:48,518
DA:49,518
DA:50,518
DA:52,518
DA:53,0
DA:56,518
DA:58,518
DA:72,2
DA:77,158
DA:94,196
DA:108,161
DA:126,0
DA:139,161
DA:140,161
DA:142,161
DA:143,161
DA:159,0
DA:160,29
DA:161,161
DA:162,190
DA:163,161
DA:164,0
DA:165,161
DA:166,116
LF:35
LH:31
BRDA:52,0,0,0
BRDA:115,1,0,161
BRDA:115,1,1,0
BRDA:140,2,0,0
BRDA:140,2,1,161
BRDA:140,3,0,0
BRDA:140,3,1,0
BRDA:142,4,0,161
BRF:8
BRH:3
end_of_record
TN:
SF:src\components\ui\input.tsx
FN:5,Input
FNF:1
FNH:1
FNDA:173,Input
DA:1,3
DA:3,3
DA:21,173
LF:3
LH:3
BRF:0
BRH:0
end_of_record
TN:
SF:src\components\ui\label.tsx
FN:8,Label
FNF:1
FNH:1
FNDA:196,Label
DA:3,2
DA:4,2
DA:6,2
DA:24,196
LF:4
LH:4
BRF:0
BRH:0
end_of_record
TN:
SF:src\components\ui\pagination.tsx
FNF:0
FNH:0
DA:3,2
DA:4,2
DA:6,2
DA:7,2
DA:20,2
DA:32,2
DA:40,2
DA:65,2
DA:81,2
DA:97,2
DA:112,2
DA:115,0
DA:116,0
DA:117,0
DA:118,0
DA:119,0
DA:120,0
DA:121,0
LF:18
LH:11
BRDA:50,0,0,0
BRDA:54,1,0,0
BRDA:54,1,1,0
BRDA:57,2,0,0
BRDA:57,2,1,0
BRF:5
BRH:0
end_of_record
TN:
SF:src\components\ui\progress.tsx
FNF:0
FNH:0
DA:3,1
DA:4,1
DA:6,1
DA:26,1
DA:28,0
LF:5
LH:4
BRDA:22,0,0,0
BRDA:22,0,1,0
BRF:2
BRH:0
end_of_record
TN:
SF:src\components\ui\select.tsx
FNF:0
FNH:0
DA:3,0
DA:4,0
DA:5,0
DA:7,0
DA:9,0
DA:11,0
DA:13,0
DA:33,0
DA:50,0
DA:67,0
DA:100,0
DA:112,0
DA:135,0
DA:147,0
DA:150,0
DA:151,0
DA:152,0
DA:153,0
DA:154,0
DA:155,0
DA:156,0
DA:157,0
DA:158,0
DA:159,0
LF:24
LH:0
BRDA:73,0,0,0
BRDA:79,1,0,0
BRDA:79,1,1,0
BRDA:90,2,0,0
BRDA:90,2,1,0
BRF:5
BRH:0
end_of_record
TN:
SF:src\components\ui\skeleton.tsx
FN:3,Skeleton
FNF:1
FNH:1
FNDA:420,Skeleton
DA:1,2
DA:15,420
LF:2
LH:2
BRF:0
BRH:0
end_of_record
TN:
SF:src\components\ui\table.tsx
FNF:0
FNH:0
DA:1,2
DA:3,2
DA:17,2
DA:25,2
DA:37,2
DA:52,2
DA:67,2
DA:82,2
DA:94,2
DA:106,2
DA:109,12
DA:110,12
DA:111,12
DA:112,0
DA:113,60
DA:114,72
DA:115,300
DA:116,0
LF:18
LH:16
BRF:0
BRH:0
end_of_record
TN:
SF:src\components\ui\tabs.tsx
FNF:0
FNH:0
DA:3,0
DA:4,0
DA:6,0
DA:8,0
DA:23,0
DA:38,0
DA:53,0
DA:55,0
LF:8
LH:0
BRF:0
BRH:0
end_of_record
TN:
SF:src\components\ui\textarea.tsx
FN:8,(anonymous_4)
FNF:1
FNH:1
FNDA:29,(anonymous_4)
DA:1,2
DA:3,2
DA:5,2
DA:20,2
DA:22,29
LF:5
LH:5
BRF:0
BRH:0
end_of_record
TN:
SF:src\components\ui\toast-provider.tsx
FN:5,ToastProvider
FNF:1
FNH:0
FNDA:0,ToastProvider
DA:3,0
DA:5,0
LF:2
LH:0
BRF:0
BRH:0
end_of_record
TN:
SF:src\components\ui\tooltip.tsx
FNF:0
FNH:0
DA:3,0
DA:4,0
DA:6,0
DA:8,0
DA:10,0
DA:12,0
DA:28,0
DA:30,0
LF:8
LH:0
BRDA:17,0,0,0
BRF:1
BRH:0
end_of_record
TN:
SF:src\contexts\AuthContext.tsx
FN:17,AuthProvider
FN:22,(anonymous_4)
FN:24,(anonymous_5)
FN:38,(anonymous_6)
FN:52,(anonymous_7)
FN:66,(anonymous_8)
FN:85,useAuth
FNF:7
FNH:0
FNDA:0,AuthProvider
FNDA:0,(anonymous_4)
FNDA:0,(anonymous_5)
FNDA:0,(anonymous_6)
FNDA:0,(anonymous_7)
FNDA:0,(anonymous_8)
FNDA:0,useAuth
DA:3,0
DA:4,0
DA:5,0
DA:15,0
DA:17,0
DA:18,0
DA:19,0
DA:20,0
DA:22,0
DA:24,0
DA:25,0
DA:26,0
DA:27,0
DA:29,0
DA:31,0
DA:35,0
DA:38,0
DA:39,0
DA:40,0
DA:41,0
DA:42,0
DA:43,0
DA:45,0
DA:47,0
DA:48,0
DA:52,0
DA:53,0
DA:54,0
DA:55,0
DA:56,0
DA:57,0
DA:59,0
DA:61,0
DA:62,0
DA:66,0
DA:67,0
DA:68,0
DA:69,0
DA:70,0
DA:71,0
DA:74,0
DA:85,0
DA:86,0
DA:87,0
DA:88,0
DA:90,0
LF:46
LH:0
BRDA:41,0,0,0
BRDA:55,1,0,0
BRDA:69,2,0,0
BRDA:87,3,0,0
BRF:4
BRH:0
end_of_record
TN:
SF:src\lib\supabase.ts
FNF:0
FNH:0
DA:1,0
DA:3,0
DA:4,0
DA:6,0
DA:7,0
DA:12,0
LF:6
LH:0
BRDA:3,0,0,0
BRDA:3,0,1,0
BRDA:4,1,0,0
BRDA:4,1,1,0
BRDA:6,2,0,0
BRDA:6,3,0,0
BRDA:6,3,1,0
BRF:7
BRH:0
end_of_record
TN:
SF:src\lib\utils.ts
FN:4,cn
FNF:1
FNH:1
FNDA:1893,cn
DA:1,4
DA:2,4
DA:4,1893
DA:5,1893
LF:4
LH:4
BRF:0
BRH:0
end_of_record
TN:
SF:src\lib\validations\call.ts
FN:25,(anonymous_5)
FN:57,(anonymous_6)
FNF:2
FNH:0
FNDA:0,(anonymous_5)
FNDA:0,(anonymous_6)
DA:1,0
DA:2,0
DA:5,0
DA:8,0
DA:25,0
DA:31,0
DA:51,0
DA:57,0
DA:63,0
LF:9
LH:0
BRF:0
BRH:0
end_of_record
TN:
SF:src\lib\validations\campaign.ts
FN:15,(anonymous_4)
FN:32,(anonymous_5)
FN:40,(anonymous_6)
FNF:3
FNH:0
FNDA:0,(anonymous_4)
FNDA:0,(anonymous_5)
FNDA:0,(anonymous_6)
DA:1,0
DA:4,0
DA:15,0
DA:32,0
DA:40,0
DA:95,0
DA:102,0
LF:7
LH:0
BRF:0
BRH:0
end_of_record
TN:
SF:src\lib\validations\contact.ts
FN:54,(anonymous_5)
FN:57,(anonymous_6)
FN:61,(anonymous_7)
FNF:3
FNH:0
FNDA:0,(anonymous_5)
FNDA:0,(anonymous_6)
FNDA:0,(anonymous_7)
DA:1,0
DA:4,0
DA:7,0
DA:35,0
DA:38,0
DA:51,0
DA:54,0
DA:57,0
DA:62,0
DA:63,0
LF:10
LH:0
BRF:0
BRH:0
end_of_record
TN:
SF:src\providers\QueryProvider.tsx
FN:12,(anonymous_4)
FN:15,(anonymous_5)
FNF:2
FNH:0
FNDA:0,(anonymous_4)
FNDA:0,(anonymous_5)
DA:3,0
DA:4,0
DA:12,0
DA:14,0
DA:16,0
DA:37,0
LF:6
LH:0
BRF:0
BRH:0
end_of_record
TN:
SF:src\services\apiService.ts
FN:21,(anonymous_2)
FN:33,(anonymous_3)
FN:40,(anonymous_4)
FN:45,(anonymous_5)
FN:46,(anonymous_6)
FN:54,(anonymous_7)
FN:78,(anonymous_8)
FN:83,(anonymous_9)
FN:88,(anonymous_10)
FN:93,(anonymous_11)
FN:98,(anonymous_12)
FNF:11
FNH:0
FNDA:0,(anonymous_2)
FNDA:0,(anonymous_3)
FNDA:0,(anonymous_4)
FNDA:0,(anonymous_5)
FNDA:0,(anonymous_6)
FNDA:0,(anonymous_7)
FNDA:0,(anonymous_8)
FNDA:0,(anonymous_9)
FNDA:0,(anonymous_10)
FNDA:0,(anonymous_11)
FNDA:0,(anonymous_12)
DA:1,0
DA:2,0
DA:22,0
DA:24,0
DA:32,0
DA:34,0
DA:35,0
DA:36,0
DA:38,0
DA:40,0
DA:44,0
DA:45,0
DA:47,0
DA:48,0
DA:55,0
DA:57,0
DA:59,0
DA:60,0
DA:61,0
DA:62,0
DA:65,0
DA:69,0
DA:72,0
DA:73,0
DA:79,0
DA:80,0
DA:84,0
DA:85,0
DA:89,0
DA:90,0
DA:94,0
DA:95,0
DA:99,0
DA:100,0
DA:105,0
LF:35
LH:0
BRDA:22,0,0,0
BRDA:22,0,1,0
BRDA:35,1,0,0
BRDA:35,2,0,0
BRDA:35,2,1,0
BRDA:57,3,0,0
BRDA:65,4,0,0
BRDA:65,4,1,0
BRDA:65,5,0,0
BRDA:65,5,1,0
BRDA:65,5,2,0
BRDA:72,6,0,0
BRF:12
BRH:0
end_of_record
TN:
SF:src\services\authService.ts
FN:29,(anonymous_1)
FN:71,(anonymous_2)
FN:123,(anonymous_3)
FN:143,(anonymous_4)
FN:173,(anonymous_5)
FNF:5
FNH:0
FNDA:0,(anonymous_1)
FNDA:0,(anonymous_2)
FNDA:0,(anonymous_3)
FNDA:0,(anonymous_4)
FNDA:0,(anonymous_5)
DA:1,0
DA:2,0
DA:5,0
DA:6,0
DA:7,0
DA:27,0
DA:30,0
DA:31,0
DA:36,0
DA:37,0
DA:38,0
DA:39,0
DA:42,0
DA:43,0
DA:44,0
DA:48,0
DA:54,0
DA:61,0
DA:62,0
DA:64,0
DA:65,0
DA:66,0
DA:72,0
DA:73,0
DA:78,0
DA:79,0
DA:80,0
DA:81,0
DA:84,0
DA:85,0
DA:86,0
DA:90,0
DA:101,0
DA:102,0
DA:103,0
DA:106,0
DA:113,0
DA:114,0
DA:116,0
DA:117,0
DA:118,0
DA:124,0
DA:125,0
DA:127,0
DA:128,0
DA:129,0
DA:130,0
DA:133,0
DA:134,0
DA:136,0
DA:137,0
DA:138,0
DA:144,0
DA:145,0
DA:147,0
DA:148,0
DA:152,0
DA:158,0
DA:165,0
DA:167,0
DA:168,0
DA:174,0
DA:175,0
LF:63
LH:0
BRDA:5,0,0,0
BRDA:5,0,1,0
BRDA:6,1,0,0
BRDA:6,1,1,0
BRDA:36,2,0,0
BRDA:42,3,0,0
BRDA:56,4,0,0
BRDA:56,4,1,0
BRDA:78,5,0,0
BRDA:84,6,0,0
BRDA:101,7,0,0
BRDA:108,8,0,0
BRDA:108,8,1,0
BRDA:127,9,0,0
BRDA:147,10,0,0
BRDA:160,11,0,0
BRDA:160,11,1,0
BRF:17
BRH:0
end_of_record
TN:
SF:src\services\callService.ts
FN:9,(anonymous_9)
FN:23,(anonymous_10)
FN:43,(anonymous_11)
FN:61,(anonymous_12)
FN:78,(anonymous_13)
FN:96,(anonymous_14)
FN:103,(anonymous_15)
FN:107,(anonymous_16)
FN:110,(anonymous_17)
FN:115,(anonymous_18)
FN:119,(anonymous_19)
FN:120,(anonymous_20)
FN:126,(anonymous_21)
FN:130,(anonymous_22)
FN:132,(anonymous_23)
FNF:15
FNH:0
FNDA:0,(anonymous_9)
FNDA:0,(anonymous_10)
FNDA:0,(anonymous_11)
FNDA:0,(anonymous_12)
FNDA:0,(anonymous_13)
FNDA:0,(anonymous_14)
FNDA:0,(anonymous_15)
FNDA:0,(anonymous_16)
FNDA:0,(anonymous_17)
FNDA:0,(anonymous_18)
FNDA:0,(anonymous_19)
FNDA:0,(anonymous_20)
FNDA:0,(anonymous_21)
FNDA:0,(anonymous_22)
FNDA:0,(anonymous_23)
DA:1,0
DA:3,0
DA:6,0
DA:9,0
DA:15,0
DA:23,0
DA:24,0
DA:25,0
DA:29,0
DA:35,0
DA:36,0
DA:39,0
DA:43,0
DA:44,0
DA:53,0
DA:54,0
DA:57,0
DA:61,0
DA:62,0
DA:70,0
DA:71,0
DA:74,0
DA:78,0
DA:79,0
DA:88,0
DA:89,0
DA:92,0
DA:96,0
DA:101,0
DA:103,0
DA:107,0
DA:108,0
DA:110,0
DA:115,0
DA:116,0
DA:118,0
DA:119,0
DA:121,0
DA:126,0
DA:127,0
DA:129,0
DA:131,0
DA:133,0
LF:43
LH:0
BRDA:6,0,0,0
BRDA:6,0,1,0
BRDA:10,1,0,0
BRDA:11,2,0,0
BRDA:12,3,0,0
BRDA:24,4,0,0
BRDA:35,5,0,0
BRDA:53,6,0,0
BRDA:70,7,0,0
BRDA:88,8,0,0
BRDA:97,9,0,0
BRDA:98,10,0,0
BRDA:99,11,0,0
BRF:13
BRH:0
end_of_record
TN:
SF:src\services\campaignApi.ts
FN:8,(anonymous_2)
FN:19,(anonymous_3)
FN:30,(anonymous_4)
FN:41,(anonymous_5)
FN:52,(anonymous_6)
FN:62,(anonymous_7)
FNF:6
FNH:0
FNDA:0,(anonymous_2)
FNDA:0,(anonymous_3)
FNDA:0,(anonymous_4)
FNDA:0,(anonymous_5)
FNDA:0,(anonymous_6)
FNDA:0,(anonymous_7)
DA:1,0
DA:4,0
DA:6,0
DA:9,0
DA:10,0
DA:11,0
DA:13,0
DA:14,0
DA:20,0
DA:21,0
DA:22,0
DA:24,0
DA:25,0
DA:31,0
DA:32,0
DA:33,0
DA:35,0
DA:36,0
DA:42,0
DA:43,0
DA:44,0
DA:46,0
DA:47,0
DA:53,0
DA:54,0
DA:56,0
DA:57,0
DA:63,0
DA:64,0
DA:65,0
DA:67,0
DA:68,0
LF:32
LH:0
BRDA:4,0,0,0
BRDA:4,0,1,0
BRF:2
BRH:0
end_of_record
TN:
SF:src\services\campaignService.ts
FN:16,(anonymous_8)
FN:17,(anonymous_9)
FN:22,(anonymous_10)
FN:33,(anonymous_11)
FN:38,(anonymous_12)
FN:43,(anonymous_13)
FN:54,(anonymous_14)
FN:59,(anonymous_15)
FN:72,(anonymous_16)
FN:78,(anonymous_17)
FN:82,(anonymous_18)
FN:85,(anonymous_19)
FN:89,(anonymous_20)
FN:96,(anonymous_21)
FN:98,(anonymous_22)
FN:104,(anonymous_23)
FN:111,(anonymous_24)
FN:113,(anonymous_25)
FN:119,(anonymous_26)
FN:126,(anonymous_27)
FN:127,(anonymous_28)
FNF:21
FNH:5
FNDA:0,(anonymous_8)
FNDA:0,(anonymous_9)
FNDA:1,(anonymous_10)
FNDA:1,(anonymous_11)
FNDA:1,(anonymous_12)
FNDA:1,(anonymous_13)
FNDA:1,(anonymous_14)
FNDA:0,(anonymous_15)
FNDA:0,(anonymous_16)
FNDA:0,(anonymous_17)
FNDA:0,(anonymous_18)
FNDA:0,(anonymous_19)
FNDA:0,(anonymous_20)
FNDA:0,(anonymous_21)
FNDA:0,(anonymous_22)
FNDA:0,(anonymous_23)
FNDA:0,(anonymous_24)
FNDA:0,(anonymous_25)
FNDA:0,(anonymous_26)
FNDA:0,(anonymous_27)
FNDA:0,(anonymous_28)
DA:8,1
DA:9,1
DA:11,1
DA:14,1
DA:16,0
DA:18,0
DA:21,5
DA:26,1
DA:27,1
DA:30,1
DA:34,1
DA:35,1
DA:39,1
DA:40,1
DA:47,1
DA:51,1
DA:55,1
DA:56,1
DA:63,0
DA:66,0
DA:72,1
DA:76,0
DA:78,0
DA:82,1
DA:83,0
DA:85,0
DA:89,1
DA:94,0
DA:95,0
DA:97,0
DA:99,0
DA:104,1
DA:109,0
DA:110,0
DA:112,0
DA:114,0
DA:119,1
DA:124,0
DA:125,0
DA:126,0
DA:128,0
LF:41
LH:21
BRDA:11,0,0,1
BRDA:11,0,1,1
BRDA:23,1,0,0
BRDA:24,2,0,0
BRDA:73,3,0,0
BRDA:74,4,0,0
BRF:6
BRH:2
end_of_record
TN:
SF:src\services\contactService.ts
FN:23,(anonymous_13)
FN:26,(anonymous_14)
FN:27,(anonymous_15)
FN:34,(anonymous_16)
FN:46,(anonymous_17)
FN:51,(anonymous_18)
FN:56,(anonymous_19)
FN:61,(anonymous_20)
FN:66,(anonymous_21)
FN:74,(anonymous_22)
FN:79,(anonymous_23)
FN:84,(anonymous_24)
FN:96,(anonymous_25)
FN:114,(anonymous_26)
FN:126,(anonymous_27)
FN:133,(anonymous_28)
FN:137,(anonymous_29)
FN:140,(anonymous_30)
FN:145,(anonymous_31)
FN:149,(anonymous_32)
FN:151,(anonymous_33)
FN:157,(anonymous_34)
FN:161,(anonymous_35)
FN:163,(anonymous_36)
FN:170,(anonymous_37)
FN:174,(anonymous_38)
FN:175,(anonymous_39)
FN:181,(anonymous_40)
FN:184,(anonymous_41)
FN:188,(anonymous_42)
FN:192,(anonymous_43)
FN:194,(anonymous_44)
FN:200,(anonymous_45)
FN:204,(anonymous_46)
FN:206,(anonymous_47)
FN:212,(anonymous_48)
FN:216,(anonymous_49)
FN:217,(anonymous_50)
FN:223,(anonymous_51)
FN:225,(anonymous_52)
FNF:40
FNH:13
FNDA:0,(anonymous_13)
FNDA:0,(anonymous_14)
FNDA:0,(anonymous_15)
FNDA:14,(anonymous_16)
FNDA:2,(anonymous_17)
FNDA:2,(anonymous_18)
FNDA:2,(anonymous_19)
FNDA:2,(anonymous_20)
FNDA:0,(anonymous_21)
FNDA:0,(anonymous_22)
FNDA:0,(anonymous_23)
FNDA:0,(anonymous_24)
FNDA:2,(anonymous_25)
FNDA:1,(anonymous_26)
FNDA:16,(anonymous_27)
FNDA:12,(anonymous_28)
FNDA:0,(anonymous_29)
FNDA:0,(anonymous_30)
FNDA:29,(anonymous_31)
FNDA:0,(anonymous_32)
FNDA:0,(anonymous_33)
FNDA:29,(anonymous_34)
FNDA:0,(anonymous_35)
FNDA:0,(anonymous_36)
FNDA:16,(anonymous_37)
FNDA:0,(anonymous_38)
FNDA:0,(anonymous_39)
FNDA:0,(anonymous_40)
FNDA:0,(anonymous_41)
FNDA:0,(anonymous_42)
FNDA:0,(anonymous_43)
FNDA:0,(anonymous_44)
FNDA:0,(anonymous_45)
FNDA:0,(anonymous_46)
FNDA:0,(anonymous_47)
FNDA:0,(anonymous_48)
FNDA:0,(anonymous_49)
FNDA:0,(anonymous_50)
FNDA:6,(anonymous_51)
FNDA:0,(anonymous_52)
DA:6,4
DA:7,4
DA:18,4
DA:21,4
DA:23,0
DA:26,0
DA:27,0
DA:32,13
DA:39,14
DA:40,14
DA:42,14
DA:43,14
DA:47,2
DA:48,2
DA:52,2
DA:53,2
DA:57,2
DA:58,2
DA:62,2
DA:63,2
DA:67,0
DA:70,0
DA:75,0
DA:76,0
DA:80,0
DA:81,0
DA:88,0
DA:92,0
DA:99,2
DA:100,2
DA:102,2
DA:111,2
DA:115,1
DA:116,1
DA:120,1
DA:126,16
DA:131,16
DA:133,12
DA:137,4
DA:138,0
DA:140,0
DA:145,29
DA:146,29
DA:148,29
DA:150,0
DA:152,0
DA:157,29
DA:158,29
DA:160,29
DA:162,0
DA:164,0
DA:165,0
DA:170,16
DA:171,16
DA:173,16
DA:174,0
DA:176,0
DA:181,4
DA:182,0
DA:184,0
DA:188,4
DA:189,0
DA:191,0
DA:193,0
DA:195,0
DA:200,4
DA:201,0
DA:203,0
DA:205,0
DA:207,0
DA:212,4
DA:213,0
DA:215,0
DA:216,0
DA:218,0
DA:223,6
DA:224,6
DA:225,0
LF:78
LH:43
BRDA:18,0,0,4
BRDA:18,0,1,4
BRDA:35,1,0,0
BRDA:36,2,0,0
BRDA:66,3,0,0
BRDA:115,4,0,0
BRDA:115,4,1,1
BRDA:127,5,0,0
BRDA:128,6,0,0
BRF:9
BRH:3
end_of_record
TN:
SF:src\services\notificationService.ts
FN:21,(anonymous_1)
FN:80,(anonymous_2)
FN:87,(anonymous_3)
FN:94,(anonymous_4)
FN:101,(anonymous_5)
FN:108,(anonymous_6)
FN:133,(anonymous_7)
FN:140,(anonymous_8)
FNF:8
FNH:0
FNDA:0,(anonymous_1)
FNDA:0,(anonymous_2)
FNDA:0,(anonymous_3)
FNDA:0,(anonymous_4)
FNDA:0,(anonymous_5)
FNDA:0,(anonymous_6)
FNDA:0,(anonymous_7)
FNDA:0,(anonymous_8)
DA:1,0
DA:33,0
DA:36,0
DA:38,0
DA:47,0
DA:56,0
DA:66,0
DA:81,0
DA:88,0
DA:95,0
DA:102,0
DA:120,0
DA:134,0
DA:141,0
DA:145,0
LF:15
LH:0
BRDA:23,0,0,0
BRDA:32,1,0,0
BRDA:33,2,0,0
BRDA:33,2,1,0
BRDA:36,3,0,0
BRDA:36,3,1,0
BRDA:36,3,2,0
BRDA:36,3,3,0
BRDA:36,3,4,0
BRDA:121,4,0,0
BRDA:121,4,1,0
BRDA:122,5,0,0
BRDA:122,5,1,0
BRDA:123,6,0,0
BRDA:123,6,1,0
BRF:15
BRH:0
end_of_record
TN:
SF:src\services\reportService.ts
FN:9,(anonymous_9)
FN:43,(anonymous_10)
FN:69,(anonymous_11)
FN:110,(anonymous_12)
FN:125,(anonymous_13)
FN:128,(anonymous_14)
FN:132,(anonymous_15)
FN:135,(anonymous_16)
FN:139,(anonymous_17)
FN:146,(anonymous_18)
FN:150,(anonymous_19)
FN:153,(anonymous_20)
FNF:12
FNH:0
FNDA:0,(anonymous_9)
FNDA:0,(anonymous_10)
FNDA:0,(anonymous_11)
FNDA:0,(anonymous_12)
FNDA:0,(anonymous_13)
FNDA:0,(anonymous_14)
FNDA:0,(anonymous_15)
FNDA:0,(anonymous_16)
FNDA:0,(anonymous_17)
FNDA:0,(anonymous_18)
FNDA:0,(anonymous_19)
FNDA:0,(anonymous_20)
DA:1,0
DA:3,0
DA:6,0
DA:9,0
DA:11,0
DA:13,0
DA:14,0
DA:17,0
DA:18,0
DA:21,0
DA:22,0
DA:25,0
DA:26,0
DA:29,0
DA:35,0
DA:36,0
DA:39,0
DA:43,0
DA:45,0
DA:47,0
DA:48,0
DA:51,0
DA:52,0
DA:55,0
DA:61,0
DA:62,0
DA:65,0
DA:69,0
DA:75,0
DA:80,0
DA:81,0
DA:84,0
DA:85,0
DA:88,0
DA:89,0
DA:92,0
DA:93,0
DA:96,0
DA:102,0
DA:103,0
DA:106,0
DA:110,0
DA:111,0
DA:117,0
DA:118,0
DA:121,0
DA:125,0
DA:126,0
DA:128,0
DA:132,0
DA:133,0
DA:135,0
DA:139,0
DA:144,0
DA:146,0
DA:150,0
DA:151,0
DA:153,0
LF:58
LH:0
BRDA:6,0,0,0
BRDA:6,0,1,0
BRDA:9,1,0,0
BRDA:13,2,0,0
BRDA:17,3,0,0
BRDA:21,4,0,0
BRDA:25,5,0,0
BRDA:35,6,0,0
BRDA:43,7,0,0
BRDA:47,8,0,0
BRDA:51,9,0,0
BRDA:61,10,0,0
BRDA:70,11,0,0
BRDA:71,12,0,0
BRDA:72,13,0,0
BRDA:80,14,0,0
BRDA:84,15,0,0
BRDA:88,16,0,0
BRDA:92,17,0,0
BRDA:102,18,0,0
BRDA:117,19,0,0
BRDA:125,20,0,0
BRDA:132,21,0,0
BRDA:140,22,0,0
BRDA:141,23,0,0
BRDA:142,24,0,0
BRF:26
BRH:0
end_of_record
TN:
SF:src\types\call.ts
FN:1,(anonymous_1)
FNF:1
FNH:0
FNDA:0,(anonymous_1)
DA:1,0
LF:1
LH:0
BRDA:1,0,0,0
BRDA:1,0,1,0
BRF:2
BRH:0
end_of_record
